[1.125s] Invoking command in '/home/sergio/proyecto_final_ws/src/proyecto_master_pkg': COMP_WORDBREAKS=
"'><=;|&( PYTHONPATH=/home/sergio/proyecto_final_ws/src/build/proyecto_master_pkg/prefix_override:/home/sergio/proyecto_final_ws/src/install/proyecto_master_pkg/lib/python3.10/site-packages:${PYTHONPATH} /usr/bin/python3 setup.py egg_info --egg-base ../build/proyecto_master_pkg build --build-base /home/sergio/proyecto_final_ws/src/build/proyecto_master_pkg/build install --record /home/sergio/proyecto_final_ws/src/build/proyecto_master_pkg/install.log --single-version-externally-managed
[1.429s] running egg_info
[1.430s] creating ../build/proyecto_master_pkg/proyecto_master_pkg.egg-info
[1.430s] writing ../build/proyecto_master_pkg/proyecto_master_pkg.egg-info/PKG-INFO
[1.430s] writing dependency_links to ../build/proyecto_master_pkg/proyecto_master_pkg.egg-info/dependency_links.txt
[1.430s] writing entry points to ../build/proyecto_master_pkg/proyecto_master_pkg.egg-info/entry_points.txt
[1.430s] writing requirements to ../build/proyecto_master_pkg/proyecto_master_pkg.egg-info/requires.txt
[1.431s] writing top-level names to ../build/proyecto_master_pkg/proyecto_master_pkg.egg-info/top_level.txt
[1.431s] writing manifest file '../build/proyecto_master_pkg/proyecto_master_pkg.egg-info/SOURCES.txt'
[1.433s] reading manifest file '../build/proyecto_master_pkg/proyecto_master_pkg.egg-info/SOURCES.txt'
[1.433s] writing manifest file '../build/proyecto_master_pkg/proyecto_master_pkg.egg-info/SOURCES.txt'
[1.434s] running build
[1.434s] running build_py
[1.434s] creating /home/sergio/proyecto_final_ws/src/build/proyecto_master_pkg/build
[1.435s] creating /home/sergio/proyecto_final_ws/src/build/proyecto_master_pkg/build/lib
[1.435s] creating /home/sergio/proyecto_final_ws/src/build/proyecto_master_pkg/build/lib/proyecto_master_pkg
[1.435s] copying proyecto_master_pkg/master.py -> /home/sergio/proyecto_final_ws/src/build/proyecto_master_pkg/build/lib/proyecto_master_pkg
[1.435s] copying proyecto_master_pkg/__init__.py -> /home/sergio/proyecto_final_ws/src/build/proyecto_master_pkg/build/lib/proyecto_master_pkg
[1.435s] running install
[1.435s] running install_lib
[1.436s] creating /home/sergio/proyecto_final_ws/src/install/proyecto_master_pkg/lib/python3.10/site-packages/proyecto_master_pkg
[1.436s] copying /home/sergio/proyecto_final_ws/src/build/proyecto_master_pkg/build/lib/proyecto_master_pkg/master.py -> /home/sergio/proyecto_final_ws/src/install/proyecto_master_pkg/lib/python3.10/site-packages/proyecto_master_pkg
[1.436s] copying /home/sergio/proyecto_final_ws/src/build/proyecto_master_pkg/build/lib/proyecto_master_pkg/__init__.py -> /home/sergio/proyecto_final_ws/src/install/proyecto_master_pkg/lib/python3.10/site-packages/proyecto_master_pkg
[1.437s] byte-compiling /home/sergio/proyecto_final_ws/src/install/proyecto_master_pkg/lib/python3.10/site-packages/proyecto_master_pkg/master.py to master.cpython-310.pyc
[1.440s] byte-compiling /home/sergio/proyecto_final_ws/src/install/proyecto_master_pkg/lib/python3.10/site-packages/proyecto_master_pkg/__init__.py to __init__.cpython-310.pyc
[1.440s] running install_data
[1.440s] creating /home/sergio/proyecto_final_ws/src/install/proyecto_master_pkg/share/ament_index
[1.440s] creating /home/sergio/proyecto_final_ws/src/install/proyecto_master_pkg/share/ament_index/resource_index
[1.440s] creating /home/sergio/proyecto_final_ws/src/install/proyecto_master_pkg/share/ament_index/resource_index/packages
[1.440s] copying resource/proyecto_master_pkg -> /home/sergio/proyecto_final_ws/src/install/proyecto_master_pkg/share/ament_index/resource_index/packages
[1.440s] copying package.xml -> /home/sergio/proyecto_final_ws/src/install/proyecto_master_pkg/share/proyecto_master_pkg
[1.441s] running install_egg_info
[1.442s] Copying ../build/proyecto_master_pkg/proyecto_master_pkg.egg-info to /home/sergio/proyecto_final_ws/src/install/proyecto_master_pkg/lib/python3.10/site-packages/proyecto_master_pkg-0.0.0-py3.10.egg-info
[1.443s] running install_scripts
[1.466s] Installing master script to /home/sergio/proyecto_final_ws/src/install/proyecto_master_pkg/lib/proyecto_master_pkg
[1.466s] writing list of installed files to '/home/sergio/proyecto_final_ws/src/build/proyecto_master_pkg/install.log'
[1.508s] Invoked command in '/home/sergio/proyecto_final_ws/src/proyecto_master_pkg' returned '0': COMP_WORDBREAKS=
"'><=;|&( PYTHONPATH=/home/sergio/proyecto_final_ws/src/build/proyecto_master_pkg/prefix_override:/home/sergio/proyecto_final_ws/src/install/proyecto_master_pkg/lib/python3.10/site-packages:${PYTHONPATH} /usr/bin/python3 setup.py egg_info --egg-base ../build/proyecto_master_pkg build --build-base /home/sergio/proyecto_final_ws/src/build/proyecto_master_pkg/build install --record /home/sergio/proyecto_final_ws/src/build/proyecto_master_pkg/install.log --single-version-externally-managed
