[1.132s] Invoking command in '/home/sergio/proyecto_final_ws/src/proyecto_nodos': COMP_WORDBREAKS=
"'><=;|&( PYTHONPATH=/home/sergio/proyecto_final_ws/src/build/turtle_bot_nodos/prefix_override:/home/sergio/proyecto_final_ws/src/install/turtle_bot_nodos/lib/python3.10/site-packages:${PYTHONPATH} /usr/bin/python3 setup.py egg_info --egg-base ../build/turtle_bot_nodos build --build-base /home/sergio/proyecto_final_ws/src/build/turtle_bot_nodos/build install --record /home/sergio/proyecto_final_ws/src/build/turtle_bot_nodos/install.log --single-version-externally-managed
[1.456s] running egg_info
[1.457s] creating ../build/turtle_bot_nodos/proyecto_nodos.egg-info
[1.457s] writing ../build/turtle_bot_nodos/proyecto_nodos.egg-info/PKG-INFO
[1.458s] writing dependency_links to ../build/turtle_bot_nodos/proyecto_nodos.egg-info/dependency_links.txt
[1.458s] writing entry points to ../build/turtle_bot_nodos/proyecto_nodos.egg-info/entry_points.txt
[1.458s] writing requirements to ../build/turtle_bot_nodos/proyecto_nodos.egg-info/requires.txt
[1.458s] writing top-level names to ../build/turtle_bot_nodos/proyecto_nodos.egg-info/top_level.txt
[1.459s] writing manifest file '../build/turtle_bot_nodos/proyecto_nodos.egg-info/SOURCES.txt'
[1.462s] reading manifest file '../build/turtle_bot_nodos/proyecto_nodos.egg-info/SOURCES.txt'
[1.463s] writing manifest file '../build/turtle_bot_nodos/proyecto_nodos.egg-info/SOURCES.txt'
[1.463s] running build
[1.463s] running build_py
[1.463s] creating /home/sergio/proyecto_final_ws/src/build/turtle_bot_nodos/build
[1.463s] creating /home/sergio/proyecto_final_ws/src/build/turtle_bot_nodos/build/lib
[1.464s] creating /home/sergio/proyecto_final_ws/src/build/turtle_bot_nodos/build/lib/proyecto_nodos
[1.464s] copying proyecto_nodos/robot_teleop.py -> /home/sergio/proyecto_final_ws/src/build/turtle_bot_nodos/build/lib/proyecto_nodos
[1.464s] copying proyecto_nodos/__init__.py -> /home/sergio/proyecto_final_ws/src/build/turtle_bot_nodos/build/lib/proyecto_nodos
[1.464s] running install
[1.464s] running install_lib
[1.465s] creating /home/sergio/proyecto_final_ws/src/install/turtle_bot_nodos/lib/python3.10/site-packages/proyecto_nodos
[1.465s] copying /home/sergio/proyecto_final_ws/src/build/turtle_bot_nodos/build/lib/proyecto_nodos/robot_teleop.py -> /home/sergio/proyecto_final_ws/src/install/turtle_bot_nodos/lib/python3.10/site-packages/proyecto_nodos
[1.466s] copying /home/sergio/proyecto_final_ws/src/build/turtle_bot_nodos/build/lib/proyecto_nodos/__init__.py -> /home/sergio/proyecto_final_ws/src/install/turtle_bot_nodos/lib/python3.10/site-packages/proyecto_nodos
[1.466s] byte-compiling /home/sergio/proyecto_final_ws/src/install/turtle_bot_nodos/lib/python3.10/site-packages/proyecto_nodos/robot_teleop.py to robot_teleop.cpython-310.pyc
[1.467s] byte-compiling /home/sergio/proyecto_final_ws/src/install/turtle_bot_nodos/lib/python3.10/site-packages/proyecto_nodos/__init__.py to __init__.cpython-310.pyc
[1.467s] running install_data
[1.468s] copying resource/proyecto_nodos -> /home/sergio/proyecto_final_ws/src/install/turtle_bot_nodos/share/ament_index/resource_index/packages
[1.469s] creating /home/sergio/proyecto_final_ws/src/install/turtle_bot_nodos/share/proyecto_nodos
[1.469s] copying package.xml -> /home/sergio/proyecto_final_ws/src/install/turtle_bot_nodos/share/proyecto_nodos
[1.469s] running install_egg_info
[1.470s] Copying ../build/turtle_bot_nodos/proyecto_nodos.egg-info to /home/sergio/proyecto_final_ws/src/install/turtle_bot_nodos/lib/python3.10/site-packages/proyecto_nodos-0.0.0-py3.10.egg-info
[1.472s] running install_scripts
[1.497s] Installing robot_teleop script to /home/sergio/proyecto_final_ws/src/install/turtle_bot_nodos/lib/proyecto_nodos
[1.497s] writing list of installed files to '/home/sergio/proyecto_final_ws/src/build/turtle_bot_nodos/install.log'
[1.541s] Invoked command in '/home/sergio/proyecto_final_ws/src/proyecto_nodos' returned '0': COMP_WORDBREAKS=
"'><=;|&( PYTHONPATH=/home/sergio/proyecto_final_ws/src/build/turtle_bot_nodos/prefix_override:/home/sergio/proyecto_final_ws/src/install/turtle_bot_nodos/lib/python3.10/site-packages:${PYTHONPATH} /usr/bin/python3 setup.py egg_info --egg-base ../build/turtle_bot_nodos build --build-base /home/sergio/proyecto_final_ws/src/build/turtle_bot_nodos/build install --record /home/sergio/proyecto_final_ws/src/build/turtle_bot_nodos/install.log --single-version-externally-managed
