[1.992s] Invoking command in '/home/sergio/proyecto_final_ws/src/proyecto_master_pkg': COMP_WORDBREAKS=
"'><=;|&( PYTHONPATH=/home/sergio/proyecto_final_ws/build/proyecto_master_pkg/prefix_override:/home/sergio/proyecto_final_ws/install/proyecto_master_pkg/lib/python3.10/site-packages:${PYTHONPATH} /usr/bin/python3 setup.py egg_info --egg-base ../../build/proyecto_master_pkg build --build-base /home/sergio/proyecto_final_ws/build/proyecto_master_pkg/build install --record /home/sergio/proyecto_final_ws/build/proyecto_master_pkg/install.log --install-scripts $base/lib/proyecto_master_pkg --single-version-externally-managed
[2.304s] /home/sergio/.local/lib/python3.10/site-packages/setuptools/dist.py:717: UserWarning: Usage of dash-separated 'script-dir' will not be supported in future versions. Please use the underscore name 'script_dir' instead
[2.304s]   warnings.warn(
[2.338s] running egg_info
[2.340s] writing ../../build/proyecto_master_pkg/proyecto_master_pkg.egg-info/PKG-INFO
[2.340s] writing dependency_links to ../../build/proyecto_master_pkg/proyecto_master_pkg.egg-info/dependency_links.txt
[2.340s] writing entry points to ../../build/proyecto_master_pkg/proyecto_master_pkg.egg-info/entry_points.txt
[2.341s] writing requirements to ../../build/proyecto_master_pkg/proyecto_master_pkg.egg-info/requires.txt
[2.341s] writing top-level names to ../../build/proyecto_master_pkg/proyecto_master_pkg.egg-info/top_level.txt
[2.344s] reading manifest file '../../build/proyecto_master_pkg/proyecto_master_pkg.egg-info/SOURCES.txt'
[2.345s] writing manifest file '../../build/proyecto_master_pkg/proyecto_master_pkg.egg-info/SOURCES.txt'
[2.346s] running build
[2.346s] running build_py
[2.346s] running install
[2.347s] running install_lib
[2.348s] running install_data
[2.349s] running install_egg_info
[2.351s] removing '/home/sergio/proyecto_final_ws/install/proyecto_master_pkg/lib/python3.10/site-packages/proyecto_master_pkg-0.0.0-py3.10.egg-info' (and everything under it)
[2.352s] Copying ../../build/proyecto_master_pkg/proyecto_master_pkg.egg-info to /home/sergio/proyecto_final_ws/install/proyecto_master_pkg/lib/python3.10/site-packages/proyecto_master_pkg-0.0.0-py3.10.egg-info
[2.353s] running install_scripts
[2.376s] Installing master script to /home/sergio/proyecto_final_ws/install/proyecto_master_pkg/lib/proyecto_master_pkg
[2.376s] writing list of installed files to '/home/sergio/proyecto_final_ws/build/proyecto_master_pkg/install.log'
[2.442s] Invoked command in '/home/sergio/proyecto_final_ws/src/proyecto_master_pkg' returned '0': COMP_WORDBREAKS=
"'><=;|&( PYTHONPATH=/home/sergio/proyecto_final_ws/build/proyecto_master_pkg/prefix_override:/home/sergio/proyecto_final_ws/install/proyecto_master_pkg/lib/python3.10/site-packages:${PYTHONPATH} /usr/bin/python3 setup.py egg_info --egg-base ../../build/proyecto_master_pkg build --build-base /home/sergio/proyecto_final_ws/build/proyecto_master_pkg/build install --record /home/sergio/proyecto_final_ws/build/proyecto_master_pkg/install.log --install-scripts $base/lib/proyecto_master_pkg --single-version-externally-managed
