running egg_info
writing ../../build/turtle_bot_nodos/proyecto_nodos.egg-info/PKG-INFO
writing dependency_links to ../../build/turtle_bot_nodos/proyecto_nodos.egg-info/dependency_links.txt
writing entry points to ../../build/turtle_bot_nodos/proyecto_nodos.egg-info/entry_points.txt
writing requirements to ../../build/turtle_bot_nodos/proyecto_nodos.egg-info/requires.txt
writing top-level names to ../../build/turtle_bot_nodos/proyecto_nodos.egg-info/top_level.txt
reading manifest file '../../build/turtle_bot_nodos/proyecto_nodos.egg-info/SOURCES.txt'
writing manifest file '../../build/turtle_bot_nodos/proyecto_nodos.egg-info/SOURCES.txt'
running build
running build_py
copying proyecto_nodos/robot_teleop.py -> /home/sergio/proyecto_final_ws/build/turtle_bot_nodos/build/lib/proyecto_nodos
running install
running install_lib
copying /home/sergio/proyecto_final_ws/build/turtle_bot_nodos/build/lib/proyecto_nodos/robot_teleop.py -> /home/sergio/proyecto_final_ws/install/turtle_bot_nodos/lib/python3.10/site-packages/proyecto_nodos
byte-compiling /home/sergio/proyecto_final_ws/install/turtle_bot_nodos/lib/python3.10/site-packages/proyecto_nodos/robot_teleop.py to robot_teleop.cpython-310.pyc
running install_data
running install_egg_info
removing '/home/sergio/proyecto_final_ws/install/turtle_bot_nodos/lib/python3.10/site-packages/proyecto_nodos-0.0.0-py3.10.egg-info' (and everything under it)
Copying ../../build/turtle_bot_nodos/proyecto_nodos.egg-info to /home/sergio/proyecto_final_ws/install/turtle_bot_nodos/lib/python3.10/site-packages/proyecto_nodos-0.0.0-py3.10.egg-info
running install_scripts
Installing robot_teleop script to /home/sergio/proyecto_final_ws/install/turtle_bot_nodos/lib/proyecto_nodos
writing list of installed files to '/home/sergio/proyecto_final_ws/build/turtle_bot_nodos/install.log'
