[1.150s] Invoking command in '/home/sergio/proyecto_final_ws/src/proyecto_nodos': COMP_WORDBREAKS=
"'><=;|&( PYTHONPATH=/home/sergio/proyecto_final_ws/build/turtle_bot_nodos/prefix_override:/home/sergio/proyecto_final_ws/install/turtle_bot_nodos/lib/python3.10/site-packages:${PYTHONPATH} /usr/bin/python3 setup.py egg_info --egg-base ../../build/turtle_bot_nodos build --build-base /home/sergio/proyecto_final_ws/build/turtle_bot_nodos/build install --record /home/sergio/proyecto_final_ws/build/turtle_bot_nodos/install.log --single-version-externally-managed
[1.438s] running egg_info
[1.438s] writing ../../build/turtle_bot_nodos/proyecto_nodos.egg-info/PKG-INFO
[1.438s] writing dependency_links to ../../build/turtle_bot_nodos/proyecto_nodos.egg-info/dependency_links.txt
[1.439s] writing entry points to ../../build/turtle_bot_nodos/proyecto_nodos.egg-info/entry_points.txt
[1.439s] writing requirements to ../../build/turtle_bot_nodos/proyecto_nodos.egg-info/requires.txt
[1.439s] writing top-level names to ../../build/turtle_bot_nodos/proyecto_nodos.egg-info/top_level.txt
[1.442s] reading manifest file '../../build/turtle_bot_nodos/proyecto_nodos.egg-info/SOURCES.txt'
[1.443s] writing manifest file '../../build/turtle_bot_nodos/proyecto_nodos.egg-info/SOURCES.txt'
[1.443s] running build
[1.443s] running build_py
[1.444s] copying proyecto_nodos/robot_teleop.py -> /home/sergio/proyecto_final_ws/build/turtle_bot_nodos/build/lib/proyecto_nodos
[1.444s] running install
[1.444s] running install_lib
[1.445s] copying /home/sergio/proyecto_final_ws/build/turtle_bot_nodos/build/lib/proyecto_nodos/robot_teleop.py -> /home/sergio/proyecto_final_ws/install/turtle_bot_nodos/lib/python3.10/site-packages/proyecto_nodos
[1.446s] byte-compiling /home/sergio/proyecto_final_ws/install/turtle_bot_nodos/lib/python3.10/site-packages/proyecto_nodos/robot_teleop.py to robot_teleop.cpython-310.pyc
[1.446s] running install_data
[1.447s] running install_egg_info
[1.449s] removing '/home/sergio/proyecto_final_ws/install/turtle_bot_nodos/lib/python3.10/site-packages/proyecto_nodos-0.0.0-py3.10.egg-info' (and everything under it)
[1.449s] Copying ../../build/turtle_bot_nodos/proyecto_nodos.egg-info to /home/sergio/proyecto_final_ws/install/turtle_bot_nodos/lib/python3.10/site-packages/proyecto_nodos-0.0.0-py3.10.egg-info
[1.450s] running install_scripts
[1.470s] Installing robot_teleop script to /home/sergio/proyecto_final_ws/install/turtle_bot_nodos/lib/proyecto_nodos
[1.470s] writing list of installed files to '/home/sergio/proyecto_final_ws/build/turtle_bot_nodos/install.log'
[1.501s] Invoked command in '/home/sergio/proyecto_final_ws/src/proyecto_nodos' returned '0': COMP_WORDBREAKS=
"'><=;|&( PYTHONPATH=/home/sergio/proyecto_final_ws/build/turtle_bot_nodos/prefix_override:/home/sergio/proyecto_final_ws/install/turtle_bot_nodos/lib/python3.10/site-packages:${PYTHONPATH} /usr/bin/python3 setup.py egg_info --egg-base ../../build/turtle_bot_nodos build --build-base /home/sergio/proyecto_final_ws/build/turtle_bot_nodos/build install --record /home/sergio/proyecto_final_ws/build/turtle_bot_nodos/install.log --single-version-externally-managed
