[1.244s] DEBUG:colcon:Command line arguments: ['/usr/bin/colcon', 'build']
[1.245s] DEBUG:colcon:Parsed command line arguments: Namespace(log_base=None, log_level=None, verb_name='build', build_base='build', install_base='install', merge_install=False, symlink_install=False, test_result_base=None, continue_on_error=False, executor='parallel', parallel_workers=8, event_handlers=None, ignore_user_meta=False, metas=['./colcon.meta'], base_paths=['.'], packages_ignore=None, packages_ignore_regex=None, paths=None, packages_up_to=None, packages_up_to_regex=None, packages_above=None, packages_above_and_dependencies=None, packages_above_depth=None, packages_select_by_dep=None, packages_skip_by_dep=None, packages_skip_up_to=None, packages_select_build_failed=False, packages_skip_build_finished=False, packages_select_test_failures=False, packages_skip_test_passed=False, packages_select=None, packages_skip=None, packages_select_regex=None, packages_skip_regex=None, packages_start=None, packages_end=None, allow_overriding=[], cmake_args=None, cmake_target=None, cmake_target_skip_unavailable=False, cmake_clean_cache=False, cmake_clean_first=False, cmake_force_configure=False, ament_cmake_args=None, catkin_cmake_args=None, catkin_skip_building_tests=False, verb_parser=<colcon_defaults.argument_parser.defaults.DefaultArgumentsDecorator object at 0x7f6cdf868220>, verb_extension=<colcon_core.verb.build.BuildVerb object at 0x7f6cdf9c1d20>, main=<bound method BuildVerb.main of <colcon_core.verb.build.BuildVerb object at 0x7f6cdf9c1d20>>)
[1.679s] Level 1:colcon.colcon_core.package_discovery:discover_packages(colcon_meta) check parameters
[1.679s] Level 1:colcon.colcon_core.package_discovery:discover_packages(recursive) check parameters
[1.679s] Level 1:colcon.colcon_core.package_discovery:discover_packages(ignore) check parameters
[1.680s] Level 1:colcon.colcon_core.package_discovery:discover_packages(path) check parameters
[1.680s] Level 1:colcon.colcon_core.package_discovery:discover_packages(colcon_meta) discover
[1.680s] Level 1:colcon.colcon_core.package_discovery:discover_packages(recursive) discover
[1.680s] INFO:colcon.colcon_core.package_discovery:Crawling recursively for packages in '/home/sergio/proyecto_final_ws'
[1.680s] Level 1:colcon.colcon_core.package_identification:_identify(.) by extensions ['ignore', 'ignore_ament_install']
[1.680s] Level 1:colcon.colcon_core.package_identification:_identify(.) by extension 'ignore'
[1.680s] Level 1:colcon.colcon_core.package_identification:_identify(.) by extension 'ignore_ament_install'
[1.680s] Level 1:colcon.colcon_core.package_identification:_identify(.) by extensions ['colcon_pkg']
[1.680s] Level 1:colcon.colcon_core.package_identification:_identify(.) by extension 'colcon_pkg'
[1.680s] Level 1:colcon.colcon_core.package_identification:_identify(.) by extensions ['colcon_meta']
[1.680s] Level 1:colcon.colcon_core.package_identification:_identify(.) by extension 'colcon_meta'
[1.680s] Level 1:colcon.colcon_core.package_identification:_identify(.) by extensions ['ros']
[1.680s] Level 1:colcon.colcon_core.package_identification:_identify(.) by extension 'ros'
[1.693s] Level 1:colcon.colcon_core.package_identification:_identify(.) by extensions ['cmake', 'python']
[1.693s] Level 1:colcon.colcon_core.package_identification:_identify(.) by extension 'cmake'
[1.693s] Level 1:colcon.colcon_core.package_identification:_identify(.) by extension 'python'
[1.693s] Level 1:colcon.colcon_core.package_identification:_identify(.) by extensions ['python_setup_py']
[1.693s] Level 1:colcon.colcon_core.package_identification:_identify(.) by extension 'python_setup_py'
[1.846s] Level 1:colcon.colcon_core.package_identification:_identify(build) by extensions ['ignore', 'ignore_ament_install']
[1.847s] Level 1:colcon.colcon_core.package_identification:_identify(build) by extension 'ignore'
[1.848s] Level 1:colcon.colcon_core.package_identification:_identify(build) ignored
[1.848s] Level 1:colcon.colcon_core.package_identification:_identify(install) by extensions ['ignore', 'ignore_ament_install']
[1.849s] Level 1:colcon.colcon_core.package_identification:_identify(install) by extension 'ignore'
[1.849s] Level 1:colcon.colcon_core.package_identification:_identify(install) ignored
[1.850s] Level 1:colcon.colcon_core.package_identification:_identify(log) by extensions ['ignore', 'ignore_ament_install']
[1.850s] Level 1:colcon.colcon_core.package_identification:_identify(log) by extension 'ignore'
[1.851s] Level 1:colcon.colcon_core.package_identification:_identify(log) ignored
[1.851s] Level 1:colcon.colcon_core.package_identification:_identify(src) by extensions ['ignore', 'ignore_ament_install']
[1.851s] Level 1:colcon.colcon_core.package_identification:_identify(src) by extension 'ignore'
[1.852s] Level 1:colcon.colcon_core.package_identification:_identify(src) by extension 'ignore_ament_install'
[1.852s] Level 1:colcon.colcon_core.package_identification:_identify(src) by extensions ['colcon_pkg']
[1.852s] Level 1:colcon.colcon_core.package_identification:_identify(src) by extension 'colcon_pkg'
[1.852s] Level 1:colcon.colcon_core.package_identification:_identify(src) by extensions ['colcon_meta']
[1.853s] Level 1:colcon.colcon_core.package_identification:_identify(src) by extension 'colcon_meta'
[1.853s] Level 1:colcon.colcon_core.package_identification:_identify(src) by extensions ['ros']
[1.853s] Level 1:colcon.colcon_core.package_identification:_identify(src) by extension 'ros'
[1.853s] Level 1:colcon.colcon_core.package_identification:_identify(src) by extensions ['cmake', 'python']
[1.854s] Level 1:colcon.colcon_core.package_identification:_identify(src) by extension 'cmake'
[1.854s] Level 1:colcon.colcon_core.package_identification:_identify(src) by extension 'python'
[1.854s] Level 1:colcon.colcon_core.package_identification:_identify(src) by extensions ['python_setup_py']
[1.854s] Level 1:colcon.colcon_core.package_identification:_identify(src) by extension 'python_setup_py'
[1.855s] Level 1:colcon.colcon_core.package_identification:_identify(src/proyecto_interfaces) by extensions ['ignore', 'ignore_ament_install']
[1.855s] Level 1:colcon.colcon_core.package_identification:_identify(src/proyecto_interfaces) by extension 'ignore'
[1.856s] Level 1:colcon.colcon_core.package_identification:_identify(src/proyecto_interfaces) by extension 'ignore_ament_install'
[1.856s] Level 1:colcon.colcon_core.package_identification:_identify(src/proyecto_interfaces) by extensions ['colcon_pkg']
[1.856s] Level 1:colcon.colcon_core.package_identification:_identify(src/proyecto_interfaces) by extension 'colcon_pkg'
[1.856s] Level 1:colcon.colcon_core.package_identification:_identify(src/proyecto_interfaces) by extensions ['colcon_meta']
[1.857s] Level 1:colcon.colcon_core.package_identification:_identify(src/proyecto_interfaces) by extension 'colcon_meta'
[1.857s] Level 1:colcon.colcon_core.package_identification:_identify(src/proyecto_interfaces) by extensions ['ros']
[1.857s] Level 1:colcon.colcon_core.package_identification:_identify(src/proyecto_interfaces) by extension 'ros'
[2.057s] DEBUG:colcon.colcon_core.package_identification:Package 'src/proyecto_interfaces' with type 'ros.ament_cmake' and name 'proyecto_interfaces'
[2.058s] Level 1:colcon.colcon_core.package_identification:_identify(src/proyecto_master_pkg) by extensions ['ignore', 'ignore_ament_install']
[2.059s] Level 1:colcon.colcon_core.package_identification:_identify(src/proyecto_master_pkg) by extension 'ignore'
[2.059s] Level 1:colcon.colcon_core.package_identification:_identify(src/proyecto_master_pkg) by extension 'ignore_ament_install'
[2.060s] Level 1:colcon.colcon_core.package_identification:_identify(src/proyecto_master_pkg) by extensions ['colcon_pkg']
[2.060s] Level 1:colcon.colcon_core.package_identification:_identify(src/proyecto_master_pkg) by extension 'colcon_pkg'
[2.060s] Level 1:colcon.colcon_core.package_identification:_identify(src/proyecto_master_pkg) by extensions ['colcon_meta']
[2.060s] Level 1:colcon.colcon_core.package_identification:_identify(src/proyecto_master_pkg) by extension 'colcon_meta'
[2.060s] Level 1:colcon.colcon_core.package_identification:_identify(src/proyecto_master_pkg) by extensions ['ros']
[2.061s] Level 1:colcon.colcon_core.package_identification:_identify(src/proyecto_master_pkg) by extension 'ros'
[2.063s] DEBUG:colcon.colcon_core.package_identification:Package 'src/proyecto_master_pkg' with type 'ros.ament_python' and name 'proyecto_master_pkg'
[2.063s] Level 1:colcon.colcon_core.package_identification:_identify(src/proyecto_nodos) by extensions ['ignore', 'ignore_ament_install']
[2.063s] Level 1:colcon.colcon_core.package_identification:_identify(src/proyecto_nodos) by extension 'ignore'
[2.064s] Level 1:colcon.colcon_core.package_identification:_identify(src/proyecto_nodos) by extension 'ignore_ament_install'
[2.064s] Level 1:colcon.colcon_core.package_identification:_identify(src/proyecto_nodos) by extensions ['colcon_pkg']
[2.064s] Level 1:colcon.colcon_core.package_identification:_identify(src/proyecto_nodos) by extension 'colcon_pkg'
[2.065s] Level 1:colcon.colcon_core.package_identification:_identify(src/proyecto_nodos) by extensions ['colcon_meta']
[2.065s] Level 1:colcon.colcon_core.package_identification:_identify(src/proyecto_nodos) by extension 'colcon_meta'
[2.065s] Level 1:colcon.colcon_core.package_identification:_identify(src/proyecto_nodos) by extensions ['ros']
[2.065s] Level 1:colcon.colcon_core.package_identification:_identify(src/proyecto_nodos) by extension 'ros'
[2.068s] DEBUG:colcon.colcon_core.package_identification:Package 'src/proyecto_nodos' with type 'ros.ament_python' and name 'turtle_bot_nodos'
[2.194s] Level 1:colcon.colcon_core.package_identification:_identify(src/vision_opencv) by extensions ['ignore', 'ignore_ament_install']
[2.194s] Level 1:colcon.colcon_core.package_identification:_identify(src/vision_opencv) by extension 'ignore'
[2.195s] Level 1:colcon.colcon_core.package_identification:_identify(src/vision_opencv) by extension 'ignore_ament_install'
[2.195s] Level 1:colcon.colcon_core.package_identification:_identify(src/vision_opencv) by extensions ['colcon_pkg']
[2.196s] Level 1:colcon.colcon_core.package_identification:_identify(src/vision_opencv) by extension 'colcon_pkg'
[2.196s] Level 1:colcon.colcon_core.package_identification:_identify(src/vision_opencv) by extensions ['colcon_meta']
[2.196s] Level 1:colcon.colcon_core.package_identification:_identify(src/vision_opencv) by extension 'colcon_meta'
[2.196s] Level 1:colcon.colcon_core.package_identification:_identify(src/vision_opencv) by extensions ['ros']
[2.197s] Level 1:colcon.colcon_core.package_identification:_identify(src/vision_opencv) by extension 'ros'
[2.197s] Level 1:colcon.colcon_core.package_identification:_identify(src/vision_opencv) by extensions ['cmake', 'python']
[2.197s] Level 1:colcon.colcon_core.package_identification:_identify(src/vision_opencv) by extension 'cmake'
[2.197s] Level 1:colcon.colcon_core.package_identification:_identify(src/vision_opencv) by extension 'python'
[2.198s] Level 1:colcon.colcon_core.package_identification:_identify(src/vision_opencv) by extensions ['python_setup_py']
[2.198s] Level 1:colcon.colcon_core.package_identification:_identify(src/vision_opencv) by extension 'python_setup_py'
[2.198s] Level 1:colcon.colcon_core.package_discovery:discover_packages(recursive) using defaults
[2.199s] Level 1:colcon.colcon_core.package_discovery:discover_packages(ignore) discover
[2.199s] Level 1:colcon.colcon_core.package_discovery:discover_packages(ignore) using defaults
[2.199s] Level 1:colcon.colcon_core.package_discovery:discover_packages(path) discover
[2.200s] Level 1:colcon.colcon_core.package_discovery:discover_packages(path) using defaults
[2.460s] Level 1:colcon.colcon_core.package_discovery:discover_packages(prefix_path) check parameters
[2.460s] Level 1:colcon.colcon_core.package_discovery:discover_packages(prefix_path) discover
[2.463s] DEBUG:colcon.colcon_installed_package_information.package_discovery:Found 2 installed packages in /home/sergio/proyecto_final_ws/install
[2.465s] DEBUG:colcon.colcon_installed_package_information.package_discovery:Found 285 installed packages in /opt/ros/humble
[2.467s] Level 1:colcon.colcon_core.package_discovery:discover_packages(prefix_path) using defaults
[2.838s] Level 5:colcon.colcon_core.verb:set package 'proyecto_interfaces' build argument 'cmake_args' from command line to 'None'
[2.839s] Level 5:colcon.colcon_core.verb:set package 'proyecto_interfaces' build argument 'cmake_target' from command line to 'None'
[2.839s] Level 5:colcon.colcon_core.verb:set package 'proyecto_interfaces' build argument 'cmake_target_skip_unavailable' from command line to 'False'
[2.839s] Level 5:colcon.colcon_core.verb:set package 'proyecto_interfaces' build argument 'cmake_clean_cache' from command line to 'False'
[2.839s] Level 5:colcon.colcon_core.verb:set package 'proyecto_interfaces' build argument 'cmake_clean_first' from command line to 'False'
[2.839s] Level 5:colcon.colcon_core.verb:set package 'proyecto_interfaces' build argument 'cmake_force_configure' from command line to 'False'
[2.839s] Level 5:colcon.colcon_core.verb:set package 'proyecto_interfaces' build argument 'ament_cmake_args' from command line to 'None'
[2.839s] Level 5:colcon.colcon_core.verb:set package 'proyecto_interfaces' build argument 'catkin_cmake_args' from command line to 'None'
[2.839s] Level 5:colcon.colcon_core.verb:set package 'proyecto_interfaces' build argument 'catkin_skip_building_tests' from command line to 'False'
[2.839s] DEBUG:colcon.colcon_core.verb:Building package 'proyecto_interfaces' with the following arguments: {'ament_cmake_args': None, 'build_base': '/home/sergio/proyecto_final_ws/build/proyecto_interfaces', 'catkin_cmake_args': None, 'catkin_skip_building_tests': False, 'cmake_args': None, 'cmake_clean_cache': False, 'cmake_clean_first': False, 'cmake_force_configure': False, 'cmake_target': None, 'cmake_target_skip_unavailable': False, 'install_base': '/home/sergio/proyecto_final_ws/install/proyecto_interfaces', 'merge_install': False, 'path': '/home/sergio/proyecto_final_ws/src/proyecto_interfaces', 'symlink_install': False, 'test_result_base': None}
[2.840s] Level 5:colcon.colcon_core.verb:set package 'proyecto_master_pkg' build argument 'cmake_args' from command line to 'None'
[2.840s] Level 5:colcon.colcon_core.verb:set package 'proyecto_master_pkg' build argument 'cmake_target' from command line to 'None'
[2.840s] Level 5:colcon.colcon_core.verb:set package 'proyecto_master_pkg' build argument 'cmake_target_skip_unavailable' from command line to 'False'
[2.840s] Level 5:colcon.colcon_core.verb:set package 'proyecto_master_pkg' build argument 'cmake_clean_cache' from command line to 'False'
[2.840s] Level 5:colcon.colcon_core.verb:set package 'proyecto_master_pkg' build argument 'cmake_clean_first' from command line to 'False'
[2.840s] Level 5:colcon.colcon_core.verb:set package 'proyecto_master_pkg' build argument 'cmake_force_configure' from command line to 'False'
[2.840s] Level 5:colcon.colcon_core.verb:set package 'proyecto_master_pkg' build argument 'ament_cmake_args' from command line to 'None'
[2.840s] Level 5:colcon.colcon_core.verb:set package 'proyecto_master_pkg' build argument 'catkin_cmake_args' from command line to 'None'
[2.840s] Level 5:colcon.colcon_core.verb:set package 'proyecto_master_pkg' build argument 'catkin_skip_building_tests' from command line to 'False'
[2.840s] DEBUG:colcon.colcon_core.verb:Building package 'proyecto_master_pkg' with the following arguments: {'ament_cmake_args': None, 'build_base': '/home/sergio/proyecto_final_ws/build/proyecto_master_pkg', 'catkin_cmake_args': None, 'catkin_skip_building_tests': False, 'cmake_args': None, 'cmake_clean_cache': False, 'cmake_clean_first': False, 'cmake_force_configure': False, 'cmake_target': None, 'cmake_target_skip_unavailable': False, 'install_base': '/home/sergio/proyecto_final_ws/install/proyecto_master_pkg', 'merge_install': False, 'path': '/home/sergio/proyecto_final_ws/src/proyecto_master_pkg', 'symlink_install': False, 'test_result_base': None}
[2.841s] Level 5:colcon.colcon_core.verb:set package 'turtle_bot_nodos' build argument 'cmake_args' from command line to 'None'
[2.841s] Level 5:colcon.colcon_core.verb:set package 'turtle_bot_nodos' build argument 'cmake_target' from command line to 'None'
[2.841s] Level 5:colcon.colcon_core.verb:set package 'turtle_bot_nodos' build argument 'cmake_target_skip_unavailable' from command line to 'False'
[2.841s] Level 5:colcon.colcon_core.verb:set package 'turtle_bot_nodos' build argument 'cmake_clean_cache' from command line to 'False'
[2.841s] Level 5:colcon.colcon_core.verb:set package 'turtle_bot_nodos' build argument 'cmake_clean_first' from command line to 'False'
[2.841s] Level 5:colcon.colcon_core.verb:set package 'turtle_bot_nodos' build argument 'cmake_force_configure' from command line to 'False'
[2.841s] Level 5:colcon.colcon_core.verb:set package 'turtle_bot_nodos' build argument 'ament_cmake_args' from command line to 'None'
[2.841s] Level 5:colcon.colcon_core.verb:set package 'turtle_bot_nodos' build argument 'catkin_cmake_args' from command line to 'None'
[2.841s] Level 5:colcon.colcon_core.verb:set package 'turtle_bot_nodos' build argument 'catkin_skip_building_tests' from command line to 'False'
[2.841s] DEBUG:colcon.colcon_core.verb:Building package 'turtle_bot_nodos' with the following arguments: {'ament_cmake_args': None, 'build_base': '/home/sergio/proyecto_final_ws/build/turtle_bot_nodos', 'catkin_cmake_args': None, 'catkin_skip_building_tests': False, 'cmake_args': None, 'cmake_clean_cache': False, 'cmake_clean_first': False, 'cmake_force_configure': False, 'cmake_target': None, 'cmake_target_skip_unavailable': False, 'install_base': '/home/sergio/proyecto_final_ws/install/turtle_bot_nodos', 'merge_install': False, 'path': '/home/sergio/proyecto_final_ws/src/proyecto_nodos', 'symlink_install': False, 'test_result_base': None}
[2.842s] INFO:colcon.colcon_core.executor:Executing jobs using 'parallel' executor
[2.845s] DEBUG:colcon.colcon_parallel_executor.executor.parallel:run_until_complete
[2.845s] INFO:colcon.colcon_ros.task.ament_cmake.build:Building ROS package in '/home/sergio/proyecto_final_ws/src/proyecto_interfaces' with build type 'ament_cmake'
[2.845s] INFO:colcon.colcon_cmake.task.cmake.build:Building CMake package in '/home/sergio/proyecto_final_ws/src/proyecto_interfaces'
[2.849s] INFO:colcon.colcon_core.plugin_system:Skipping extension 'colcon_core.shell.bat': Not used on non-Windows systems
[2.849s] INFO:colcon.colcon_core.shell:Skip shell extension 'powershell' for command environment: Not usable outside of PowerShell
[2.849s] DEBUG:colcon.colcon_core.shell:Skip shell extension 'dsv' for command environment
[2.853s] INFO:colcon.colcon_ros.task.ament_python.build:Building ROS package in '/home/sergio/proyecto_final_ws/src/proyecto_master_pkg' with build type 'ament_python'
[2.853s] Level 1:colcon.colcon_core.shell:create_environment_hook('proyecto_master_pkg', 'ament_prefix_path')
[2.855s] INFO:colcon.colcon_core.shell:Creating environment hook '/home/sergio/proyecto_final_ws/install/proyecto_master_pkg/share/proyecto_master_pkg/hook/ament_prefix_path.ps1'
[2.856s] INFO:colcon.colcon_core.shell:Creating environment descriptor '/home/sergio/proyecto_final_ws/install/proyecto_master_pkg/share/proyecto_master_pkg/hook/ament_prefix_path.dsv'
[2.856s] INFO:colcon.colcon_core.shell:Creating environment hook '/home/sergio/proyecto_final_ws/install/proyecto_master_pkg/share/proyecto_master_pkg/hook/ament_prefix_path.sh'
[2.859s] INFO:colcon.colcon_core.shell:Skip shell extension 'powershell' for command environment: Not usable outside of PowerShell
[2.859s] DEBUG:colcon.colcon_core.shell:Skip shell extension 'dsv' for command environment
[2.863s] INFO:colcon.colcon_ros.task.ament_python.build:Building ROS package in '/home/sergio/proyecto_final_ws/src/proyecto_nodos' with build type 'ament_python'
[2.863s] Level 1:colcon.colcon_core.shell:create_environment_hook('turtle_bot_nodos', 'ament_prefix_path')
[2.866s] INFO:colcon.colcon_core.shell:Creating environment hook '/home/sergio/proyecto_final_ws/install/turtle_bot_nodos/share/turtle_bot_nodos/hook/ament_prefix_path.ps1'
[2.867s] INFO:colcon.colcon_core.shell:Creating environment descriptor '/home/sergio/proyecto_final_ws/install/turtle_bot_nodos/share/turtle_bot_nodos/hook/ament_prefix_path.dsv'
[2.867s] INFO:colcon.colcon_core.shell:Creating environment hook '/home/sergio/proyecto_final_ws/install/turtle_bot_nodos/share/turtle_bot_nodos/hook/ament_prefix_path.sh'
[2.868s] INFO:colcon.colcon_core.shell:Skip shell extension 'powershell' for command environment: Not usable outside of PowerShell
[2.868s] DEBUG:colcon.colcon_core.shell:Skip shell extension 'dsv' for command environment
[3.138s] DEBUG:colcon.colcon_core.event_handler.log_command:Invoking command in '/home/sergio/proyecto_final_ws/build/proyecto_interfaces': CMAKE_PREFIX_PATH=${CMAKE_PREFIX_PATH}:/home/sergio/proyecto_final_ws/install/proyecto_master_pkg:/opt/ros/humble COMP_WORDBREAKS=
"'><=;|&( /usr/bin/cmake --build /home/sergio/proyecto_final_ws/build/proyecto_interfaces -- -j8 -l8
[3.344s] INFO:colcon.colcon_core.task.python.build:Building Python package in '/home/sergio/proyecto_final_ws/src/proyecto_master_pkg'
[3.346s] INFO:colcon.colcon_core.shell:Skip shell extension 'powershell' for command environment: Not usable outside of PowerShell
[3.346s] DEBUG:colcon.colcon_core.shell:Skip shell extension 'dsv' for command environment
[3.589s] WARNING:colcon.colcon_ros.task.ament_python.build:Package 'turtle_bot_nodos' doesn't explicitly install a marker in the package index (colcon-ros currently does it implicitly but that fallback will be removed in the future)
[3.589s] WARNING:colcon.colcon_ros.task.ament_python.build:Package 'turtle_bot_nodos' doesn't explicitly install the 'package.xml' file (colcon-ros currently does it implicitly but that fallback will be removed in the future)
[3.590s] INFO:colcon.colcon_core.task.python.build:Building Python package in '/home/sergio/proyecto_final_ws/src/proyecto_nodos'
[3.592s] INFO:colcon.colcon_core.shell:Skip shell extension 'powershell' for command environment: Not usable outside of PowerShell
[3.592s] DEBUG:colcon.colcon_core.shell:Skip shell extension 'dsv' for command environment
[3.904s] DEBUG:colcon.colcon_core.event_handler.log_command:Invoked command in '/home/sergio/proyecto_final_ws/build/proyecto_interfaces' returned '0': CMAKE_PREFIX_PATH=${CMAKE_PREFIX_PATH}:/home/sergio/proyecto_final_ws/install/proyecto_master_pkg:/opt/ros/humble COMP_WORDBREAKS=
"'><=;|&( /usr/bin/cmake --build /home/sergio/proyecto_final_ws/build/proyecto_interfaces -- -j8 -l8
[4.023s] DEBUG:colcon.colcon_core.event_handler.log_command:Invoking command in '/home/sergio/proyecto_final_ws/build/proyecto_interfaces': CMAKE_PREFIX_PATH=${CMAKE_PREFIX_PATH}:/home/sergio/proyecto_final_ws/install/proyecto_master_pkg:/opt/ros/humble COMP_WORDBREAKS=
"'><=;|&( /usr/bin/cmake --install /home/sergio/proyecto_final_ws/build/proyecto_interfaces
[4.287s] Level 1:colcon.colcon_core.environment:create_environment_scripts_only(proyecto_interfaces)
[4.289s] DEBUG:colcon.colcon_core.event_handler.log_command:Invoked command in '/home/sergio/proyecto_final_ws/build/proyecto_interfaces' returned '0': CMAKE_PREFIX_PATH=${CMAKE_PREFIX_PATH}:/home/sergio/proyecto_final_ws/install/proyecto_master_pkg:/opt/ros/humble COMP_WORDBREAKS=
"'><=;|&( /usr/bin/cmake --install /home/sergio/proyecto_final_ws/build/proyecto_interfaces
[4.295s] Level 1:colcon.colcon_core.environment:checking '/home/sergio/proyecto_final_ws/install/proyecto_interfaces' for CMake module files
[4.296s] Level 1:colcon.colcon_core.environment:checking '/home/sergio/proyecto_final_ws/install/proyecto_interfaces' for CMake config files
[4.297s] Level 1:colcon.colcon_core.shell:create_environment_hook('proyecto_interfaces', 'cmake_prefix_path')
[4.299s] INFO:colcon.colcon_core.shell:Creating environment hook '/home/sergio/proyecto_final_ws/install/proyecto_interfaces/share/proyecto_interfaces/hook/cmake_prefix_path.ps1'
[4.300s] INFO:colcon.colcon_core.shell:Creating environment descriptor '/home/sergio/proyecto_final_ws/install/proyecto_interfaces/share/proyecto_interfaces/hook/cmake_prefix_path.dsv'
[4.301s] INFO:colcon.colcon_core.shell:Creating environment hook '/home/sergio/proyecto_final_ws/install/proyecto_interfaces/share/proyecto_interfaces/hook/cmake_prefix_path.sh'
[4.302s] Level 1:colcon.colcon_core.environment:checking '/home/sergio/proyecto_final_ws/install/proyecto_interfaces/lib'
[4.302s] Level 1:colcon.colcon_core.shell:create_environment_hook('proyecto_interfaces', 'ld_library_path_lib')
[4.305s] INFO:colcon.colcon_core.shell:Creating environment hook '/home/sergio/proyecto_final_ws/install/proyecto_interfaces/share/proyecto_interfaces/hook/ld_library_path_lib.ps1'
[4.305s] INFO:colcon.colcon_core.shell:Creating environment descriptor '/home/sergio/proyecto_final_ws/install/proyecto_interfaces/share/proyecto_interfaces/hook/ld_library_path_lib.dsv'
[4.306s] INFO:colcon.colcon_core.shell:Creating environment hook '/home/sergio/proyecto_final_ws/install/proyecto_interfaces/share/proyecto_interfaces/hook/ld_library_path_lib.sh'
[4.306s] Level 1:colcon.colcon_core.environment:checking '/home/sergio/proyecto_final_ws/install/proyecto_interfaces/bin'
[4.306s] Level 1:colcon.colcon_core.environment:checking '/home/sergio/proyecto_final_ws/install/proyecto_interfaces/lib/pkgconfig/proyecto_interfaces.pc'
[4.307s] Level 1:colcon.colcon_core.environment:checking '/home/sergio/proyecto_final_ws/install/proyecto_interfaces/lib/python3.10/site-packages'
[4.307s] Level 1:colcon.colcon_core.environment:checking '/home/sergio/proyecto_final_ws/install/proyecto_interfaces/bin'
[4.310s] INFO:colcon.colcon_core.shell:Creating package script '/home/sergio/proyecto_final_ws/install/proyecto_interfaces/share/proyecto_interfaces/package.ps1'
[4.312s] INFO:colcon.colcon_core.shell:Creating package descriptor '/home/sergio/proyecto_final_ws/install/proyecto_interfaces/share/proyecto_interfaces/package.dsv'
[4.313s] INFO:colcon.colcon_core.shell:Creating package script '/home/sergio/proyecto_final_ws/install/proyecto_interfaces/share/proyecto_interfaces/package.sh'
[4.314s] INFO:colcon.colcon_core.shell:Creating package script '/home/sergio/proyecto_final_ws/install/proyecto_interfaces/share/proyecto_interfaces/package.bash'
[4.315s] INFO:colcon.colcon_core.shell:Creating package script '/home/sergio/proyecto_final_ws/install/proyecto_interfaces/share/proyecto_interfaces/package.zsh'
[4.317s] Level 1:colcon.colcon_core.environment:create_file_with_runtime_dependencies(/home/sergio/proyecto_final_ws/install/proyecto_interfaces/share/colcon-core/packages/proyecto_interfaces)
[4.362s] DEBUG:colcon.colcon_core.event_handler.log_command:Invoking command in '/home/sergio/proyecto_final_ws/src/proyecto_master_pkg': COMP_WORDBREAKS=
"'><=;|&( PYTHONPATH=/home/sergio/proyecto_final_ws/build/proyecto_master_pkg/prefix_override:/home/sergio/proyecto_final_ws/install/proyecto_master_pkg/lib/python3.10/site-packages:${PYTHONPATH} /usr/bin/python3 setup.py egg_info --egg-base ../../build/proyecto_master_pkg build --build-base /home/sergio/proyecto_final_ws/build/proyecto_master_pkg/build install --record /home/sergio/proyecto_final_ws/build/proyecto_master_pkg/install.log --install-scripts $base/lib/proyecto_master_pkg --single-version-externally-managed
[4.372s] DEBUG:colcon.colcon_core.event_handler.log_command:Invoking command in '/home/sergio/proyecto_final_ws/src/proyecto_nodos': COMP_WORDBREAKS=
"'><=;|&( PYTHONPATH=/home/sergio/proyecto_final_ws/build/turtle_bot_nodos/prefix_override:/home/sergio/proyecto_final_ws/install/turtle_bot_nodos/lib/python3.10/site-packages:${PYTHONPATH} /usr/bin/python3 setup.py egg_info --egg-base ../../build/turtle_bot_nodos build --build-base /home/sergio/proyecto_final_ws/build/turtle_bot_nodos/build install --record /home/sergio/proyecto_final_ws/build/turtle_bot_nodos/install.log --single-version-externally-managed
[4.484s] Level 1:colcon.colcon_core.environment:create_environment_scripts_only(proyecto_interfaces)
[4.489s] Level 1:colcon.colcon_core.environment:checking '/home/sergio/proyecto_final_ws/install/proyecto_interfaces' for CMake module files
[4.491s] Level 1:colcon.colcon_core.environment:checking '/home/sergio/proyecto_final_ws/install/proyecto_interfaces' for CMake config files
[4.491s] Level 1:colcon.colcon_core.shell:create_environment_hook('proyecto_interfaces', 'cmake_prefix_path')
[4.494s] INFO:colcon.colcon_core.shell:Creating environment hook '/home/sergio/proyecto_final_ws/install/proyecto_interfaces/share/proyecto_interfaces/hook/cmake_prefix_path.ps1'
[4.495s] INFO:colcon.colcon_core.shell:Creating environment descriptor '/home/sergio/proyecto_final_ws/install/proyecto_interfaces/share/proyecto_interfaces/hook/cmake_prefix_path.dsv'
[4.495s] INFO:colcon.colcon_core.shell:Creating environment hook '/home/sergio/proyecto_final_ws/install/proyecto_interfaces/share/proyecto_interfaces/hook/cmake_prefix_path.sh'
[4.496s] Level 1:colcon.colcon_core.environment:checking '/home/sergio/proyecto_final_ws/install/proyecto_interfaces/lib'
[4.496s] Level 1:colcon.colcon_core.shell:create_environment_hook('proyecto_interfaces', 'ld_library_path_lib')
[4.499s] INFO:colcon.colcon_core.shell:Creating environment hook '/home/sergio/proyecto_final_ws/install/proyecto_interfaces/share/proyecto_interfaces/hook/ld_library_path_lib.ps1'
[4.500s] INFO:colcon.colcon_core.shell:Creating environment descriptor '/home/sergio/proyecto_final_ws/install/proyecto_interfaces/share/proyecto_interfaces/hook/ld_library_path_lib.dsv'
[4.500s] INFO:colcon.colcon_core.shell:Creating environment hook '/home/sergio/proyecto_final_ws/install/proyecto_interfaces/share/proyecto_interfaces/hook/ld_library_path_lib.sh'
[4.501s] Level 1:colcon.colcon_core.environment:checking '/home/sergio/proyecto_final_ws/install/proyecto_interfaces/bin'
[4.501s] Level 1:colcon.colcon_core.environment:checking '/home/sergio/proyecto_final_ws/install/proyecto_interfaces/lib/pkgconfig/proyecto_interfaces.pc'
[4.501s] Level 1:colcon.colcon_core.environment:checking '/home/sergio/proyecto_final_ws/install/proyecto_interfaces/lib/python3.10/site-packages'
[4.502s] Level 1:colcon.colcon_core.environment:checking '/home/sergio/proyecto_final_ws/install/proyecto_interfaces/bin'
[4.505s] INFO:colcon.colcon_core.shell:Creating package script '/home/sergio/proyecto_final_ws/install/proyecto_interfaces/share/proyecto_interfaces/package.ps1'
[4.506s] INFO:colcon.colcon_core.shell:Creating package descriptor '/home/sergio/proyecto_final_ws/install/proyecto_interfaces/share/proyecto_interfaces/package.dsv'
[4.506s] INFO:colcon.colcon_core.shell:Creating package script '/home/sergio/proyecto_final_ws/install/proyecto_interfaces/share/proyecto_interfaces/package.sh'
[4.507s] INFO:colcon.colcon_core.shell:Creating package script '/home/sergio/proyecto_final_ws/install/proyecto_interfaces/share/proyecto_interfaces/package.bash'
[4.507s] INFO:colcon.colcon_core.shell:Creating package script '/home/sergio/proyecto_final_ws/install/proyecto_interfaces/share/proyecto_interfaces/package.zsh'
[4.508s] Level 1:colcon.colcon_core.environment:create_file_with_runtime_dependencies(/home/sergio/proyecto_final_ws/install/proyecto_interfaces/share/colcon-core/packages/proyecto_interfaces)
[5.070s] Level 1:colcon.colcon_core.environment:checking '/home/sergio/proyecto_final_ws/install/turtle_bot_nodos' for CMake module files
[5.070s] DEBUG:colcon.colcon_core.event_handler.log_command:Invoked command in '/home/sergio/proyecto_final_ws/src/proyecto_nodos' returned '0': COMP_WORDBREAKS=
"'><=;|&( PYTHONPATH=/home/sergio/proyecto_final_ws/build/turtle_bot_nodos/prefix_override:/home/sergio/proyecto_final_ws/install/turtle_bot_nodos/lib/python3.10/site-packages:${PYTHONPATH} /usr/bin/python3 setup.py egg_info --egg-base ../../build/turtle_bot_nodos build --build-base /home/sergio/proyecto_final_ws/build/turtle_bot_nodos/build install --record /home/sergio/proyecto_final_ws/build/turtle_bot_nodos/install.log --single-version-externally-managed
[5.071s] Level 1:colcon.colcon_core.environment:checking '/home/sergio/proyecto_final_ws/install/turtle_bot_nodos' for CMake config files
[5.071s] Level 1:colcon.colcon_core.environment:checking '/home/sergio/proyecto_final_ws/install/turtle_bot_nodos/lib'
[5.071s] Level 1:colcon.colcon_core.environment:checking '/home/sergio/proyecto_final_ws/install/turtle_bot_nodos/bin'
[5.071s] Level 1:colcon.colcon_core.environment:checking '/home/sergio/proyecto_final_ws/install/turtle_bot_nodos/lib/pkgconfig/turtle_bot_nodos.pc'
[5.071s] Level 1:colcon.colcon_core.environment:checking '/home/sergio/proyecto_final_ws/install/turtle_bot_nodos/lib/python3.10/site-packages'
[5.071s] Level 1:colcon.colcon_core.shell:create_environment_hook('turtle_bot_nodos', 'pythonpath')
[5.073s] INFO:colcon.colcon_core.shell:Creating environment hook '/home/sergio/proyecto_final_ws/install/turtle_bot_nodos/share/turtle_bot_nodos/hook/pythonpath.ps1'
[5.073s] INFO:colcon.colcon_core.shell:Creating environment descriptor '/home/sergio/proyecto_final_ws/install/turtle_bot_nodos/share/turtle_bot_nodos/hook/pythonpath.dsv'
[5.073s] INFO:colcon.colcon_core.shell:Creating environment hook '/home/sergio/proyecto_final_ws/install/turtle_bot_nodos/share/turtle_bot_nodos/hook/pythonpath.sh'
[5.074s] Level 1:colcon.colcon_core.environment:checking '/home/sergio/proyecto_final_ws/install/turtle_bot_nodos/bin'
[5.074s] Level 1:colcon.colcon_core.environment:create_environment_scripts_only(turtle_bot_nodos)
[5.075s] INFO:colcon.colcon_core.shell:Creating package script '/home/sergio/proyecto_final_ws/install/turtle_bot_nodos/share/turtle_bot_nodos/package.ps1'
[5.076s] INFO:colcon.colcon_core.shell:Creating package descriptor '/home/sergio/proyecto_final_ws/install/turtle_bot_nodos/share/turtle_bot_nodos/package.dsv'
[5.076s] INFO:colcon.colcon_core.shell:Creating package script '/home/sergio/proyecto_final_ws/install/turtle_bot_nodos/share/turtle_bot_nodos/package.sh'
[5.077s] INFO:colcon.colcon_core.shell:Creating package script '/home/sergio/proyecto_final_ws/install/turtle_bot_nodos/share/turtle_bot_nodos/package.bash'
[5.077s] INFO:colcon.colcon_core.shell:Creating package script '/home/sergio/proyecto_final_ws/install/turtle_bot_nodos/share/turtle_bot_nodos/package.zsh'
[5.078s] Level 1:colcon.colcon_core.environment:create_file_with_runtime_dependencies(/home/sergio/proyecto_final_ws/install/turtle_bot_nodos/share/colcon-core/packages/turtle_bot_nodos)
[5.119s] Level 1:colcon.colcon_core.environment:checking '/home/sergio/proyecto_final_ws/install/proyecto_master_pkg' for CMake module files
[5.120s] DEBUG:colcon.colcon_core.event_handler.log_command:Invoked command in '/home/sergio/proyecto_final_ws/src/proyecto_master_pkg' returned '0': COMP_WORDBREAKS=
"'><=;|&( PYTHONPATH=/home/sergio/proyecto_final_ws/build/proyecto_master_pkg/prefix_override:/home/sergio/proyecto_final_ws/install/proyecto_master_pkg/lib/python3.10/site-packages:${PYTHONPATH} /usr/bin/python3 setup.py egg_info --egg-base ../../build/proyecto_master_pkg build --build-base /home/sergio/proyecto_final_ws/build/proyecto_master_pkg/build install --record /home/sergio/proyecto_final_ws/build/proyecto_master_pkg/install.log --install-scripts $base/lib/proyecto_master_pkg --single-version-externally-managed
[5.120s] Level 1:colcon.colcon_core.environment:checking '/home/sergio/proyecto_final_ws/install/proyecto_master_pkg' for CMake config files
[5.121s] Level 1:colcon.colcon_core.environment:checking '/home/sergio/proyecto_final_ws/install/proyecto_master_pkg/lib'
[5.121s] Level 1:colcon.colcon_core.environment:checking '/home/sergio/proyecto_final_ws/install/proyecto_master_pkg/bin'
[5.121s] Level 1:colcon.colcon_core.environment:checking '/home/sergio/proyecto_final_ws/install/proyecto_master_pkg/lib/pkgconfig/proyecto_master_pkg.pc'
[5.122s] Level 1:colcon.colcon_core.environment:checking '/home/sergio/proyecto_final_ws/install/proyecto_master_pkg/lib/python3.10/site-packages'
[5.122s] Level 1:colcon.colcon_core.shell:create_environment_hook('proyecto_master_pkg', 'pythonpath')
[5.123s] INFO:colcon.colcon_core.shell:Creating environment hook '/home/sergio/proyecto_final_ws/install/proyecto_master_pkg/share/proyecto_master_pkg/hook/pythonpath.ps1'
[5.124s] INFO:colcon.colcon_core.shell:Creating environment descriptor '/home/sergio/proyecto_final_ws/install/proyecto_master_pkg/share/proyecto_master_pkg/hook/pythonpath.dsv'
[5.124s] INFO:colcon.colcon_core.shell:Creating environment hook '/home/sergio/proyecto_final_ws/install/proyecto_master_pkg/share/proyecto_master_pkg/hook/pythonpath.sh'
[5.124s] Level 1:colcon.colcon_core.environment:checking '/home/sergio/proyecto_final_ws/install/proyecto_master_pkg/bin'
[5.124s] Level 1:colcon.colcon_core.environment:create_environment_scripts_only(proyecto_master_pkg)
[5.126s] INFO:colcon.colcon_core.shell:Creating package script '/home/sergio/proyecto_final_ws/install/proyecto_master_pkg/share/proyecto_master_pkg/package.ps1'
[5.126s] INFO:colcon.colcon_core.shell:Creating package descriptor '/home/sergio/proyecto_final_ws/install/proyecto_master_pkg/share/proyecto_master_pkg/package.dsv'
[5.127s] INFO:colcon.colcon_core.shell:Creating package script '/home/sergio/proyecto_final_ws/install/proyecto_master_pkg/share/proyecto_master_pkg/package.sh'
[5.127s] INFO:colcon.colcon_core.shell:Creating package script '/home/sergio/proyecto_final_ws/install/proyecto_master_pkg/share/proyecto_master_pkg/package.bash'
[5.127s] INFO:colcon.colcon_core.shell:Creating package script '/home/sergio/proyecto_final_ws/install/proyecto_master_pkg/share/proyecto_master_pkg/package.zsh'
[5.128s] Level 1:colcon.colcon_core.environment:create_file_with_runtime_dependencies(/home/sergio/proyecto_final_ws/install/proyecto_master_pkg/share/colcon-core/packages/proyecto_master_pkg)
[5.128s] DEBUG:colcon.colcon_parallel_executor.executor.parallel:closing loop
[5.128s] DEBUG:colcon.colcon_parallel_executor.executor.parallel:loop closed
[5.128s] DEBUG:colcon.colcon_parallel_executor.executor.parallel:run_until_complete finished with '0'
[5.129s] DEBUG:colcon.colcon_core.event_reactor:joining thread
[5.134s] INFO:colcon.colcon_core.plugin_system:Skipping extension 'colcon_notification.desktop_notification.terminal_notifier': Not used on non-Darwin systems
[5.134s] INFO:colcon.colcon_core.plugin_system:Skipping extension 'colcon_notification.desktop_notification.win32': Not used on non-Windows systems
[5.134s] INFO:colcon.colcon_notification.desktop_notification:Sending desktop notification using 'notify2'
[5.146s] DEBUG:colcon.colcon_core.event_reactor:joined thread
[5.147s] INFO:colcon.colcon_core.shell:Creating prefix script '/home/sergio/proyecto_final_ws/install/local_setup.ps1'
[5.148s] INFO:colcon.colcon_core.shell:Creating prefix util module '/home/sergio/proyecto_final_ws/install/_local_setup_util_ps1.py'
[5.149s] INFO:colcon.colcon_core.shell:Creating prefix chain script '/home/sergio/proyecto_final_ws/install/setup.ps1'
[5.151s] INFO:colcon.colcon_core.shell:Creating prefix script '/home/sergio/proyecto_final_ws/install/local_setup.sh'
[5.151s] INFO:colcon.colcon_core.shell:Creating prefix util module '/home/sergio/proyecto_final_ws/install/_local_setup_util_sh.py'
[5.152s] INFO:colcon.colcon_core.shell:Creating prefix chain script '/home/sergio/proyecto_final_ws/install/setup.sh'
[5.153s] INFO:colcon.colcon_core.shell:Creating prefix script '/home/sergio/proyecto_final_ws/install/local_setup.bash'
[5.154s] INFO:colcon.colcon_core.shell:Creating prefix chain script '/home/sergio/proyecto_final_ws/install/setup.bash'
[5.156s] INFO:colcon.colcon_core.shell:Creating prefix script '/home/sergio/proyecto_final_ws/install/local_setup.zsh'
[5.156s] INFO:colcon.colcon_core.shell:Creating prefix chain script '/home/sergio/proyecto_final_ws/install/setup.zsh'
