[0.274s] DEBUG:colcon:Command line arguments: ['/usr/bin/colcon', 'build']
[0.274s] DEBUG:colcon:Parsed command line arguments: Namespace(log_base=None, log_level=None, verb_name='build', build_base='build', install_base='install', merge_install=False, symlink_install=False, test_result_base=None, continue_on_error=False, executor='parallel', parallel_workers=8, event_handlers=None, ignore_user_meta=False, metas=['./colcon.meta'], base_paths=['.'], packages_ignore=None, packages_ignore_regex=None, paths=None, packages_up_to=None, packages_up_to_regex=None, packages_above=None, packages_above_and_dependencies=None, packages_above_depth=None, packages_select_by_dep=None, packages_skip_by_dep=None, packages_skip_up_to=None, packages_select_build_failed=False, packages_skip_build_finished=False, packages_select_test_failures=False, packages_skip_test_passed=False, packages_select=None, packages_skip=None, packages_select_regex=None, packages_skip_regex=None, packages_start=None, packages_end=None, allow_overriding=[], cmake_args=None, cmake_target=None, cmake_target_skip_unavailable=False, cmake_clean_cache=False, cmake_clean_first=False, cmake_force_configure=False, ament_cmake_args=None, catkin_cmake_args=None, catkin_skip_building_tests=False, verb_parser=<colcon_defaults.argument_parser.defaults.DefaultArgumentsDecorator object at 0x7fddfc387ee0>, verb_extension=<colcon_core.verb.build.BuildVerb object at 0x7fddfc4d5a80>, main=<bound method BuildVerb.main of <colcon_core.verb.build.BuildVerb object at 0x7fddfc4d5a80>>)
[0.303s] Level 1:colcon.colcon_core.package_discovery:discover_packages(colcon_meta) check parameters
[0.303s] Level 1:colcon.colcon_core.package_discovery:discover_packages(recursive) check parameters
[0.303s] Level 1:colcon.colcon_core.package_discovery:discover_packages(ignore) check parameters
[0.303s] Level 1:colcon.colcon_core.package_discovery:discover_packages(path) check parameters
[0.303s] Level 1:colcon.colcon_core.package_discovery:discover_packages(colcon_meta) discover
[0.303s] Level 1:colcon.colcon_core.package_discovery:discover_packages(recursive) discover
[0.303s] INFO:colcon.colcon_core.package_discovery:Crawling recursively for packages in '/home/sergio/proyecto_final_ws'
[0.303s] Level 1:colcon.colcon_core.package_identification:_identify(.) by extensions ['ignore', 'ignore_ament_install']
[0.303s] Level 1:colcon.colcon_core.package_identification:_identify(.) by extension 'ignore'
[0.303s] Level 1:colcon.colcon_core.package_identification:_identify(.) by extension 'ignore_ament_install'
[0.303s] Level 1:colcon.colcon_core.package_identification:_identify(.) by extensions ['colcon_pkg']
[0.303s] Level 1:colcon.colcon_core.package_identification:_identify(.) by extension 'colcon_pkg'
[0.303s] Level 1:colcon.colcon_core.package_identification:_identify(.) by extensions ['colcon_meta']
[0.304s] Level 1:colcon.colcon_core.package_identification:_identify(.) by extension 'colcon_meta'
[0.304s] Level 1:colcon.colcon_core.package_identification:_identify(.) by extensions ['ros']
[0.304s] Level 1:colcon.colcon_core.package_identification:_identify(.) by extension 'ros'
[0.316s] Level 1:colcon.colcon_core.package_identification:_identify(.) by extensions ['cmake', 'python']
[0.316s] Level 1:colcon.colcon_core.package_identification:_identify(.) by extension 'cmake'
[0.316s] Level 1:colcon.colcon_core.package_identification:_identify(.) by extension 'python'
[0.316s] Level 1:colcon.colcon_core.package_identification:_identify(.) by extensions ['python_setup_py']
[0.316s] Level 1:colcon.colcon_core.package_identification:_identify(.) by extension 'python_setup_py'
[0.316s] Level 1:colcon.colcon_core.package_identification:_identify(build) by extensions ['ignore', 'ignore_ament_install']
[0.317s] Level 1:colcon.colcon_core.package_identification:_identify(build) by extension 'ignore'
[0.317s] Level 1:colcon.colcon_core.package_identification:_identify(build) ignored
[0.317s] Level 1:colcon.colcon_core.package_identification:_identify(install) by extensions ['ignore', 'ignore_ament_install']
[0.317s] Level 1:colcon.colcon_core.package_identification:_identify(install) by extension 'ignore'
[0.317s] Level 1:colcon.colcon_core.package_identification:_identify(install) ignored
[0.317s] Level 1:colcon.colcon_core.package_identification:_identify(log) by extensions ['ignore', 'ignore_ament_install']
[0.317s] Level 1:colcon.colcon_core.package_identification:_identify(log) by extension 'ignore'
[0.317s] Level 1:colcon.colcon_core.package_identification:_identify(log) ignored
[0.317s] Level 1:colcon.colcon_core.package_identification:_identify(src) by extensions ['ignore', 'ignore_ament_install']
[0.317s] Level 1:colcon.colcon_core.package_identification:_identify(src) by extension 'ignore'
[0.317s] Level 1:colcon.colcon_core.package_identification:_identify(src) by extension 'ignore_ament_install'
[0.317s] Level 1:colcon.colcon_core.package_identification:_identify(src) by extensions ['colcon_pkg']
[0.317s] Level 1:colcon.colcon_core.package_identification:_identify(src) by extension 'colcon_pkg'
[0.317s] Level 1:colcon.colcon_core.package_identification:_identify(src) by extensions ['colcon_meta']
[0.317s] Level 1:colcon.colcon_core.package_identification:_identify(src) by extension 'colcon_meta'
[0.317s] Level 1:colcon.colcon_core.package_identification:_identify(src) by extensions ['ros']
[0.317s] Level 1:colcon.colcon_core.package_identification:_identify(src) by extension 'ros'
[0.318s] Level 1:colcon.colcon_core.package_identification:_identify(src) by extensions ['cmake', 'python']
[0.318s] Level 1:colcon.colcon_core.package_identification:_identify(src) by extension 'cmake'
[0.318s] Level 1:colcon.colcon_core.package_identification:_identify(src) by extension 'python'
[0.318s] Level 1:colcon.colcon_core.package_identification:_identify(src) by extensions ['python_setup_py']
[0.318s] Level 1:colcon.colcon_core.package_identification:_identify(src) by extension 'python_setup_py'
[0.318s] Level 1:colcon.colcon_core.package_identification:_identify(src/proyecto_interfaces) by extensions ['ignore', 'ignore_ament_install']
[0.318s] Level 1:colcon.colcon_core.package_identification:_identify(src/proyecto_interfaces) by extension 'ignore'
[0.318s] Level 1:colcon.colcon_core.package_identification:_identify(src/proyecto_interfaces) by extension 'ignore_ament_install'
[0.318s] Level 1:colcon.colcon_core.package_identification:_identify(src/proyecto_interfaces) by extensions ['colcon_pkg']
[0.318s] Level 1:colcon.colcon_core.package_identification:_identify(src/proyecto_interfaces) by extension 'colcon_pkg'
[0.318s] Level 1:colcon.colcon_core.package_identification:_identify(src/proyecto_interfaces) by extensions ['colcon_meta']
[0.318s] Level 1:colcon.colcon_core.package_identification:_identify(src/proyecto_interfaces) by extension 'colcon_meta'
[0.318s] Level 1:colcon.colcon_core.package_identification:_identify(src/proyecto_interfaces) by extensions ['ros']
[0.318s] Level 1:colcon.colcon_core.package_identification:_identify(src/proyecto_interfaces) by extension 'ros'
[0.320s] DEBUG:colcon.colcon_core.package_identification:Package 'src/proyecto_interfaces' with type 'ros.ament_cmake' and name 'proyecto_interfaces'
[0.320s] Level 1:colcon.colcon_core.package_identification:_identify(src/proyecto_master_pkg) by extensions ['ignore', 'ignore_ament_install']
[0.320s] Level 1:colcon.colcon_core.package_identification:_identify(src/proyecto_master_pkg) by extension 'ignore'
[0.320s] Level 1:colcon.colcon_core.package_identification:_identify(src/proyecto_master_pkg) by extension 'ignore_ament_install'
[0.321s] Level 1:colcon.colcon_core.package_identification:_identify(src/proyecto_master_pkg) by extensions ['colcon_pkg']
[0.321s] Level 1:colcon.colcon_core.package_identification:_identify(src/proyecto_master_pkg) by extension 'colcon_pkg'
[0.321s] Level 1:colcon.colcon_core.package_identification:_identify(src/proyecto_master_pkg) by extensions ['colcon_meta']
[0.321s] Level 1:colcon.colcon_core.package_identification:_identify(src/proyecto_master_pkg) by extension 'colcon_meta'
[0.321s] Level 1:colcon.colcon_core.package_identification:_identify(src/proyecto_master_pkg) by extensions ['ros']
[0.321s] Level 1:colcon.colcon_core.package_identification:_identify(src/proyecto_master_pkg) by extension 'ros'
[0.321s] DEBUG:colcon.colcon_core.package_identification:Package 'src/proyecto_master_pkg' with type 'ros.ament_python' and name 'proyecto_master_pkg'
[0.321s] Level 1:colcon.colcon_core.package_identification:_identify(src/proyecto_nodos) by extensions ['ignore', 'ignore_ament_install']
[0.321s] Level 1:colcon.colcon_core.package_identification:_identify(src/proyecto_nodos) by extension 'ignore'
[0.321s] Level 1:colcon.colcon_core.package_identification:_identify(src/proyecto_nodos) by extension 'ignore_ament_install'
[0.321s] Level 1:colcon.colcon_core.package_identification:_identify(src/proyecto_nodos) by extensions ['colcon_pkg']
[0.321s] Level 1:colcon.colcon_core.package_identification:_identify(src/proyecto_nodos) by extension 'colcon_pkg'
[0.322s] Level 1:colcon.colcon_core.package_identification:_identify(src/proyecto_nodos) by extensions ['colcon_meta']
[0.322s] Level 1:colcon.colcon_core.package_identification:_identify(src/proyecto_nodos) by extension 'colcon_meta'
[0.322s] Level 1:colcon.colcon_core.package_identification:_identify(src/proyecto_nodos) by extensions ['ros']
[0.322s] Level 1:colcon.colcon_core.package_identification:_identify(src/proyecto_nodos) by extension 'ros'
[0.322s] DEBUG:colcon.colcon_core.package_identification:Package 'src/proyecto_nodos' with type 'ros.ament_python' and name 'turtle_bot_nodos'
[0.322s] Level 1:colcon.colcon_core.package_identification:_identify(src/vision_opencv) by extensions ['ignore', 'ignore_ament_install']
[0.322s] Level 1:colcon.colcon_core.package_identification:_identify(src/vision_opencv) by extension 'ignore'
[0.322s] Level 1:colcon.colcon_core.package_identification:_identify(src/vision_opencv) by extension 'ignore_ament_install'
[0.322s] Level 1:colcon.colcon_core.package_identification:_identify(src/vision_opencv) by extensions ['colcon_pkg']
[0.323s] Level 1:colcon.colcon_core.package_identification:_identify(src/vision_opencv) by extension 'colcon_pkg'
[0.323s] Level 1:colcon.colcon_core.package_identification:_identify(src/vision_opencv) by extensions ['colcon_meta']
[0.323s] Level 1:colcon.colcon_core.package_identification:_identify(src/vision_opencv) by extension 'colcon_meta'
[0.323s] Level 1:colcon.colcon_core.package_identification:_identify(src/vision_opencv) by extensions ['ros']
[0.323s] Level 1:colcon.colcon_core.package_identification:_identify(src/vision_opencv) by extension 'ros'
[0.323s] Level 1:colcon.colcon_core.package_identification:_identify(src/vision_opencv) by extensions ['cmake', 'python']
[0.323s] Level 1:colcon.colcon_core.package_identification:_identify(src/vision_opencv) by extension 'cmake'
[0.323s] Level 1:colcon.colcon_core.package_identification:_identify(src/vision_opencv) by extension 'python'
[0.323s] Level 1:colcon.colcon_core.package_identification:_identify(src/vision_opencv) by extensions ['python_setup_py']
[0.323s] Level 1:colcon.colcon_core.package_identification:_identify(src/vision_opencv) by extension 'python_setup_py'
[0.323s] Level 1:colcon.colcon_core.package_discovery:discover_packages(recursive) using defaults
[0.323s] Level 1:colcon.colcon_core.package_discovery:discover_packages(ignore) discover
[0.323s] Level 1:colcon.colcon_core.package_discovery:discover_packages(ignore) using defaults
[0.323s] Level 1:colcon.colcon_core.package_discovery:discover_packages(path) discover
[0.323s] Level 1:colcon.colcon_core.package_discovery:discover_packages(path) using defaults
[0.345s] Level 1:colcon.colcon_core.package_discovery:discover_packages(prefix_path) check parameters
[0.345s] Level 1:colcon.colcon_core.package_discovery:discover_packages(prefix_path) discover
[0.347s] DEBUG:colcon.colcon_installed_package_information.package_discovery:Found 3 installed packages in /home/sergio/proyecto_final_ws/install
[0.349s] DEBUG:colcon.colcon_installed_package_information.package_discovery:Found 285 installed packages in /opt/ros/humble
[0.350s] Level 1:colcon.colcon_core.package_discovery:discover_packages(prefix_path) using defaults
[0.405s] Level 5:colcon.colcon_core.verb:set package 'proyecto_interfaces' build argument 'cmake_args' from command line to 'None'
[0.405s] Level 5:colcon.colcon_core.verb:set package 'proyecto_interfaces' build argument 'cmake_target' from command line to 'None'
[0.405s] Level 5:colcon.colcon_core.verb:set package 'proyecto_interfaces' build argument 'cmake_target_skip_unavailable' from command line to 'False'
[0.405s] Level 5:colcon.colcon_core.verb:set package 'proyecto_interfaces' build argument 'cmake_clean_cache' from command line to 'False'
[0.405s] Level 5:colcon.colcon_core.verb:set package 'proyecto_interfaces' build argument 'cmake_clean_first' from command line to 'False'
[0.405s] Level 5:colcon.colcon_core.verb:set package 'proyecto_interfaces' build argument 'cmake_force_configure' from command line to 'False'
[0.405s] Level 5:colcon.colcon_core.verb:set package 'proyecto_interfaces' build argument 'ament_cmake_args' from command line to 'None'
[0.405s] Level 5:colcon.colcon_core.verb:set package 'proyecto_interfaces' build argument 'catkin_cmake_args' from command line to 'None'
[0.405s] Level 5:colcon.colcon_core.verb:set package 'proyecto_interfaces' build argument 'catkin_skip_building_tests' from command line to 'False'
[0.406s] DEBUG:colcon.colcon_core.verb:Building package 'proyecto_interfaces' with the following arguments: {'ament_cmake_args': None, 'build_base': '/home/sergio/proyecto_final_ws/build/proyecto_interfaces', 'catkin_cmake_args': None, 'catkin_skip_building_tests': False, 'cmake_args': None, 'cmake_clean_cache': False, 'cmake_clean_first': False, 'cmake_force_configure': False, 'cmake_target': None, 'cmake_target_skip_unavailable': False, 'install_base': '/home/sergio/proyecto_final_ws/install/proyecto_interfaces', 'merge_install': False, 'path': '/home/sergio/proyecto_final_ws/src/proyecto_interfaces', 'symlink_install': False, 'test_result_base': None}
[0.406s] Level 5:colcon.colcon_core.verb:set package 'proyecto_master_pkg' build argument 'cmake_args' from command line to 'None'
[0.406s] Level 5:colcon.colcon_core.verb:set package 'proyecto_master_pkg' build argument 'cmake_target' from command line to 'None'
[0.407s] Level 5:colcon.colcon_core.verb:set package 'proyecto_master_pkg' build argument 'cmake_target_skip_unavailable' from command line to 'False'
[0.407s] Level 5:colcon.colcon_core.verb:set package 'proyecto_master_pkg' build argument 'cmake_clean_cache' from command line to 'False'
[0.407s] Level 5:colcon.colcon_core.verb:set package 'proyecto_master_pkg' build argument 'cmake_clean_first' from command line to 'False'
[0.407s] Level 5:colcon.colcon_core.verb:set package 'proyecto_master_pkg' build argument 'cmake_force_configure' from command line to 'False'
[0.407s] Level 5:colcon.colcon_core.verb:set package 'proyecto_master_pkg' build argument 'ament_cmake_args' from command line to 'None'
[0.407s] Level 5:colcon.colcon_core.verb:set package 'proyecto_master_pkg' build argument 'catkin_cmake_args' from command line to 'None'
[0.407s] Level 5:colcon.colcon_core.verb:set package 'proyecto_master_pkg' build argument 'catkin_skip_building_tests' from command line to 'False'
[0.407s] DEBUG:colcon.colcon_core.verb:Building package 'proyecto_master_pkg' with the following arguments: {'ament_cmake_args': None, 'build_base': '/home/sergio/proyecto_final_ws/build/proyecto_master_pkg', 'catkin_cmake_args': None, 'catkin_skip_building_tests': False, 'cmake_args': None, 'cmake_clean_cache': False, 'cmake_clean_first': False, 'cmake_force_configure': False, 'cmake_target': None, 'cmake_target_skip_unavailable': False, 'install_base': '/home/sergio/proyecto_final_ws/install/proyecto_master_pkg', 'merge_install': False, 'path': '/home/sergio/proyecto_final_ws/src/proyecto_master_pkg', 'symlink_install': False, 'test_result_base': None}
[0.408s] Level 5:colcon.colcon_core.verb:set package 'turtle_bot_nodos' build argument 'cmake_args' from command line to 'None'
[0.408s] Level 5:colcon.colcon_core.verb:set package 'turtle_bot_nodos' build argument 'cmake_target' from command line to 'None'
[0.408s] Level 5:colcon.colcon_core.verb:set package 'turtle_bot_nodos' build argument 'cmake_target_skip_unavailable' from command line to 'False'
[0.408s] Level 5:colcon.colcon_core.verb:set package 'turtle_bot_nodos' build argument 'cmake_clean_cache' from command line to 'False'
[0.408s] Level 5:colcon.colcon_core.verb:set package 'turtle_bot_nodos' build argument 'cmake_clean_first' from command line to 'False'
[0.408s] Level 5:colcon.colcon_core.verb:set package 'turtle_bot_nodos' build argument 'cmake_force_configure' from command line to 'False'
[0.408s] Level 5:colcon.colcon_core.verb:set package 'turtle_bot_nodos' build argument 'ament_cmake_args' from command line to 'None'
[0.408s] Level 5:colcon.colcon_core.verb:set package 'turtle_bot_nodos' build argument 'catkin_cmake_args' from command line to 'None'
[0.408s] Level 5:colcon.colcon_core.verb:set package 'turtle_bot_nodos' build argument 'catkin_skip_building_tests' from command line to 'False'
[0.408s] DEBUG:colcon.colcon_core.verb:Building package 'turtle_bot_nodos' with the following arguments: {'ament_cmake_args': None, 'build_base': '/home/sergio/proyecto_final_ws/build/turtle_bot_nodos', 'catkin_cmake_args': None, 'catkin_skip_building_tests': False, 'cmake_args': None, 'cmake_clean_cache': False, 'cmake_clean_first': False, 'cmake_force_configure': False, 'cmake_target': None, 'cmake_target_skip_unavailable': False, 'install_base': '/home/sergio/proyecto_final_ws/install/turtle_bot_nodos', 'merge_install': False, 'path': '/home/sergio/proyecto_final_ws/src/proyecto_nodos', 'symlink_install': False, 'test_result_base': None}
[0.409s] INFO:colcon.colcon_core.executor:Executing jobs using 'parallel' executor
[0.412s] DEBUG:colcon.colcon_parallel_executor.executor.parallel:run_until_complete
[0.412s] INFO:colcon.colcon_ros.task.ament_cmake.build:Building ROS package in '/home/sergio/proyecto_final_ws/src/proyecto_interfaces' with build type 'ament_cmake'
[0.412s] INFO:colcon.colcon_cmake.task.cmake.build:Building CMake package in '/home/sergio/proyecto_final_ws/src/proyecto_interfaces'
[0.416s] INFO:colcon.colcon_core.plugin_system:Skipping extension 'colcon_core.shell.bat': Not used on non-Windows systems
[0.416s] INFO:colcon.colcon_core.shell:Skip shell extension 'powershell' for command environment: Not usable outside of PowerShell
[0.416s] DEBUG:colcon.colcon_core.shell:Skip shell extension 'dsv' for command environment
[0.512s] INFO:colcon.colcon_ros.task.ament_python.build:Building ROS package in '/home/sergio/proyecto_final_ws/src/proyecto_master_pkg' with build type 'ament_python'
[0.513s] Level 1:colcon.colcon_core.shell:create_environment_hook('proyecto_master_pkg', 'ament_prefix_path')
[0.515s] INFO:colcon.colcon_core.shell:Creating environment hook '/home/sergio/proyecto_final_ws/install/proyecto_master_pkg/share/proyecto_master_pkg/hook/ament_prefix_path.ps1'
[0.520s] INFO:colcon.colcon_core.shell:Creating environment descriptor '/home/sergio/proyecto_final_ws/install/proyecto_master_pkg/share/proyecto_master_pkg/hook/ament_prefix_path.dsv'
[0.521s] INFO:colcon.colcon_core.shell:Creating environment hook '/home/sergio/proyecto_final_ws/install/proyecto_master_pkg/share/proyecto_master_pkg/hook/ament_prefix_path.sh'
[0.525s] INFO:colcon.colcon_core.shell:Skip shell extension 'powershell' for command environment: Not usable outside of PowerShell
[0.526s] DEBUG:colcon.colcon_core.shell:Skip shell extension 'dsv' for command environment
[0.534s] INFO:colcon.colcon_ros.task.ament_python.build:Building ROS package in '/home/sergio/proyecto_final_ws/src/proyecto_nodos' with build type 'ament_python'
[0.534s] Level 1:colcon.colcon_core.shell:create_environment_hook('turtle_bot_nodos', 'ament_prefix_path')
[0.537s] INFO:colcon.colcon_core.shell:Creating environment hook '/home/sergio/proyecto_final_ws/install/turtle_bot_nodos/share/turtle_bot_nodos/hook/ament_prefix_path.ps1'
[0.538s] INFO:colcon.colcon_core.shell:Creating environment descriptor '/home/sergio/proyecto_final_ws/install/turtle_bot_nodos/share/turtle_bot_nodos/hook/ament_prefix_path.dsv'
[0.539s] INFO:colcon.colcon_core.shell:Creating environment hook '/home/sergio/proyecto_final_ws/install/turtle_bot_nodos/share/turtle_bot_nodos/hook/ament_prefix_path.sh'
[0.542s] INFO:colcon.colcon_core.shell:Skip shell extension 'powershell' for command environment: Not usable outside of PowerShell
[0.542s] DEBUG:colcon.colcon_core.shell:Skip shell extension 'dsv' for command environment
[0.555s] DEBUG:colcon.colcon_core.event_handler.log_command:Invoking command in '/home/sergio/proyecto_final_ws/build/proyecto_interfaces': CMAKE_PREFIX_PATH=${CMAKE_PREFIX_PATH}:/home/sergio/proyecto_final_ws/install/proyecto_master_pkg:/opt/ros/humble COMP_WORDBREAKS=
"'><=;|&( /usr/bin/cmake --build /home/sergio/proyecto_final_ws/build/proyecto_interfaces -- -j8 -l8
[0.824s] INFO:colcon.colcon_core.task.python.build:Building Python package in '/home/sergio/proyecto_final_ws/src/proyecto_master_pkg'
[0.825s] INFO:colcon.colcon_core.shell:Skip shell extension 'powershell' for command environment: Not usable outside of PowerShell
[0.825s] DEBUG:colcon.colcon_core.shell:Skip shell extension 'dsv' for command environment
[1.030s] WARNING:colcon.colcon_ros.task.ament_python.build:Package 'turtle_bot_nodos' doesn't explicitly install a marker in the package index (colcon-ros currently does it implicitly but that fallback will be removed in the future)
[1.030s] WARNING:colcon.colcon_ros.task.ament_python.build:Package 'turtle_bot_nodos' doesn't explicitly install the 'package.xml' file (colcon-ros currently does it implicitly but that fallback will be removed in the future)
[1.030s] INFO:colcon.colcon_core.task.python.build:Building Python package in '/home/sergio/proyecto_final_ws/src/proyecto_nodos'
[1.031s] INFO:colcon.colcon_core.shell:Skip shell extension 'powershell' for command environment: Not usable outside of PowerShell
[1.031s] DEBUG:colcon.colcon_core.shell:Skip shell extension 'dsv' for command environment
[1.040s] DEBUG:colcon.colcon_core.event_handler.log_command:Invoked command in '/home/sergio/proyecto_final_ws/build/proyecto_interfaces' returned '0': CMAKE_PREFIX_PATH=${CMAKE_PREFIX_PATH}:/home/sergio/proyecto_final_ws/install/proyecto_master_pkg:/opt/ros/humble COMP_WORDBREAKS=
"'><=;|&( /usr/bin/cmake --build /home/sergio/proyecto_final_ws/build/proyecto_interfaces -- -j8 -l8
[1.157s] DEBUG:colcon.colcon_core.event_handler.log_command:Invoking command in '/home/sergio/proyecto_final_ws/build/proyecto_interfaces': CMAKE_PREFIX_PATH=${CMAKE_PREFIX_PATH}:/home/sergio/proyecto_final_ws/install/proyecto_master_pkg:/opt/ros/humble COMP_WORDBREAKS=
"'><=;|&( /usr/bin/cmake --install /home/sergio/proyecto_final_ws/build/proyecto_interfaces
[1.228s] Level 1:colcon.colcon_core.environment:create_environment_scripts_only(proyecto_interfaces)
[1.236s] Level 1:colcon.colcon_core.environment:checking '/home/sergio/proyecto_final_ws/install/proyecto_interfaces' for CMake module files
[1.238s] DEBUG:colcon.colcon_core.event_handler.log_command:Invoked command in '/home/sergio/proyecto_final_ws/build/proyecto_interfaces' returned '0': CMAKE_PREFIX_PATH=${CMAKE_PREFIX_PATH}:/home/sergio/proyecto_final_ws/install/proyecto_master_pkg:/opt/ros/humble COMP_WORDBREAKS=
"'><=;|&( /usr/bin/cmake --install /home/sergio/proyecto_final_ws/build/proyecto_interfaces
[1.238s] Level 1:colcon.colcon_core.environment:checking '/home/sergio/proyecto_final_ws/install/proyecto_interfaces' for CMake config files
[1.238s] Level 1:colcon.colcon_core.shell:create_environment_hook('proyecto_interfaces', 'cmake_prefix_path')
[1.239s] INFO:colcon.colcon_core.shell:Creating environment hook '/home/sergio/proyecto_final_ws/install/proyecto_interfaces/share/proyecto_interfaces/hook/cmake_prefix_path.ps1'
[1.240s] INFO:colcon.colcon_core.shell:Creating environment descriptor '/home/sergio/proyecto_final_ws/install/proyecto_interfaces/share/proyecto_interfaces/hook/cmake_prefix_path.dsv'
[1.241s] INFO:colcon.colcon_core.shell:Creating environment hook '/home/sergio/proyecto_final_ws/install/proyecto_interfaces/share/proyecto_interfaces/hook/cmake_prefix_path.sh'
[1.241s] Level 1:colcon.colcon_core.environment:checking '/home/sergio/proyecto_final_ws/install/proyecto_interfaces/lib'
[1.242s] Level 1:colcon.colcon_core.shell:create_environment_hook('proyecto_interfaces', 'ld_library_path_lib')
[1.243s] INFO:colcon.colcon_core.shell:Creating environment hook '/home/sergio/proyecto_final_ws/install/proyecto_interfaces/share/proyecto_interfaces/hook/ld_library_path_lib.ps1'
[1.243s] INFO:colcon.colcon_core.shell:Creating environment descriptor '/home/sergio/proyecto_final_ws/install/proyecto_interfaces/share/proyecto_interfaces/hook/ld_library_path_lib.dsv'
[1.244s] INFO:colcon.colcon_core.shell:Creating environment hook '/home/sergio/proyecto_final_ws/install/proyecto_interfaces/share/proyecto_interfaces/hook/ld_library_path_lib.sh'
[1.244s] Level 1:colcon.colcon_core.environment:checking '/home/sergio/proyecto_final_ws/install/proyecto_interfaces/bin'
[1.244s] Level 1:colcon.colcon_core.environment:checking '/home/sergio/proyecto_final_ws/install/proyecto_interfaces/lib/pkgconfig/proyecto_interfaces.pc'
[1.245s] Level 1:colcon.colcon_core.environment:checking '/home/sergio/proyecto_final_ws/install/proyecto_interfaces/lib/python3.10/site-packages'
[1.245s] Level 1:colcon.colcon_core.environment:checking '/home/sergio/proyecto_final_ws/install/proyecto_interfaces/bin'
[1.246s] INFO:colcon.colcon_core.shell:Creating package script '/home/sergio/proyecto_final_ws/install/proyecto_interfaces/share/proyecto_interfaces/package.ps1'
[1.247s] INFO:colcon.colcon_core.shell:Creating package descriptor '/home/sergio/proyecto_final_ws/install/proyecto_interfaces/share/proyecto_interfaces/package.dsv'
[1.248s] INFO:colcon.colcon_core.shell:Creating package script '/home/sergio/proyecto_final_ws/install/proyecto_interfaces/share/proyecto_interfaces/package.sh'
[1.249s] INFO:colcon.colcon_core.shell:Creating package script '/home/sergio/proyecto_final_ws/install/proyecto_interfaces/share/proyecto_interfaces/package.bash'
[1.250s] INFO:colcon.colcon_core.shell:Creating package script '/home/sergio/proyecto_final_ws/install/proyecto_interfaces/share/proyecto_interfaces/package.zsh'
[1.250s] Level 1:colcon.colcon_core.environment:create_file_with_runtime_dependencies(/home/sergio/proyecto_final_ws/install/proyecto_interfaces/share/colcon-core/packages/proyecto_interfaces)
[1.360s] Level 1:colcon.colcon_core.environment:create_environment_scripts_only(proyecto_interfaces)
[1.363s] Level 1:colcon.colcon_core.environment:checking '/home/sergio/proyecto_final_ws/install/proyecto_interfaces' for CMake module files
[1.364s] Level 1:colcon.colcon_core.environment:checking '/home/sergio/proyecto_final_ws/install/proyecto_interfaces' for CMake config files
[1.365s] Level 1:colcon.colcon_core.shell:create_environment_hook('proyecto_interfaces', 'cmake_prefix_path')
[1.367s] INFO:colcon.colcon_core.shell:Creating environment hook '/home/sergio/proyecto_final_ws/install/proyecto_interfaces/share/proyecto_interfaces/hook/cmake_prefix_path.ps1'
[1.367s] INFO:colcon.colcon_core.shell:Creating environment descriptor '/home/sergio/proyecto_final_ws/install/proyecto_interfaces/share/proyecto_interfaces/hook/cmake_prefix_path.dsv'
[1.368s] INFO:colcon.colcon_core.shell:Creating environment hook '/home/sergio/proyecto_final_ws/install/proyecto_interfaces/share/proyecto_interfaces/hook/cmake_prefix_path.sh'
[1.369s] Level 1:colcon.colcon_core.environment:checking '/home/sergio/proyecto_final_ws/install/proyecto_interfaces/lib'
[1.369s] Level 1:colcon.colcon_core.shell:create_environment_hook('proyecto_interfaces', 'ld_library_path_lib')
[1.371s] INFO:colcon.colcon_core.shell:Creating environment hook '/home/sergio/proyecto_final_ws/install/proyecto_interfaces/share/proyecto_interfaces/hook/ld_library_path_lib.ps1'
[1.372s] INFO:colcon.colcon_core.shell:Creating environment descriptor '/home/sergio/proyecto_final_ws/install/proyecto_interfaces/share/proyecto_interfaces/hook/ld_library_path_lib.dsv'
[1.372s] INFO:colcon.colcon_core.shell:Creating environment hook '/home/sergio/proyecto_final_ws/install/proyecto_interfaces/share/proyecto_interfaces/hook/ld_library_path_lib.sh'
[1.373s] Level 1:colcon.colcon_core.environment:checking '/home/sergio/proyecto_final_ws/install/proyecto_interfaces/bin'
[1.373s] Level 1:colcon.colcon_core.environment:checking '/home/sergio/proyecto_final_ws/install/proyecto_interfaces/lib/pkgconfig/proyecto_interfaces.pc'
[1.373s] Level 1:colcon.colcon_core.environment:checking '/home/sergio/proyecto_final_ws/install/proyecto_interfaces/lib/python3.10/site-packages'
[1.374s] Level 1:colcon.colcon_core.environment:checking '/home/sergio/proyecto_final_ws/install/proyecto_interfaces/bin'
[1.376s] INFO:colcon.colcon_core.shell:Creating package script '/home/sergio/proyecto_final_ws/install/proyecto_interfaces/share/proyecto_interfaces/package.ps1'
[1.377s] INFO:colcon.colcon_core.shell:Creating package descriptor '/home/sergio/proyecto_final_ws/install/proyecto_interfaces/share/proyecto_interfaces/package.dsv'
[1.377s] INFO:colcon.colcon_core.shell:Creating package script '/home/sergio/proyecto_final_ws/install/proyecto_interfaces/share/proyecto_interfaces/package.sh'
[1.377s] INFO:colcon.colcon_core.shell:Creating package script '/home/sergio/proyecto_final_ws/install/proyecto_interfaces/share/proyecto_interfaces/package.bash'
[1.378s] INFO:colcon.colcon_core.shell:Creating package script '/home/sergio/proyecto_final_ws/install/proyecto_interfaces/share/proyecto_interfaces/package.zsh'
[1.378s] Level 1:colcon.colcon_core.environment:create_file_with_runtime_dependencies(/home/sergio/proyecto_final_ws/install/proyecto_interfaces/share/colcon-core/packages/proyecto_interfaces)
[1.669s] DEBUG:colcon.colcon_core.event_handler.log_command:Invoking command in '/home/sergio/proyecto_final_ws/src/proyecto_nodos': COMP_WORDBREAKS=
"'><=;|&( PYTHONPATH=/home/sergio/proyecto_final_ws/build/turtle_bot_nodos/prefix_override:/home/sergio/proyecto_final_ws/install/turtle_bot_nodos/lib/python3.10/site-packages:${PYTHONPATH} /usr/bin/python3 setup.py egg_info --egg-base ../../build/turtle_bot_nodos build --build-base /home/sergio/proyecto_final_ws/build/turtle_bot_nodos/build install --record /home/sergio/proyecto_final_ws/build/turtle_bot_nodos/install.log --single-version-externally-managed
[1.678s] DEBUG:colcon.colcon_core.event_handler.log_command:Invoking command in '/home/sergio/proyecto_final_ws/src/proyecto_master_pkg': COMP_WORDBREAKS=
"'><=;|&( PYTHONPATH=/home/sergio/proyecto_final_ws/build/proyecto_master_pkg/prefix_override:/home/sergio/proyecto_final_ws/install/proyecto_master_pkg/lib/python3.10/site-packages:${PYTHONPATH} /usr/bin/python3 setup.py egg_info --egg-base ../../build/proyecto_master_pkg build --build-base /home/sergio/proyecto_final_ws/build/proyecto_master_pkg/build install --record /home/sergio/proyecto_final_ws/build/proyecto_master_pkg/install.log --install-scripts $base/lib/proyecto_master_pkg --single-version-externally-managed
[2.265s] Level 1:colcon.colcon_core.environment:checking '/home/sergio/proyecto_final_ws/install/proyecto_master_pkg' for CMake module files
[2.266s] DEBUG:colcon.colcon_core.event_handler.log_command:Invoked command in '/home/sergio/proyecto_final_ws/src/proyecto_master_pkg' returned '0': COMP_WORDBREAKS=
"'><=;|&( PYTHONPATH=/home/sergio/proyecto_final_ws/build/proyecto_master_pkg/prefix_override:/home/sergio/proyecto_final_ws/install/proyecto_master_pkg/lib/python3.10/site-packages:${PYTHONPATH} /usr/bin/python3 setup.py egg_info --egg-base ../../build/proyecto_master_pkg build --build-base /home/sergio/proyecto_final_ws/build/proyecto_master_pkg/build install --record /home/sergio/proyecto_final_ws/build/proyecto_master_pkg/install.log --install-scripts $base/lib/proyecto_master_pkg --single-version-externally-managed
[2.266s] Level 1:colcon.colcon_core.environment:checking '/home/sergio/proyecto_final_ws/install/proyecto_master_pkg' for CMake config files
[2.267s] Level 1:colcon.colcon_core.environment:checking '/home/sergio/proyecto_final_ws/install/proyecto_master_pkg/lib'
[2.267s] Level 1:colcon.colcon_core.environment:checking '/home/sergio/proyecto_final_ws/install/proyecto_master_pkg/bin'
[2.267s] Level 1:colcon.colcon_core.environment:checking '/home/sergio/proyecto_final_ws/install/proyecto_master_pkg/lib/pkgconfig/proyecto_master_pkg.pc'
[2.268s] Level 1:colcon.colcon_core.environment:checking '/home/sergio/proyecto_final_ws/install/proyecto_master_pkg/lib/python3.10/site-packages'
[2.268s] Level 1:colcon.colcon_core.shell:create_environment_hook('proyecto_master_pkg', 'pythonpath')
[2.269s] INFO:colcon.colcon_core.shell:Creating environment hook '/home/sergio/proyecto_final_ws/install/proyecto_master_pkg/share/proyecto_master_pkg/hook/pythonpath.ps1'
[2.270s] INFO:colcon.colcon_core.shell:Creating environment descriptor '/home/sergio/proyecto_final_ws/install/proyecto_master_pkg/share/proyecto_master_pkg/hook/pythonpath.dsv'
[2.270s] INFO:colcon.colcon_core.shell:Creating environment hook '/home/sergio/proyecto_final_ws/install/proyecto_master_pkg/share/proyecto_master_pkg/hook/pythonpath.sh'
[2.271s] Level 1:colcon.colcon_core.environment:checking '/home/sergio/proyecto_final_ws/install/proyecto_master_pkg/bin'
[2.271s] Level 1:colcon.colcon_core.environment:create_environment_scripts_only(proyecto_master_pkg)
[2.273s] INFO:colcon.colcon_core.shell:Creating package script '/home/sergio/proyecto_final_ws/install/proyecto_master_pkg/share/proyecto_master_pkg/package.ps1'
[2.273s] INFO:colcon.colcon_core.shell:Creating package descriptor '/home/sergio/proyecto_final_ws/install/proyecto_master_pkg/share/proyecto_master_pkg/package.dsv'
[2.274s] INFO:colcon.colcon_core.shell:Creating package script '/home/sergio/proyecto_final_ws/install/proyecto_master_pkg/share/proyecto_master_pkg/package.sh'
[2.274s] INFO:colcon.colcon_core.shell:Creating package script '/home/sergio/proyecto_final_ws/install/proyecto_master_pkg/share/proyecto_master_pkg/package.bash'
[2.274s] INFO:colcon.colcon_core.shell:Creating package script '/home/sergio/proyecto_final_ws/install/proyecto_master_pkg/share/proyecto_master_pkg/package.zsh'
[2.275s] Level 1:colcon.colcon_core.environment:create_file_with_runtime_dependencies(/home/sergio/proyecto_final_ws/install/proyecto_master_pkg/share/colcon-core/packages/proyecto_master_pkg)
[2.278s] Level 1:colcon.colcon_core.environment:checking '/home/sergio/proyecto_final_ws/install/turtle_bot_nodos' for CMake module files
[2.279s] DEBUG:colcon.colcon_core.event_handler.log_command:Invoked command in '/home/sergio/proyecto_final_ws/src/proyecto_nodos' returned '0': COMP_WORDBREAKS=
"'><=;|&( PYTHONPATH=/home/sergio/proyecto_final_ws/build/turtle_bot_nodos/prefix_override:/home/sergio/proyecto_final_ws/install/turtle_bot_nodos/lib/python3.10/site-packages:${PYTHONPATH} /usr/bin/python3 setup.py egg_info --egg-base ../../build/turtle_bot_nodos build --build-base /home/sergio/proyecto_final_ws/build/turtle_bot_nodos/build install --record /home/sergio/proyecto_final_ws/build/turtle_bot_nodos/install.log --single-version-externally-managed
[2.279s] Level 1:colcon.colcon_core.environment:checking '/home/sergio/proyecto_final_ws/install/turtle_bot_nodos' for CMake config files
[2.280s] Level 1:colcon.colcon_core.environment:checking '/home/sergio/proyecto_final_ws/install/turtle_bot_nodos/lib'
[2.280s] Level 1:colcon.colcon_core.environment:checking '/home/sergio/proyecto_final_ws/install/turtle_bot_nodos/bin'
[2.280s] Level 1:colcon.colcon_core.environment:checking '/home/sergio/proyecto_final_ws/install/turtle_bot_nodos/lib/pkgconfig/turtle_bot_nodos.pc'
[2.280s] Level 1:colcon.colcon_core.environment:checking '/home/sergio/proyecto_final_ws/install/turtle_bot_nodos/lib/python3.10/site-packages'
[2.280s] Level 1:colcon.colcon_core.shell:create_environment_hook('turtle_bot_nodos', 'pythonpath')
[2.281s] INFO:colcon.colcon_core.shell:Creating environment hook '/home/sergio/proyecto_final_ws/install/turtle_bot_nodos/share/turtle_bot_nodos/hook/pythonpath.ps1'
[2.282s] INFO:colcon.colcon_core.shell:Creating environment descriptor '/home/sergio/proyecto_final_ws/install/turtle_bot_nodos/share/turtle_bot_nodos/hook/pythonpath.dsv'
[2.282s] INFO:colcon.colcon_core.shell:Creating environment hook '/home/sergio/proyecto_final_ws/install/turtle_bot_nodos/share/turtle_bot_nodos/hook/pythonpath.sh'
[2.283s] Level 1:colcon.colcon_core.environment:checking '/home/sergio/proyecto_final_ws/install/turtle_bot_nodos/bin'
[2.283s] Level 1:colcon.colcon_core.environment:create_environment_scripts_only(turtle_bot_nodos)
[2.284s] INFO:colcon.colcon_core.shell:Creating package script '/home/sergio/proyecto_final_ws/install/turtle_bot_nodos/share/turtle_bot_nodos/package.ps1'
[2.284s] INFO:colcon.colcon_core.shell:Creating package descriptor '/home/sergio/proyecto_final_ws/install/turtle_bot_nodos/share/turtle_bot_nodos/package.dsv'
[2.285s] INFO:colcon.colcon_core.shell:Creating package script '/home/sergio/proyecto_final_ws/install/turtle_bot_nodos/share/turtle_bot_nodos/package.sh'
[2.285s] INFO:colcon.colcon_core.shell:Creating package script '/home/sergio/proyecto_final_ws/install/turtle_bot_nodos/share/turtle_bot_nodos/package.bash'
[2.286s] INFO:colcon.colcon_core.shell:Creating package script '/home/sergio/proyecto_final_ws/install/turtle_bot_nodos/share/turtle_bot_nodos/package.zsh'
[2.286s] Level 1:colcon.colcon_core.environment:create_file_with_runtime_dependencies(/home/sergio/proyecto_final_ws/install/turtle_bot_nodos/share/colcon-core/packages/turtle_bot_nodos)
[2.286s] DEBUG:colcon.colcon_parallel_executor.executor.parallel:closing loop
[2.287s] DEBUG:colcon.colcon_parallel_executor.executor.parallel:loop closed
[2.287s] DEBUG:colcon.colcon_parallel_executor.executor.parallel:run_until_complete finished with '0'
[2.287s] DEBUG:colcon.colcon_core.event_reactor:joining thread
[2.292s] INFO:colcon.colcon_core.plugin_system:Skipping extension 'colcon_notification.desktop_notification.terminal_notifier': Not used on non-Darwin systems
[2.293s] INFO:colcon.colcon_core.plugin_system:Skipping extension 'colcon_notification.desktop_notification.win32': Not used on non-Windows systems
[2.293s] INFO:colcon.colcon_notification.desktop_notification:Sending desktop notification using 'notify2'
[2.302s] DEBUG:colcon.colcon_core.event_reactor:joined thread
[2.304s] INFO:colcon.colcon_core.shell:Creating prefix script '/home/sergio/proyecto_final_ws/install/local_setup.ps1'
[2.305s] INFO:colcon.colcon_core.shell:Creating prefix util module '/home/sergio/proyecto_final_ws/install/_local_setup_util_ps1.py'
[2.307s] INFO:colcon.colcon_core.shell:Creating prefix chain script '/home/sergio/proyecto_final_ws/install/setup.ps1'
[2.310s] INFO:colcon.colcon_core.shell:Creating prefix script '/home/sergio/proyecto_final_ws/install/local_setup.sh'
[2.311s] INFO:colcon.colcon_core.shell:Creating prefix util module '/home/sergio/proyecto_final_ws/install/_local_setup_util_sh.py'
[2.311s] INFO:colcon.colcon_core.shell:Creating prefix chain script '/home/sergio/proyecto_final_ws/install/setup.sh'
[2.313s] INFO:colcon.colcon_core.shell:Creating prefix script '/home/sergio/proyecto_final_ws/install/local_setup.bash'
[2.313s] INFO:colcon.colcon_core.shell:Creating prefix chain script '/home/sergio/proyecto_final_ws/install/setup.bash'
[2.314s] INFO:colcon.colcon_core.shell:Creating prefix script '/home/sergio/proyecto_final_ws/install/local_setup.zsh'
[2.315s] INFO:colcon.colcon_core.shell:Creating prefix chain script '/home/sergio/proyecto_final_ws/install/setup.zsh'
