[0.291s] Invoking command in '/home/sergio/proyecto_final_ws/build/proyecto_interfaces': CMAKE_PREFIX_PATH=${CMAKE_PREFIX_PATH}:/home/sergio/proyecto_final_ws/install/proyecto_master_pkg:/opt/ros/humble COMP_WORDBREAKS=
"'><=;|&( /usr/bin/cmake --build /home/sergio/proyecto_final_ws/build/proyecto_interfaces -- -j8 -l8
[0.563s] [35m[1mConsolidate compiler generated dependencies of target proyecto_interfaces__rosidl_generator_c[0m
[0.580s] [ 10%] Built target proyecto_interfaces__rosidl_generator_c
[0.581s] [ 12%] Built target proyecto_interfaces__cpp
[0.597s] [35m[1mConsolidate compiler generated dependencies of target proyecto_interfaces__rosidl_typesupport_c[0m
[0.603s] [ 12%] Built target ament_cmake_python_copy_proyecto_interfaces
[0.608s] [ 23%] Built target proyecto_interfaces__rosidl_typesupport_c
[0.628s] [35m[1mConsolidate compiler generated dependencies of target proyecto_interfaces__rosidl_typesupport_fastrtps_cpp[0m
[0.629s] [35m[1mConsolidate compiler generated dependencies of target proyecto_interfaces__rosidl_typesupport_cpp[0m
[0.631s] [35m[1mConsolidate compiler generated dependencies of target proyecto_interfaces__rosidl_typesupport_introspection_cpp[0m
[0.637s] [35m[1mConsolidate compiler generated dependencies of target proyecto_interfaces__rosidl_typesupport_fastrtps_c[0m
[0.642s] [35m[1mConsolidate compiler generated dependencies of target proyecto_interfaces__rosidl_typesupport_introspection_c[0m
[0.655s] [ 34%] Built target proyecto_interfaces__rosidl_typesupport_cpp
[0.656s] [ 45%] Built target proyecto_interfaces__rosidl_typesupport_introspection_cpp
[0.657s] [ 56%] Built target proyecto_interfaces__rosidl_typesupport_fastrtps_cpp
[0.661s] [ 67%] Built target proyecto_interfaces__rosidl_typesupport_introspection_c
[0.664s] [ 78%] Built target proyecto_interfaces__rosidl_typesupport_fastrtps_c
[0.681s] [ 78%] Built target proyecto_interfaces
[0.721s] [ 80%] Built target proyecto_interfaces__py
[0.734s] [35m[1mConsolidate compiler generated dependencies of target proyecto_interfaces__rosidl_generator_py[0m
[0.751s] [ 89%] Built target proyecto_interfaces__rosidl_generator_py
[0.766s] [35m[1mConsolidate compiler generated dependencies of target proyecto_interfaces__rosidl_typesupport_fastrtps_c__pyext[0m
[0.782s] [ 92%] Built target proyecto_interfaces__rosidl_typesupport_fastrtps_c__pyext
[0.821s] [35m[1mConsolidate compiler generated dependencies of target proyecto_interfaces__rosidl_typesupport_introspection_c__pyext[0m
[0.821s] [35m[1mConsolidate compiler generated dependencies of target proyecto_interfaces__rosidl_typesupport_c__pyext[0m
[0.840s] [ 96%] Built target proyecto_interfaces__rosidl_typesupport_introspection_c__pyext
[0.841s] [100%] Built target proyecto_interfaces__rosidl_typesupport_c__pyext
[0.905s] running egg_info
[0.924s] writing proyecto_interfaces.egg-info/PKG-INFO
[0.925s] writing dependency_links to proyecto_interfaces.egg-info/dependency_links.txt
[0.925s] writing top-level names to proyecto_interfaces.egg-info/top_level.txt
[0.981s] reading manifest file 'proyecto_interfaces.egg-info/SOURCES.txt'
[1.007s] writing manifest file 'proyecto_interfaces.egg-info/SOURCES.txt'
[1.045s] [100%] Built target ament_cmake_python_build_proyecto_interfaces_egg
[1.058s] Invoked command in '/home/sergio/proyecto_final_ws/build/proyecto_interfaces' returned '0': CMAKE_PREFIX_PATH=${CMAKE_PREFIX_PATH}:/home/sergio/proyecto_final_ws/install/proyecto_master_pkg:/opt/ros/humble COMP_WORDBREAKS=
"'><=;|&( /usr/bin/cmake --build /home/sergio/proyecto_final_ws/build/proyecto_interfaces -- -j8 -l8
[1.176s] Invoking command in '/home/sergio/proyecto_final_ws/build/proyecto_interfaces': CMAKE_PREFIX_PATH=${CMAKE_PREFIX_PATH}:/home/sergio/proyecto_final_ws/install/proyecto_master_pkg:/opt/ros/humble COMP_WORDBREAKS=
"'><=;|&( /usr/bin/cmake --install /home/sergio/proyecto_final_ws/build/proyecto_interfaces
[1.222s] -- Install configuration: ""
[1.222s] -- Up-to-date: /home/sergio/proyecto_final_ws/install/proyecto_interfaces/share/ament_index/resource_index/rosidl_interfaces/proyecto_interfaces
[1.222s] -- Up-to-date: /home/sergio/proyecto_final_ws/install/proyecto_interfaces/include/proyecto_interfaces/proyecto_interfaces
[1.222s] -- Up-to-date: /home/sergio/proyecto_final_ws/install/proyecto_interfaces/include/proyecto_interfaces/proyecto_interfaces/msg
[1.223s] -- Up-to-date: /home/sergio/proyecto_final_ws/install/proyecto_interfaces/include/proyecto_interfaces/proyecto_interfaces/msg/rosidl_generator_c__visibility_control.h
[1.223s] -- Up-to-date: /home/sergio/proyecto_final_ws/install/proyecto_interfaces/include/proyecto_interfaces/proyecto_interfaces/msg/detail
[1.223s] -- Up-to-date: /home/sergio/proyecto_final_ws/install/proyecto_interfaces/include/proyecto_interfaces/proyecto_interfaces/msg/detail/banner__type_support.h
[1.223s] -- Up-to-date: /home/sergio/proyecto_final_ws/install/proyecto_interfaces/include/proyecto_interfaces/proyecto_interfaces/msg/detail/banner__functions.c
[1.223s] -- Up-to-date: /home/sergio/proyecto_final_ws/install/proyecto_interfaces/include/proyecto_interfaces/proyecto_interfaces/msg/detail/banner__struct.h
[1.223s] -- Up-to-date: /home/sergio/proyecto_final_ws/install/proyecto_interfaces/include/proyecto_interfaces/proyecto_interfaces/msg/detail/banner__functions.h
[1.223s] -- Up-to-date: /home/sergio/proyecto_final_ws/install/proyecto_interfaces/include/proyecto_interfaces/proyecto_interfaces/msg/banner.h
[1.223s] -- Up-to-date: /home/sergio/proyecto_final_ws/install/proyecto_interfaces/include/proyecto_interfaces/proyecto_interfaces/srv
[1.223s] -- Up-to-date: /home/sergio/proyecto_final_ws/install/proyecto_interfaces/include/proyecto_interfaces/proyecto_interfaces/srv/start_navigation_test.h
[1.224s] -- Up-to-date: /home/sergio/proyecto_final_ws/install/proyecto_interfaces/include/proyecto_interfaces/proyecto_interfaces/srv/detail
[1.224s] -- Up-to-date: /home/sergio/proyecto_final_ws/install/proyecto_interfaces/include/proyecto_interfaces/proyecto_interfaces/srv/detail/start_manipulation_test__type_support.h
[1.224s] -- Up-to-date: /home/sergio/proyecto_final_ws/install/proyecto_interfaces/include/proyecto_interfaces/proyecto_interfaces/srv/detail/start_navigation_test__functions.c
[1.224s] -- Up-to-date: /home/sergio/proyecto_final_ws/install/proyecto_interfaces/include/proyecto_interfaces/proyecto_interfaces/srv/detail/start_navigation_test__functions.h
[1.224s] -- Up-to-date: /home/sergio/proyecto_final_ws/install/proyecto_interfaces/include/proyecto_interfaces/proyecto_interfaces/srv/detail/start_perception_test__struct.h
[1.224s] -- Up-to-date: /home/sergio/proyecto_final_ws/install/proyecto_interfaces/include/proyecto_interfaces/proyecto_interfaces/srv/detail/start_perception_test__functions.h
[1.224s] -- Up-to-date: /home/sergio/proyecto_final_ws/install/proyecto_interfaces/include/proyecto_interfaces/proyecto_interfaces/srv/detail/start_manipulation_test__functions.h
[1.224s] -- Up-to-date: /home/sergio/proyecto_final_ws/install/proyecto_interfaces/include/proyecto_interfaces/proyecto_interfaces/srv/detail/start_navigation_test__struct.h
[1.225s] -- Up-to-date: /home/sergio/proyecto_final_ws/install/proyecto_interfaces/include/proyecto_interfaces/proyecto_interfaces/srv/detail/start_perception_test__functions.c
[1.225s] -- Up-to-date: /home/sergio/proyecto_final_ws/install/proyecto_interfaces/include/proyecto_interfaces/proyecto_interfaces/srv/detail/start_navigation_test__type_support.h
[1.225s] -- Up-to-date: /home/sergio/proyecto_final_ws/install/proyecto_interfaces/include/proyecto_interfaces/proyecto_interfaces/srv/detail/start_manipulation_test__struct.h
[1.225s] -- Up-to-date: /home/sergio/proyecto_final_ws/install/proyecto_interfaces/include/proyecto_interfaces/proyecto_interfaces/srv/detail/start_manipulation_test__functions.c
[1.225s] -- Up-to-date: /home/sergio/proyecto_final_ws/install/proyecto_interfaces/include/proyecto_interfaces/proyecto_interfaces/srv/detail/start_perception_test__type_support.h
[1.225s] -- Up-to-date: /home/sergio/proyecto_final_ws/install/proyecto_interfaces/include/proyecto_interfaces/proyecto_interfaces/srv/start_manipulation_test.h
[1.225s] -- Up-to-date: /home/sergio/proyecto_final_ws/install/proyecto_interfaces/include/proyecto_interfaces/proyecto_interfaces/srv/start_perception_test.h
[1.225s] -- Up-to-date: /home/sergio/proyecto_final_ws/install/proyecto_interfaces/share/proyecto_interfaces/environment/library_path.sh
[1.225s] -- Up-to-date: /home/sergio/proyecto_final_ws/install/proyecto_interfaces/share/proyecto_interfaces/environment/library_path.dsv
[1.225s] -- Up-to-date: /home/sergio/proyecto_final_ws/install/proyecto_interfaces/lib/libproyecto_interfaces__rosidl_generator_c.so
[1.225s] -- Up-to-date: /home/sergio/proyecto_final_ws/install/proyecto_interfaces/include/proyecto_interfaces/proyecto_interfaces
[1.225s] -- Up-to-date: /home/sergio/proyecto_final_ws/install/proyecto_interfaces/include/proyecto_interfaces/proyecto_interfaces/msg
[1.225s] -- Up-to-date: /home/sergio/proyecto_final_ws/install/proyecto_interfaces/include/proyecto_interfaces/proyecto_interfaces/msg/detail
[1.247s] -- Up-to-date: /home/sergio/proyecto_final_ws/install/proyecto_interfaces/include/proyecto_interfaces/proyecto_interfaces/msg/detail/banner__rosidl_typesupport_fastrtps_c.h
[1.247s] -- Up-to-date: /home/sergio/proyecto_final_ws/install/proyecto_interfaces/include/proyecto_interfaces/proyecto_interfaces/msg/rosidl_typesupport_fastrtps_c__visibility_control.h
[1.247s] -- Up-to-date: /home/sergio/proyecto_final_ws/install/proyecto_interfaces/include/proyecto_interfaces/proyecto_interfaces/srv
[1.248s] -- Up-to-date: /home/sergio/proyecto_final_ws/install/proyecto_interfaces/include/proyecto_interfaces/proyecto_interfaces/srv/detail
[1.249s] -- Up-to-date: /home/sergio/proyecto_final_ws/install/proyecto_interfaces/include/proyecto_interfaces/proyecto_interfaces/srv/detail/start_perception_test__rosidl_typesupport_fastrtps_c.h
[1.249s] -- Up-to-date: /home/sergio/proyecto_final_ws/install/proyecto_interfaces/include/proyecto_interfaces/proyecto_interfaces/srv/detail/start_manipulation_test__rosidl_typesupport_fastrtps_c.h
[1.249s] -- Up-to-date: /home/sergio/proyecto_final_ws/install/proyecto_interfaces/include/proyecto_interfaces/proyecto_interfaces/srv/detail/start_navigation_test__rosidl_typesupport_fastrtps_c.h
[1.249s] -- Up-to-date: /home/sergio/proyecto_final_ws/install/proyecto_interfaces/lib/libproyecto_interfaces__rosidl_typesupport_fastrtps_c.so
[1.250s] -- Up-to-date: /home/sergio/proyecto_final_ws/install/proyecto_interfaces/include/proyecto_interfaces/proyecto_interfaces
[1.251s] -- Up-to-date: /home/sergio/proyecto_final_ws/install/proyecto_interfaces/include/proyecto_interfaces/proyecto_interfaces/msg
[1.251s] -- Up-to-date: /home/sergio/proyecto_final_ws/install/proyecto_interfaces/include/proyecto_interfaces/proyecto_interfaces/msg/rosidl_typesupport_introspection_c__visibility_control.h
[1.251s] -- Up-to-date: /home/sergio/proyecto_final_ws/install/proyecto_interfaces/include/proyecto_interfaces/proyecto_interfaces/msg/detail
[1.252s] -- Up-to-date: /home/sergio/proyecto_final_ws/install/proyecto_interfaces/include/proyecto_interfaces/proyecto_interfaces/msg/detail/banner__type_support.c
[1.252s] -- Up-to-date: /home/sergio/proyecto_final_ws/install/proyecto_interfaces/include/proyecto_interfaces/proyecto_interfaces/msg/detail/banner__rosidl_typesupport_introspection_c.h
[1.252s] -- Up-to-date: /home/sergio/proyecto_final_ws/install/proyecto_interfaces/include/proyecto_interfaces/proyecto_interfaces/srv
[1.252s] -- Up-to-date: /home/sergio/proyecto_final_ws/install/proyecto_interfaces/include/proyecto_interfaces/proyecto_interfaces/srv/detail
[1.253s] -- Up-to-date: /home/sergio/proyecto_final_ws/install/proyecto_interfaces/include/proyecto_interfaces/proyecto_interfaces/srv/detail/start_manipulation_test__rosidl_typesupport_introspection_c.h
[1.253s] -- Up-to-date: /home/sergio/proyecto_final_ws/install/proyecto_interfaces/include/proyecto_interfaces/proyecto_interfaces/srv/detail/start_perception_test__type_support.c
[1.253s] -- Up-to-date: /home/sergio/proyecto_final_ws/install/proyecto_interfaces/include/proyecto_interfaces/proyecto_interfaces/srv/detail/start_navigation_test__rosidl_typesupport_introspection_c.h
[1.253s] -- Up-to-date: /home/sergio/proyecto_final_ws/install/proyecto_interfaces/include/proyecto_interfaces/proyecto_interfaces/srv/detail/start_manipulation_test__type_support.c
[1.254s] -- Up-to-date: /home/sergio/proyecto_final_ws/install/proyecto_interfaces/include/proyecto_interfaces/proyecto_interfaces/srv/detail/start_perception_test__rosidl_typesupport_introspection_c.h
[1.254s] -- Up-to-date: /home/sergio/proyecto_final_ws/install/proyecto_interfaces/include/proyecto_interfaces/proyecto_interfaces/srv/detail/start_navigation_test__type_support.c
[1.254s] -- Up-to-date: /home/sergio/proyecto_final_ws/install/proyecto_interfaces/lib/libproyecto_interfaces__rosidl_typesupport_introspection_c.so
[1.254s] -- Up-to-date: /home/sergio/proyecto_final_ws/install/proyecto_interfaces/lib/libproyecto_interfaces__rosidl_typesupport_c.so
[1.255s] -- Up-to-date: /home/sergio/proyecto_final_ws/install/proyecto_interfaces/include/proyecto_interfaces/proyecto_interfaces
[1.255s] -- Up-to-date: /home/sergio/proyecto_final_ws/install/proyecto_interfaces/include/proyecto_interfaces/proyecto_interfaces/msg
[1.255s] -- Up-to-date: /home/sergio/proyecto_final_ws/install/proyecto_interfaces/include/proyecto_interfaces/proyecto_interfaces/msg/banner.hpp
[1.255s] -- Up-to-date: /home/sergio/proyecto_final_ws/install/proyecto_interfaces/include/proyecto_interfaces/proyecto_interfaces/msg/detail
[1.255s] -- Up-to-date: /home/sergio/proyecto_final_ws/install/proyecto_interfaces/include/proyecto_interfaces/proyecto_interfaces/msg/detail/banner__struct.hpp
[1.255s] -- Up-to-date: /home/sergio/proyecto_final_ws/install/proyecto_interfaces/include/proyecto_interfaces/proyecto_interfaces/msg/detail/banner__builder.hpp
[1.255s] -- Up-to-date: /home/sergio/proyecto_final_ws/install/proyecto_interfaces/include/proyecto_interfaces/proyecto_interfaces/msg/detail/banner__traits.hpp
[1.256s] -- Up-to-date: /home/sergio/proyecto_final_ws/install/proyecto_interfaces/include/proyecto_interfaces/proyecto_interfaces/srv
[1.256s] -- Up-to-date: /home/sergio/proyecto_final_ws/install/proyecto_interfaces/include/proyecto_interfaces/proyecto_interfaces/srv/start_manipulation_test.hpp
[1.256s] -- Up-to-date: /home/sergio/proyecto_final_ws/install/proyecto_interfaces/include/proyecto_interfaces/proyecto_interfaces/srv/start_navigation_test.hpp
[1.257s] -- Up-to-date: /home/sergio/proyecto_final_ws/install/proyecto_interfaces/include/proyecto_interfaces/proyecto_interfaces/srv/detail
[1.257s] -- Up-to-date: /home/sergio/proyecto_final_ws/install/proyecto_interfaces/include/proyecto_interfaces/proyecto_interfaces/srv/detail/start_navigation_test__builder.hpp
[1.257s] -- Up-to-date: /home/sergio/proyecto_final_ws/install/proyecto_interfaces/include/proyecto_interfaces/proyecto_interfaces/srv/detail/start_manipulation_test__struct.hpp
[1.257s] -- Up-to-date: /home/sergio/proyecto_final_ws/install/proyecto_interfaces/include/proyecto_interfaces/proyecto_interfaces/srv/detail/start_perception_test__struct.hpp
[1.257s] -- Up-to-date: /home/sergio/proyecto_final_ws/install/proyecto_interfaces/include/proyecto_interfaces/proyecto_interfaces/srv/detail/start_perception_test__traits.hpp
[1.257s] -- Up-to-date: /home/sergio/proyecto_final_ws/install/proyecto_interfaces/include/proyecto_interfaces/proyecto_interfaces/srv/detail/start_manipulation_test__builder.hpp
[1.257s] -- Up-to-date: /home/sergio/proyecto_final_ws/install/proyecto_interfaces/include/proyecto_interfaces/proyecto_interfaces/srv/detail/start_perception_test__builder.hpp
[1.257s] -- Up-to-date: /home/sergio/proyecto_final_ws/install/proyecto_interfaces/include/proyecto_interfaces/proyecto_interfaces/srv/detail/start_navigation_test__traits.hpp
[1.258s] -- Up-to-date: /home/sergio/proyecto_final_ws/install/proyecto_interfaces/include/proyecto_interfaces/proyecto_interfaces/srv/detail/start_navigation_test__struct.hpp
[1.258s] -- Up-to-date: /home/sergio/proyecto_final_ws/install/proyecto_interfaces/include/proyecto_interfaces/proyecto_interfaces/srv/detail/start_manipulation_test__traits.hpp
[1.258s] -- Up-to-date: /home/sergio/proyecto_final_ws/install/proyecto_interfaces/include/proyecto_interfaces/proyecto_interfaces/srv/start_perception_test.hpp
[1.258s] -- Up-to-date: /home/sergio/proyecto_final_ws/install/proyecto_interfaces/include/proyecto_interfaces/proyecto_interfaces
[1.258s] -- Up-to-date: /home/sergio/proyecto_final_ws/install/proyecto_interfaces/include/proyecto_interfaces/proyecto_interfaces/msg
[1.259s] -- Up-to-date: /home/sergio/proyecto_final_ws/install/proyecto_interfaces/include/proyecto_interfaces/proyecto_interfaces/msg/detail
[1.259s] -- Up-to-date: /home/sergio/proyecto_final_ws/install/proyecto_interfaces/include/proyecto_interfaces/proyecto_interfaces/msg/detail/banner__rosidl_typesupport_fastrtps_cpp.hpp
[1.259s] -- Up-to-date: /home/sergio/proyecto_final_ws/install/proyecto_interfaces/include/proyecto_interfaces/proyecto_interfaces/msg/detail/dds_fastrtps
[1.259s] -- Up-to-date: /home/sergio/proyecto_final_ws/install/proyecto_interfaces/include/proyecto_interfaces/proyecto_interfaces/msg/rosidl_typesupport_fastrtps_cpp__visibility_control.h
[1.259s] -- Up-to-date: /home/sergio/proyecto_final_ws/install/proyecto_interfaces/include/proyecto_interfaces/proyecto_interfaces/srv
[1.259s] -- Up-to-date: /home/sergio/proyecto_final_ws/install/proyecto_interfaces/include/proyecto_interfaces/proyecto_interfaces/srv/detail
[1.260s] -- Up-to-date: /home/sergio/proyecto_final_ws/install/proyecto_interfaces/include/proyecto_interfaces/proyecto_interfaces/srv/detail/dds_fastrtps
[1.260s] -- Up-to-date: /home/sergio/proyecto_final_ws/install/proyecto_interfaces/include/proyecto_interfaces/proyecto_interfaces/srv/detail/start_perception_test__rosidl_typesupport_fastrtps_cpp.hpp
[1.260s] -- Up-to-date: /home/sergio/proyecto_final_ws/install/proyecto_interfaces/include/proyecto_interfaces/proyecto_interfaces/srv/detail/start_manipulation_test__rosidl_typesupport_fastrtps_cpp.hpp
[1.260s] -- Up-to-date: /home/sergio/proyecto_final_ws/install/proyecto_interfaces/include/proyecto_interfaces/proyecto_interfaces/srv/detail/start_navigation_test__rosidl_typesupport_fastrtps_cpp.hpp
[1.260s] -- Up-to-date: /home/sergio/proyecto_final_ws/install/proyecto_interfaces/lib/libproyecto_interfaces__rosidl_typesupport_fastrtps_cpp.so
[1.261s] -- Up-to-date: /home/sergio/proyecto_final_ws/install/proyecto_interfaces/include/proyecto_interfaces/proyecto_interfaces
[1.261s] -- Up-to-date: /home/sergio/proyecto_final_ws/install/proyecto_interfaces/include/proyecto_interfaces/proyecto_interfaces/msg
[1.261s] -- Up-to-date: /home/sergio/proyecto_final_ws/install/proyecto_interfaces/include/proyecto_interfaces/proyecto_interfaces/msg/detail
[1.261s] -- Up-to-date: /home/sergio/proyecto_final_ws/install/proyecto_interfaces/include/proyecto_interfaces/proyecto_interfaces/msg/detail/banner__rosidl_typesupport_introspection_cpp.hpp
[1.261s] -- Up-to-date: /home/sergio/proyecto_final_ws/install/proyecto_interfaces/include/proyecto_interfaces/proyecto_interfaces/msg/detail/banner__type_support.cpp
[1.262s] -- Up-to-date: /home/sergio/proyecto_final_ws/install/proyecto_interfaces/include/proyecto_interfaces/proyecto_interfaces/srv
[1.262s] -- Up-to-date: /home/sergio/proyecto_final_ws/install/proyecto_interfaces/include/proyecto_interfaces/proyecto_interfaces/srv/detail
[1.262s] -- Up-to-date: /home/sergio/proyecto_final_ws/install/proyecto_interfaces/include/proyecto_interfaces/proyecto_interfaces/srv/detail/start_navigation_test__type_support.cpp
[1.262s] -- Up-to-date: /home/sergio/proyecto_final_ws/install/proyecto_interfaces/include/proyecto_interfaces/proyecto_interfaces/srv/detail/start_manipulation_test__rosidl_typesupport_introspection_cpp.hpp
[1.262s] -- Up-to-date: /home/sergio/proyecto_final_ws/install/proyecto_interfaces/include/proyecto_interfaces/proyecto_interfaces/srv/detail/start_manipulation_test__type_support.cpp
[1.262s] -- Up-to-date: /home/sergio/proyecto_final_ws/install/proyecto_interfaces/include/proyecto_interfaces/proyecto_interfaces/srv/detail/start_perception_test__type_support.cpp
[1.262s] -- Up-to-date: /home/sergio/proyecto_final_ws/install/proyecto_interfaces/include/proyecto_interfaces/proyecto_interfaces/srv/detail/start_navigation_test__rosidl_typesupport_introspection_cpp.hpp
[1.262s] -- Up-to-date: /home/sergio/proyecto_final_ws/install/proyecto_interfaces/include/proyecto_interfaces/proyecto_interfaces/srv/detail/start_perception_test__rosidl_typesupport_introspection_cpp.hpp
[1.262s] -- Up-to-date: /home/sergio/proyecto_final_ws/install/proyecto_interfaces/lib/libproyecto_interfaces__rosidl_typesupport_introspection_cpp.so
[1.262s] -- Up-to-date: /home/sergio/proyecto_final_ws/install/proyecto_interfaces/lib/libproyecto_interfaces__rosidl_typesupport_cpp.so
[1.263s] -- Up-to-date: /home/sergio/proyecto_final_ws/install/proyecto_interfaces/share/proyecto_interfaces/environment/pythonpath.sh
[1.263s] -- Up-to-date: /home/sergio/proyecto_final_ws/install/proyecto_interfaces/share/proyecto_interfaces/environment/pythonpath.dsv
[1.263s] -- Up-to-date: /home/sergio/proyecto_final_ws/install/proyecto_interfaces/local/lib/python3.10/dist-packages/proyecto_interfaces-0.0.0-py3.10.egg-info
[1.263s] -- Installing: /home/sergio/proyecto_final_ws/install/proyecto_interfaces/local/lib/python3.10/dist-packages/proyecto_interfaces-0.0.0-py3.10.egg-info/SOURCES.txt
[1.263s] -- Installing: /home/sergio/proyecto_final_ws/install/proyecto_interfaces/local/lib/python3.10/dist-packages/proyecto_interfaces-0.0.0-py3.10.egg-info/top_level.txt
[1.263s] -- Installing: /home/sergio/proyecto_final_ws/install/proyecto_interfaces/local/lib/python3.10/dist-packages/proyecto_interfaces-0.0.0-py3.10.egg-info/PKG-INFO
[1.263s] -- Installing: /home/sergio/proyecto_final_ws/install/proyecto_interfaces/local/lib/python3.10/dist-packages/proyecto_interfaces-0.0.0-py3.10.egg-info/dependency_links.txt
[1.264s] -- Up-to-date: /home/sergio/proyecto_final_ws/install/proyecto_interfaces/local/lib/python3.10/dist-packages/proyecto_interfaces
[1.264s] -- Up-to-date: /home/sergio/proyecto_final_ws/install/proyecto_interfaces/local/lib/python3.10/dist-packages/proyecto_interfaces/msg
[1.264s] -- Up-to-date: /home/sergio/proyecto_final_ws/install/proyecto_interfaces/local/lib/python3.10/dist-packages/proyecto_interfaces/msg/__init__.py
[1.264s] -- Up-to-date: /home/sergio/proyecto_final_ws/install/proyecto_interfaces/local/lib/python3.10/dist-packages/proyecto_interfaces/msg/_banner.py
[1.264s] -- Up-to-date: /home/sergio/proyecto_final_ws/install/proyecto_interfaces/local/lib/python3.10/dist-packages/proyecto_interfaces/msg/_banner_s.c
[1.265s] -- Up-to-date: /home/sergio/proyecto_final_ws/install/proyecto_interfaces/local/lib/python3.10/dist-packages/proyecto_interfaces/_proyecto_interfaces_s.ep.rosidl_typesupport_c.c
[1.265s] -- Up-to-date: /home/sergio/proyecto_final_ws/install/proyecto_interfaces/local/lib/python3.10/dist-packages/proyecto_interfaces/proyecto_interfaces_s__rosidl_typesupport_c.cpython-310-x86_64-linux-gnu.so
[1.265s] -- Up-to-date: /home/sergio/proyecto_final_ws/install/proyecto_interfaces/local/lib/python3.10/dist-packages/proyecto_interfaces/proyecto_interfaces_s__rosidl_typesupport_introspection_c.cpython-310-x86_64-linux-gnu.so
[1.265s] -- Up-to-date: /home/sergio/proyecto_final_ws/install/proyecto_interfaces/local/lib/python3.10/dist-packages/proyecto_interfaces/proyecto_interfaces_s__rosidl_typesupport_fastrtps_c.cpython-310-x86_64-linux-gnu.so
[1.265s] -- Up-to-date: /home/sergio/proyecto_final_ws/install/proyecto_interfaces/local/lib/python3.10/dist-packages/proyecto_interfaces/_proyecto_interfaces_s.ep.rosidl_typesupport_introspection_c.c
[1.265s] -- Up-to-date: /home/sergio/proyecto_final_ws/install/proyecto_interfaces/local/lib/python3.10/dist-packages/proyecto_interfaces/_proyecto_interfaces_s.ep.rosidl_typesupport_fastrtps_c.c
[1.265s] -- Up-to-date: /home/sergio/proyecto_final_ws/install/proyecto_interfaces/local/lib/python3.10/dist-packages/proyecto_interfaces/__init__.py
[1.266s] -- Up-to-date: /home/sergio/proyecto_final_ws/install/proyecto_interfaces/local/lib/python3.10/dist-packages/proyecto_interfaces/srv
[1.266s] -- Up-to-date: /home/sergio/proyecto_final_ws/install/proyecto_interfaces/local/lib/python3.10/dist-packages/proyecto_interfaces/srv/_start_manipulation_test_s.c
[1.266s] -- Up-to-date: /home/sergio/proyecto_final_ws/install/proyecto_interfaces/local/lib/python3.10/dist-packages/proyecto_interfaces/srv/__init__.py
[1.266s] -- Up-to-date: /home/sergio/proyecto_final_ws/install/proyecto_interfaces/local/lib/python3.10/dist-packages/proyecto_interfaces/srv/_start_manipulation_test.py
[1.266s] -- Up-to-date: /home/sergio/proyecto_final_ws/install/proyecto_interfaces/local/lib/python3.10/dist-packages/proyecto_interfaces/srv/_start_perception_test_s.c
[1.266s] -- Up-to-date: /home/sergio/proyecto_final_ws/install/proyecto_interfaces/local/lib/python3.10/dist-packages/proyecto_interfaces/srv/_start_perception_test.py
[1.267s] -- Up-to-date: /home/sergio/proyecto_final_ws/install/proyecto_interfaces/local/lib/python3.10/dist-packages/proyecto_interfaces/srv/_start_navigation_test.py
[1.267s] -- Up-to-date: /home/sergio/proyecto_final_ws/install/proyecto_interfaces/local/lib/python3.10/dist-packages/proyecto_interfaces/srv/_start_navigation_test_s.c
[1.267s] -- Up-to-date: /home/sergio/proyecto_final_ws/install/proyecto_interfaces/local/lib/python3.10/dist-packages/proyecto_interfaces/libproyecto_interfaces__rosidl_generator_py.so
[1.375s] Listing '/home/sergio/proyecto_final_ws/install/proyecto_interfaces/local/lib/python3.10/dist-packages/proyecto_interfaces'...
[1.375s] Listing '/home/sergio/proyecto_final_ws/install/proyecto_interfaces/local/lib/python3.10/dist-packages/proyecto_interfaces/msg'...
[1.375s] Listing '/home/sergio/proyecto_final_ws/install/proyecto_interfaces/local/lib/python3.10/dist-packages/proyecto_interfaces/srv'...
[1.380s] -- Up-to-date: /home/sergio/proyecto_final_ws/install/proyecto_interfaces/local/lib/python3.10/dist-packages/proyecto_interfaces/proyecto_interfaces_s__rosidl_typesupport_fastrtps_c.cpython-310-x86_64-linux-gnu.so
[1.380s] -- Up-to-date: /home/sergio/proyecto_final_ws/install/proyecto_interfaces/local/lib/python3.10/dist-packages/proyecto_interfaces/proyecto_interfaces_s__rosidl_typesupport_introspection_c.cpython-310-x86_64-linux-gnu.so
[1.381s] -- Up-to-date: /home/sergio/proyecto_final_ws/install/proyecto_interfaces/local/lib/python3.10/dist-packages/proyecto_interfaces/proyecto_interfaces_s__rosidl_typesupport_c.cpython-310-x86_64-linux-gnu.so
[1.381s] -- Up-to-date: /home/sergio/proyecto_final_ws/install/proyecto_interfaces/lib/libproyecto_interfaces__rosidl_generator_py.so
[1.382s] -- Up-to-date: /home/sergio/proyecto_final_ws/install/proyecto_interfaces/share/proyecto_interfaces/msg/Banner.idl
[1.382s] -- Up-to-date: /home/sergio/proyecto_final_ws/install/proyecto_interfaces/share/proyecto_interfaces/srv/StartNavigationTest.idl
[1.382s] -- Up-to-date: /home/sergio/proyecto_final_ws/install/proyecto_interfaces/share/proyecto_interfaces/srv/StartPerceptionTest.idl
[1.382s] -- Up-to-date: /home/sergio/proyecto_final_ws/install/proyecto_interfaces/share/proyecto_interfaces/srv/StartManipulationTest.idl
[1.382s] -- Up-to-date: /home/sergio/proyecto_final_ws/install/proyecto_interfaces/share/proyecto_interfaces/msg/Banner.msg
[1.382s] -- Up-to-date: /home/sergio/proyecto_final_ws/install/proyecto_interfaces/share/proyecto_interfaces/srv/StartNavigationTest.srv
[1.382s] -- Up-to-date: /home/sergio/proyecto_final_ws/install/proyecto_interfaces/share/proyecto_interfaces/srv/StartNavigationTest_Request.msg
[1.382s] -- Up-to-date: /home/sergio/proyecto_final_ws/install/proyecto_interfaces/share/proyecto_interfaces/srv/StartNavigationTest_Response.msg
[1.383s] -- Up-to-date: /home/sergio/proyecto_final_ws/install/proyecto_interfaces/share/proyecto_interfaces/srv/StartPerceptionTest.srv
[1.383s] -- Up-to-date: /home/sergio/proyecto_final_ws/install/proyecto_interfaces/share/proyecto_interfaces/srv/StartPerceptionTest_Request.msg
[1.383s] -- Up-to-date: /home/sergio/proyecto_final_ws/install/proyecto_interfaces/share/proyecto_interfaces/srv/StartPerceptionTest_Response.msg
[1.383s] -- Up-to-date: /home/sergio/proyecto_final_ws/install/proyecto_interfaces/share/proyecto_interfaces/srv/StartManipulationTest.srv
[1.383s] -- Up-to-date: /home/sergio/proyecto_final_ws/install/proyecto_interfaces/share/proyecto_interfaces/srv/StartManipulationTest_Request.msg
[1.383s] -- Up-to-date: /home/sergio/proyecto_final_ws/install/proyecto_interfaces/share/proyecto_interfaces/srv/StartManipulationTest_Response.msg
[1.383s] -- Up-to-date: /home/sergio/proyecto_final_ws/install/proyecto_interfaces/share/ament_index/resource_index/package_run_dependencies/proyecto_interfaces
[1.383s] -- Up-to-date: /home/sergio/proyecto_final_ws/install/proyecto_interfaces/share/ament_index/resource_index/parent_prefix_path/proyecto_interfaces
[1.383s] -- Up-to-date: /home/sergio/proyecto_final_ws/install/proyecto_interfaces/share/proyecto_interfaces/environment/ament_prefix_path.sh
[1.383s] -- Up-to-date: /home/sergio/proyecto_final_ws/install/proyecto_interfaces/share/proyecto_interfaces/environment/ament_prefix_path.dsv
[1.383s] -- Up-to-date: /home/sergio/proyecto_final_ws/install/proyecto_interfaces/share/proyecto_interfaces/environment/path.sh
[1.383s] -- Up-to-date: /home/sergio/proyecto_final_ws/install/proyecto_interfaces/share/proyecto_interfaces/environment/path.dsv
[1.384s] -- Up-to-date: /home/sergio/proyecto_final_ws/install/proyecto_interfaces/share/proyecto_interfaces/local_setup.bash
[1.384s] -- Up-to-date: /home/sergio/proyecto_final_ws/install/proyecto_interfaces/share/proyecto_interfaces/local_setup.sh
[1.384s] -- Up-to-date: /home/sergio/proyecto_final_ws/install/proyecto_interfaces/share/proyecto_interfaces/local_setup.zsh
[1.384s] -- Up-to-date: /home/sergio/proyecto_final_ws/install/proyecto_interfaces/share/proyecto_interfaces/local_setup.dsv
[1.384s] -- Installing: /home/sergio/proyecto_final_ws/install/proyecto_interfaces/share/proyecto_interfaces/package.dsv
[1.384s] -- Up-to-date: /home/sergio/proyecto_final_ws/install/proyecto_interfaces/share/ament_index/resource_index/packages/proyecto_interfaces
[1.408s] -- Up-to-date: /home/sergio/proyecto_final_ws/install/proyecto_interfaces/share/proyecto_interfaces/cmake/export_proyecto_interfaces__rosidl_generator_cExport.cmake
[1.408s] -- Up-to-date: /home/sergio/proyecto_final_ws/install/proyecto_interfaces/share/proyecto_interfaces/cmake/export_proyecto_interfaces__rosidl_generator_cExport-noconfig.cmake
[1.430s] -- Up-to-date: /home/sergio/proyecto_final_ws/install/proyecto_interfaces/share/proyecto_interfaces/cmake/export_proyecto_interfaces__rosidl_typesupport_fastrtps_cExport.cmake
[1.430s] -- Up-to-date: /home/sergio/proyecto_final_ws/install/proyecto_interfaces/share/proyecto_interfaces/cmake/export_proyecto_interfaces__rosidl_typesupport_fastrtps_cExport-noconfig.cmake
[1.431s] -- Up-to-date: /home/sergio/proyecto_final_ws/install/proyecto_interfaces/share/proyecto_interfaces/cmake/proyecto_interfaces__rosidl_typesupport_introspection_cExport.cmake
[1.431s] -- Up-to-date: /home/sergio/proyecto_final_ws/install/proyecto_interfaces/share/proyecto_interfaces/cmake/proyecto_interfaces__rosidl_typesupport_introspection_cExport-noconfig.cmake
[1.432s] -- Up-to-date: /home/sergio/proyecto_final_ws/install/proyecto_interfaces/share/proyecto_interfaces/cmake/proyecto_interfaces__rosidl_typesupport_cExport.cmake
[1.432s] -- Up-to-date: /home/sergio/proyecto_final_ws/install/proyecto_interfaces/share/proyecto_interfaces/cmake/proyecto_interfaces__rosidl_typesupport_cExport-noconfig.cmake
[1.433s] -- Up-to-date: /home/sergio/proyecto_final_ws/install/proyecto_interfaces/share/proyecto_interfaces/cmake/export_proyecto_interfaces__rosidl_generator_cppExport.cmake
[1.434s] -- Up-to-date: /home/sergio/proyecto_final_ws/install/proyecto_interfaces/share/proyecto_interfaces/cmake/export_proyecto_interfaces__rosidl_typesupport_fastrtps_cppExport.cmake
[1.434s] -- Up-to-date: /home/sergio/proyecto_final_ws/install/proyecto_interfaces/share/proyecto_interfaces/cmake/export_proyecto_interfaces__rosidl_typesupport_fastrtps_cppExport-noconfig.cmake
[1.435s] -- Up-to-date: /home/sergio/proyecto_final_ws/install/proyecto_interfaces/share/proyecto_interfaces/cmake/proyecto_interfaces__rosidl_typesupport_introspection_cppExport.cmake
[1.435s] -- Up-to-date: /home/sergio/proyecto_final_ws/install/proyecto_interfaces/share/proyecto_interfaces/cmake/proyecto_interfaces__rosidl_typesupport_introspection_cppExport-noconfig.cmake
[1.436s] -- Up-to-date: /home/sergio/proyecto_final_ws/install/proyecto_interfaces/share/proyecto_interfaces/cmake/proyecto_interfaces__rosidl_typesupport_cppExport.cmake
[1.436s] -- Up-to-date: /home/sergio/proyecto_final_ws/install/proyecto_interfaces/share/proyecto_interfaces/cmake/proyecto_interfaces__rosidl_typesupport_cppExport-noconfig.cmake
[1.436s] -- Up-to-date: /home/sergio/proyecto_final_ws/install/proyecto_interfaces/share/proyecto_interfaces/cmake/export_proyecto_interfaces__rosidl_generator_pyExport.cmake
[1.436s] -- Up-to-date: /home/sergio/proyecto_final_ws/install/proyecto_interfaces/share/proyecto_interfaces/cmake/export_proyecto_interfaces__rosidl_generator_pyExport-noconfig.cmake
[1.437s] -- Up-to-date: /home/sergio/proyecto_final_ws/install/proyecto_interfaces/share/proyecto_interfaces/cmake/rosidl_cmake-extras.cmake
[1.437s] -- Up-to-date: /home/sergio/proyecto_final_ws/install/proyecto_interfaces/share/proyecto_interfaces/cmake/ament_cmake_export_include_directories-extras.cmake
[1.437s] -- Up-to-date: /home/sergio/proyecto_final_ws/install/proyecto_interfaces/share/proyecto_interfaces/cmake/ament_cmake_export_libraries-extras.cmake
[1.437s] -- Up-to-date: /home/sergio/proyecto_final_ws/install/proyecto_interfaces/share/proyecto_interfaces/cmake/ament_cmake_export_targets-extras.cmake
[1.437s] -- Up-to-date: /home/sergio/proyecto_final_ws/install/proyecto_interfaces/share/proyecto_interfaces/cmake/rosidl_cmake_export_typesupport_targets-extras.cmake
[1.437s] -- Up-to-date: /home/sergio/proyecto_final_ws/install/proyecto_interfaces/share/proyecto_interfaces/cmake/ament_cmake_export_dependencies-extras.cmake
[1.438s] -- Up-to-date: /home/sergio/proyecto_final_ws/install/proyecto_interfaces/share/proyecto_interfaces/cmake/rosidl_cmake_export_typesupport_libraries-extras.cmake
[1.438s] -- Up-to-date: /home/sergio/proyecto_final_ws/install/proyecto_interfaces/share/proyecto_interfaces/cmake/proyecto_interfacesConfig.cmake
[1.438s] -- Up-to-date: /home/sergio/proyecto_final_ws/install/proyecto_interfaces/share/proyecto_interfaces/cmake/proyecto_interfacesConfig-version.cmake
[1.438s] -- Up-to-date: /home/sergio/proyecto_final_ws/install/proyecto_interfaces/share/proyecto_interfaces/package.xml
[1.443s] Invoked command in '/home/sergio/proyecto_final_ws/build/proyecto_interfaces' returned '0': CMAKE_PREFIX_PATH=${CMAKE_PREFIX_PATH}:/home/sergio/proyecto_final_ws/install/proyecto_master_pkg:/opt/ros/humble COMP_WORDBREAKS=
"'><=;|&( /usr/bin/cmake --install /home/sergio/proyecto_final_ws/build/proyecto_interfaces
