[0.350s] DEBUG:colcon:Command line arguments: ['/usr/bin/colcon', 'build']
[0.350s] DEBUG:colcon:Parsed command line arguments: Namespace(log_base=None, log_level=None, verb_name='build', build_base='build', install_base='install', merge_install=False, symlink_install=False, test_result_base=None, continue_on_error=False, executor='parallel', parallel_workers=8, event_handlers=None, ignore_user_meta=False, metas=['./colcon.meta'], base_paths=['.'], packages_ignore=None, packages_ignore_regex=None, paths=None, packages_up_to=None, packages_up_to_regex=None, packages_above=None, packages_above_and_dependencies=None, packages_above_depth=None, packages_select_by_dep=None, packages_skip_by_dep=None, packages_skip_up_to=None, packages_select_build_failed=False, packages_skip_build_finished=False, packages_select_test_failures=False, packages_skip_test_passed=False, packages_select=None, packages_skip=None, packages_select_regex=None, packages_skip_regex=None, packages_start=None, packages_end=None, allow_overriding=[], cmake_args=None, cmake_target=None, cmake_target_skip_unavailable=False, cmake_clean_cache=False, cmake_clean_first=False, cmake_force_configure=False, ament_cmake_args=None, catkin_cmake_args=None, catkin_skip_building_tests=False, verb_parser=<colcon_defaults.argument_parser.defaults.DefaultArgumentsDecorator object at 0x7fe6fd531540>, verb_extension=<colcon_core.verb.build.BuildVerb object at 0x7fe6fd530fd0>, main=<bound method BuildVerb.main of <colcon_core.verb.build.BuildVerb object at 0x7fe6fd530fd0>>)
[0.371s] Level 1:colcon.colcon_core.package_discovery:discover_packages(colcon_meta) check parameters
[0.372s] Level 1:colcon.colcon_core.package_discovery:discover_packages(recursive) check parameters
[0.372s] Level 1:colcon.colcon_core.package_discovery:discover_packages(ignore) check parameters
[0.372s] Level 1:colcon.colcon_core.package_discovery:discover_packages(path) check parameters
[0.372s] Level 1:colcon.colcon_core.package_discovery:discover_packages(colcon_meta) discover
[0.372s] Level 1:colcon.colcon_core.package_discovery:discover_packages(recursive) discover
[0.372s] INFO:colcon.colcon_core.package_discovery:Crawling recursively for packages in '/home/sergio/proyecto_final_ws'
[0.372s] Level 1:colcon.colcon_core.package_identification:_identify(.) by extensions ['ignore', 'ignore_ament_install']
[0.372s] Level 1:colcon.colcon_core.package_identification:_identify(.) by extension 'ignore'
[0.372s] Level 1:colcon.colcon_core.package_identification:_identify(.) by extension 'ignore_ament_install'
[0.372s] Level 1:colcon.colcon_core.package_identification:_identify(.) by extensions ['colcon_pkg']
[0.372s] Level 1:colcon.colcon_core.package_identification:_identify(.) by extension 'colcon_pkg'
[0.372s] Level 1:colcon.colcon_core.package_identification:_identify(.) by extensions ['colcon_meta']
[0.372s] Level 1:colcon.colcon_core.package_identification:_identify(.) by extension 'colcon_meta'
[0.372s] Level 1:colcon.colcon_core.package_identification:_identify(.) by extensions ['ros']
[0.372s] Level 1:colcon.colcon_core.package_identification:_identify(.) by extension 'ros'
[0.383s] Level 1:colcon.colcon_core.package_identification:_identify(.) by extensions ['cmake', 'python']
[0.383s] Level 1:colcon.colcon_core.package_identification:_identify(.) by extension 'cmake'
[0.383s] Level 1:colcon.colcon_core.package_identification:_identify(.) by extension 'python'
[0.383s] Level 1:colcon.colcon_core.package_identification:_identify(.) by extensions ['python_setup_py']
[0.383s] Level 1:colcon.colcon_core.package_identification:_identify(.) by extension 'python_setup_py'
[0.383s] Level 1:colcon.colcon_core.package_identification:_identify(build) by extensions ['ignore', 'ignore_ament_install']
[0.383s] Level 1:colcon.colcon_core.package_identification:_identify(build) by extension 'ignore'
[0.383s] Level 1:colcon.colcon_core.package_identification:_identify(build) ignored
[0.384s] Level 1:colcon.colcon_core.package_identification:_identify(install) by extensions ['ignore', 'ignore_ament_install']
[0.384s] Level 1:colcon.colcon_core.package_identification:_identify(install) by extension 'ignore'
[0.384s] Level 1:colcon.colcon_core.package_identification:_identify(install) ignored
[0.384s] Level 1:colcon.colcon_core.package_identification:_identify(log) by extensions ['ignore', 'ignore_ament_install']
[0.384s] Level 1:colcon.colcon_core.package_identification:_identify(log) by extension 'ignore'
[0.384s] Level 1:colcon.colcon_core.package_identification:_identify(log) ignored
[0.384s] Level 1:colcon.colcon_core.package_identification:_identify(src) by extensions ['ignore', 'ignore_ament_install']
[0.384s] Level 1:colcon.colcon_core.package_identification:_identify(src) by extension 'ignore'
[0.385s] Level 1:colcon.colcon_core.package_identification:_identify(src) by extension 'ignore_ament_install'
[0.385s] Level 1:colcon.colcon_core.package_identification:_identify(src) by extensions ['colcon_pkg']
[0.385s] Level 1:colcon.colcon_core.package_identification:_identify(src) by extension 'colcon_pkg'
[0.385s] Level 1:colcon.colcon_core.package_identification:_identify(src) by extensions ['colcon_meta']
[0.385s] Level 1:colcon.colcon_core.package_identification:_identify(src) by extension 'colcon_meta'
[0.385s] Level 1:colcon.colcon_core.package_identification:_identify(src) by extensions ['ros']
[0.385s] Level 1:colcon.colcon_core.package_identification:_identify(src) by extension 'ros'
[0.385s] Level 1:colcon.colcon_core.package_identification:_identify(src) by extensions ['cmake', 'python']
[0.385s] Level 1:colcon.colcon_core.package_identification:_identify(src) by extension 'cmake'
[0.385s] Level 1:colcon.colcon_core.package_identification:_identify(src) by extension 'python'
[0.385s] Level 1:colcon.colcon_core.package_identification:_identify(src) by extensions ['python_setup_py']
[0.385s] Level 1:colcon.colcon_core.package_identification:_identify(src) by extension 'python_setup_py'
[0.385s] Level 1:colcon.colcon_core.package_identification:_identify(src/build) by extensions ['ignore', 'ignore_ament_install']
[0.386s] Level 1:colcon.colcon_core.package_identification:_identify(src/build) by extension 'ignore'
[0.386s] Level 1:colcon.colcon_core.package_identification:_identify(src/build) ignored
[0.386s] Level 1:colcon.colcon_core.package_identification:_identify(src/install) by extensions ['ignore', 'ignore_ament_install']
[0.386s] Level 1:colcon.colcon_core.package_identification:_identify(src/install) by extension 'ignore'
[0.386s] Level 1:colcon.colcon_core.package_identification:_identify(src/install) ignored
[0.386s] Level 1:colcon.colcon_core.package_identification:_identify(src/log) by extensions ['ignore', 'ignore_ament_install']
[0.386s] Level 1:colcon.colcon_core.package_identification:_identify(src/log) by extension 'ignore'
[0.386s] Level 1:colcon.colcon_core.package_identification:_identify(src/log) ignored
[0.387s] Level 1:colcon.colcon_core.package_identification:_identify(src/proyecto_interfaces) by extensions ['ignore', 'ignore_ament_install']
[0.387s] Level 1:colcon.colcon_core.package_identification:_identify(src/proyecto_interfaces) by extension 'ignore'
[0.387s] Level 1:colcon.colcon_core.package_identification:_identify(src/proyecto_interfaces) by extension 'ignore_ament_install'
[0.387s] Level 1:colcon.colcon_core.package_identification:_identify(src/proyecto_interfaces) by extensions ['colcon_pkg']
[0.387s] Level 1:colcon.colcon_core.package_identification:_identify(src/proyecto_interfaces) by extension 'colcon_pkg'
[0.387s] Level 1:colcon.colcon_core.package_identification:_identify(src/proyecto_interfaces) by extensions ['colcon_meta']
[0.387s] Level 1:colcon.colcon_core.package_identification:_identify(src/proyecto_interfaces) by extension 'colcon_meta'
[0.387s] Level 1:colcon.colcon_core.package_identification:_identify(src/proyecto_interfaces) by extensions ['ros']
[0.387s] Level 1:colcon.colcon_core.package_identification:_identify(src/proyecto_interfaces) by extension 'ros'
[0.390s] DEBUG:colcon.colcon_core.package_identification:Package 'src/proyecto_interfaces' with type 'ros.ament_cmake' and name 'proyecto_interfaces'
[0.390s] Level 1:colcon.colcon_core.package_identification:_identify(src/proyecto_master_pkg) by extensions ['ignore', 'ignore_ament_install']
[0.390s] Level 1:colcon.colcon_core.package_identification:_identify(src/proyecto_master_pkg) by extension 'ignore'
[0.390s] Level 1:colcon.colcon_core.package_identification:_identify(src/proyecto_master_pkg) by extension 'ignore_ament_install'
[0.391s] Level 1:colcon.colcon_core.package_identification:_identify(src/proyecto_master_pkg) by extensions ['colcon_pkg']
[0.391s] Level 1:colcon.colcon_core.package_identification:_identify(src/proyecto_master_pkg) by extension 'colcon_pkg'
[0.391s] Level 1:colcon.colcon_core.package_identification:_identify(src/proyecto_master_pkg) by extensions ['colcon_meta']
[0.391s] Level 1:colcon.colcon_core.package_identification:_identify(src/proyecto_master_pkg) by extension 'colcon_meta'
[0.391s] Level 1:colcon.colcon_core.package_identification:_identify(src/proyecto_master_pkg) by extensions ['ros']
[0.391s] Level 1:colcon.colcon_core.package_identification:_identify(src/proyecto_master_pkg) by extension 'ros'
[0.391s] DEBUG:colcon.colcon_core.package_identification:Package 'src/proyecto_master_pkg' with type 'ros.ament_python' and name 'proyecto_master_pkg'
[0.392s] Level 1:colcon.colcon_core.package_identification:_identify(src/proyecto_nodos) by extensions ['ignore', 'ignore_ament_install']
[0.392s] Level 1:colcon.colcon_core.package_identification:_identify(src/proyecto_nodos) by extension 'ignore'
[0.392s] Level 1:colcon.colcon_core.package_identification:_identify(src/proyecto_nodos) by extension 'ignore_ament_install'
[0.392s] Level 1:colcon.colcon_core.package_identification:_identify(src/proyecto_nodos) by extensions ['colcon_pkg']
[0.392s] Level 1:colcon.colcon_core.package_identification:_identify(src/proyecto_nodos) by extension 'colcon_pkg'
[0.392s] Level 1:colcon.colcon_core.package_identification:_identify(src/proyecto_nodos) by extensions ['colcon_meta']
[0.392s] Level 1:colcon.colcon_core.package_identification:_identify(src/proyecto_nodos) by extension 'colcon_meta'
[0.392s] Level 1:colcon.colcon_core.package_identification:_identify(src/proyecto_nodos) by extensions ['ros']
[0.392s] Level 1:colcon.colcon_core.package_identification:_identify(src/proyecto_nodos) by extension 'ros'
[0.393s] DEBUG:colcon.colcon_core.package_identification:Package 'src/proyecto_nodos' with type 'ros.ament_python' and name 'turtle_bot_nodos'
[0.393s] Level 1:colcon.colcon_core.package_identification:_identify(src/vision_opencv) by extensions ['ignore', 'ignore_ament_install']
[0.393s] Level 1:colcon.colcon_core.package_identification:_identify(src/vision_opencv) by extension 'ignore'
[0.393s] Level 1:colcon.colcon_core.package_identification:_identify(src/vision_opencv) by extension 'ignore_ament_install'
[0.393s] Level 1:colcon.colcon_core.package_identification:_identify(src/vision_opencv) by extensions ['colcon_pkg']
[0.393s] Level 1:colcon.colcon_core.package_identification:_identify(src/vision_opencv) by extension 'colcon_pkg'
[0.393s] Level 1:colcon.colcon_core.package_identification:_identify(src/vision_opencv) by extensions ['colcon_meta']
[0.394s] Level 1:colcon.colcon_core.package_identification:_identify(src/vision_opencv) by extension 'colcon_meta'
[0.394s] Level 1:colcon.colcon_core.package_identification:_identify(src/vision_opencv) by extensions ['ros']
[0.394s] Level 1:colcon.colcon_core.package_identification:_identify(src/vision_opencv) by extension 'ros'
[0.394s] Level 1:colcon.colcon_core.package_identification:_identify(src/vision_opencv) by extensions ['cmake', 'python']
[0.394s] Level 1:colcon.colcon_core.package_identification:_identify(src/vision_opencv) by extension 'cmake'
[0.394s] Level 1:colcon.colcon_core.package_identification:_identify(src/vision_opencv) by extension 'python'
[0.394s] Level 1:colcon.colcon_core.package_identification:_identify(src/vision_opencv) by extensions ['python_setup_py']
[0.394s] Level 1:colcon.colcon_core.package_identification:_identify(src/vision_opencv) by extension 'python_setup_py'
[0.394s] Level 1:colcon.colcon_core.package_discovery:discover_packages(recursive) using defaults
[0.394s] Level 1:colcon.colcon_core.package_discovery:discover_packages(ignore) discover
[0.394s] Level 1:colcon.colcon_core.package_discovery:discover_packages(ignore) using defaults
[0.394s] Level 1:colcon.colcon_core.package_discovery:discover_packages(path) discover
[0.394s] Level 1:colcon.colcon_core.package_discovery:discover_packages(path) using defaults
[0.417s] Level 1:colcon.colcon_core.package_discovery:discover_packages(prefix_path) check parameters
[0.417s] Level 1:colcon.colcon_core.package_discovery:discover_packages(prefix_path) discover
[0.420s] DEBUG:colcon.colcon_installed_package_information.package_discovery:Found 3 installed packages in /home/sergio/proyecto_final_ws/install
[0.452s] DEBUG:colcon.colcon_installed_package_information.package_discovery:Found 285 installed packages in /opt/ros/humble
[0.453s] Level 1:colcon.colcon_core.package_discovery:discover_packages(prefix_path) using defaults
[0.514s] Level 5:colcon.colcon_core.verb:set package 'proyecto_interfaces' build argument 'cmake_args' from command line to 'None'
[0.514s] Level 5:colcon.colcon_core.verb:set package 'proyecto_interfaces' build argument 'cmake_target' from command line to 'None'
[0.514s] Level 5:colcon.colcon_core.verb:set package 'proyecto_interfaces' build argument 'cmake_target_skip_unavailable' from command line to 'False'
[0.514s] Level 5:colcon.colcon_core.verb:set package 'proyecto_interfaces' build argument 'cmake_clean_cache' from command line to 'False'
[0.514s] Level 5:colcon.colcon_core.verb:set package 'proyecto_interfaces' build argument 'cmake_clean_first' from command line to 'False'
[0.514s] Level 5:colcon.colcon_core.verb:set package 'proyecto_interfaces' build argument 'cmake_force_configure' from command line to 'False'
[0.514s] Level 5:colcon.colcon_core.verb:set package 'proyecto_interfaces' build argument 'ament_cmake_args' from command line to 'None'
[0.514s] Level 5:colcon.colcon_core.verb:set package 'proyecto_interfaces' build argument 'catkin_cmake_args' from command line to 'None'
[0.514s] Level 5:colcon.colcon_core.verb:set package 'proyecto_interfaces' build argument 'catkin_skip_building_tests' from command line to 'False'
[0.514s] DEBUG:colcon.colcon_core.verb:Building package 'proyecto_interfaces' with the following arguments: {'ament_cmake_args': None, 'build_base': '/home/sergio/proyecto_final_ws/build/proyecto_interfaces', 'catkin_cmake_args': None, 'catkin_skip_building_tests': False, 'cmake_args': None, 'cmake_clean_cache': False, 'cmake_clean_first': False, 'cmake_force_configure': False, 'cmake_target': None, 'cmake_target_skip_unavailable': False, 'install_base': '/home/sergio/proyecto_final_ws/install/proyecto_interfaces', 'merge_install': False, 'path': '/home/sergio/proyecto_final_ws/src/proyecto_interfaces', 'symlink_install': False, 'test_result_base': None}
[0.515s] Level 5:colcon.colcon_core.verb:set package 'proyecto_master_pkg' build argument 'cmake_args' from command line to 'None'
[0.515s] Level 5:colcon.colcon_core.verb:set package 'proyecto_master_pkg' build argument 'cmake_target' from command line to 'None'
[0.515s] Level 5:colcon.colcon_core.verb:set package 'proyecto_master_pkg' build argument 'cmake_target_skip_unavailable' from command line to 'False'
[0.515s] Level 5:colcon.colcon_core.verb:set package 'proyecto_master_pkg' build argument 'cmake_clean_cache' from command line to 'False'
[0.515s] Level 5:colcon.colcon_core.verb:set package 'proyecto_master_pkg' build argument 'cmake_clean_first' from command line to 'False'
[0.515s] Level 5:colcon.colcon_core.verb:set package 'proyecto_master_pkg' build argument 'cmake_force_configure' from command line to 'False'
[0.515s] Level 5:colcon.colcon_core.verb:set package 'proyecto_master_pkg' build argument 'ament_cmake_args' from command line to 'None'
[0.515s] Level 5:colcon.colcon_core.verb:set package 'proyecto_master_pkg' build argument 'catkin_cmake_args' from command line to 'None'
[0.516s] Level 5:colcon.colcon_core.verb:set package 'proyecto_master_pkg' build argument 'catkin_skip_building_tests' from command line to 'False'
[0.516s] DEBUG:colcon.colcon_core.verb:Building package 'proyecto_master_pkg' with the following arguments: {'ament_cmake_args': None, 'build_base': '/home/sergio/proyecto_final_ws/build/proyecto_master_pkg', 'catkin_cmake_args': None, 'catkin_skip_building_tests': False, 'cmake_args': None, 'cmake_clean_cache': False, 'cmake_clean_first': False, 'cmake_force_configure': False, 'cmake_target': None, 'cmake_target_skip_unavailable': False, 'install_base': '/home/sergio/proyecto_final_ws/install/proyecto_master_pkg', 'merge_install': False, 'path': '/home/sergio/proyecto_final_ws/src/proyecto_master_pkg', 'symlink_install': False, 'test_result_base': None}
[0.517s] Level 5:colcon.colcon_core.verb:set package 'turtle_bot_nodos' build argument 'cmake_args' from command line to 'None'
[0.517s] Level 5:colcon.colcon_core.verb:set package 'turtle_bot_nodos' build argument 'cmake_target' from command line to 'None'
[0.517s] Level 5:colcon.colcon_core.verb:set package 'turtle_bot_nodos' build argument 'cmake_target_skip_unavailable' from command line to 'False'
[0.517s] Level 5:colcon.colcon_core.verb:set package 'turtle_bot_nodos' build argument 'cmake_clean_cache' from command line to 'False'
[0.517s] Level 5:colcon.colcon_core.verb:set package 'turtle_bot_nodos' build argument 'cmake_clean_first' from command line to 'False'
[0.517s] Level 5:colcon.colcon_core.verb:set package 'turtle_bot_nodos' build argument 'cmake_force_configure' from command line to 'False'
[0.517s] Level 5:colcon.colcon_core.verb:set package 'turtle_bot_nodos' build argument 'ament_cmake_args' from command line to 'None'
[0.517s] Level 5:colcon.colcon_core.verb:set package 'turtle_bot_nodos' build argument 'catkin_cmake_args' from command line to 'None'
[0.517s] Level 5:colcon.colcon_core.verb:set package 'turtle_bot_nodos' build argument 'catkin_skip_building_tests' from command line to 'False'
[0.517s] DEBUG:colcon.colcon_core.verb:Building package 'turtle_bot_nodos' with the following arguments: {'ament_cmake_args': None, 'build_base': '/home/sergio/proyecto_final_ws/build/turtle_bot_nodos', 'catkin_cmake_args': None, 'catkin_skip_building_tests': False, 'cmake_args': None, 'cmake_clean_cache': False, 'cmake_clean_first': False, 'cmake_force_configure': False, 'cmake_target': None, 'cmake_target_skip_unavailable': False, 'install_base': '/home/sergio/proyecto_final_ws/install/turtle_bot_nodos', 'merge_install': False, 'path': '/home/sergio/proyecto_final_ws/src/proyecto_nodos', 'symlink_install': False, 'test_result_base': None}
[0.518s] INFO:colcon.colcon_core.executor:Executing jobs using 'parallel' executor
[0.521s] DEBUG:colcon.colcon_parallel_executor.executor.parallel:run_until_complete
[0.521s] INFO:colcon.colcon_ros.task.ament_cmake.build:Building ROS package in '/home/sergio/proyecto_final_ws/src/proyecto_interfaces' with build type 'ament_cmake'
[0.521s] INFO:colcon.colcon_cmake.task.cmake.build:Building CMake package in '/home/sergio/proyecto_final_ws/src/proyecto_interfaces'
[0.526s] INFO:colcon.colcon_core.plugin_system:Skipping extension 'colcon_core.shell.bat': Not used on non-Windows systems
[0.526s] INFO:colcon.colcon_core.shell:Skip shell extension 'powershell' for command environment: Not usable outside of PowerShell
[0.526s] DEBUG:colcon.colcon_core.shell:Skip shell extension 'dsv' for command environment
[0.530s] INFO:colcon.colcon_ros.task.ament_python.build:Building ROS package in '/home/sergio/proyecto_final_ws/src/proyecto_master_pkg' with build type 'ament_python'
[0.530s] Level 1:colcon.colcon_core.shell:create_environment_hook('proyecto_master_pkg', 'ament_prefix_path')
[0.532s] INFO:colcon.colcon_core.shell:Creating environment hook '/home/sergio/proyecto_final_ws/install/proyecto_master_pkg/share/proyecto_master_pkg/hook/ament_prefix_path.ps1'
[0.533s] INFO:colcon.colcon_core.shell:Creating environment descriptor '/home/sergio/proyecto_final_ws/install/proyecto_master_pkg/share/proyecto_master_pkg/hook/ament_prefix_path.dsv'
[0.533s] INFO:colcon.colcon_core.shell:Creating environment hook '/home/sergio/proyecto_final_ws/install/proyecto_master_pkg/share/proyecto_master_pkg/hook/ament_prefix_path.sh'
[0.535s] INFO:colcon.colcon_core.shell:Skip shell extension 'powershell' for command environment: Not usable outside of PowerShell
[0.536s] DEBUG:colcon.colcon_core.shell:Skip shell extension 'dsv' for command environment
[0.540s] INFO:colcon.colcon_ros.task.ament_python.build:Building ROS package in '/home/sergio/proyecto_final_ws/src/proyecto_nodos' with build type 'ament_python'
[0.540s] Level 1:colcon.colcon_core.shell:create_environment_hook('turtle_bot_nodos', 'ament_prefix_path')
[0.541s] INFO:colcon.colcon_core.shell:Creating environment hook '/home/sergio/proyecto_final_ws/install/turtle_bot_nodos/share/turtle_bot_nodos/hook/ament_prefix_path.ps1'
[0.542s] INFO:colcon.colcon_core.shell:Creating environment descriptor '/home/sergio/proyecto_final_ws/install/turtle_bot_nodos/share/turtle_bot_nodos/hook/ament_prefix_path.dsv'
[0.542s] INFO:colcon.colcon_core.shell:Creating environment hook '/home/sergio/proyecto_final_ws/install/turtle_bot_nodos/share/turtle_bot_nodos/hook/ament_prefix_path.sh'
[0.544s] INFO:colcon.colcon_core.shell:Skip shell extension 'powershell' for command environment: Not usable outside of PowerShell
[0.544s] DEBUG:colcon.colcon_core.shell:Skip shell extension 'dsv' for command environment
[0.553s] DEBUG:colcon.colcon_core.event_handler.log_command:Invoking command in '/home/sergio/proyecto_final_ws/build/proyecto_interfaces': CMAKE_PREFIX_PATH=${CMAKE_PREFIX_PATH}:/home/sergio/proyecto_final_ws/install/turtle_bot_nodos:/home/sergio/proyecto_final_ws/install/proyecto_master_pkg:/opt/ros/humble COMP_WORDBREAKS=
"'><=;|&( /usr/bin/cmake --build /home/sergio/proyecto_final_ws/build/proyecto_interfaces -- -j8 -l8
[0.895s] INFO:colcon.colcon_core.task.python.build:Building Python package in '/home/sergio/proyecto_final_ws/src/proyecto_master_pkg'
[0.896s] INFO:colcon.colcon_core.shell:Skip shell extension 'powershell' for command environment: Not usable outside of PowerShell
[0.896s] DEBUG:colcon.colcon_core.shell:Skip shell extension 'dsv' for command environment
[1.201s] WARNING:colcon.colcon_ros.task.ament_python.build:Package 'turtle_bot_nodos' doesn't explicitly install a marker in the package index (colcon-ros currently does it implicitly but that fallback will be removed in the future)
[1.201s] WARNING:colcon.colcon_ros.task.ament_python.build:Package 'turtle_bot_nodos' doesn't explicitly install the 'package.xml' file (colcon-ros currently does it implicitly but that fallback will be removed in the future)
[1.203s] INFO:colcon.colcon_core.task.python.build:Building Python package in '/home/sergio/proyecto_final_ws/src/proyecto_nodos'
[1.204s] INFO:colcon.colcon_core.shell:Skip shell extension 'powershell' for command environment: Not usable outside of PowerShell
[1.204s] DEBUG:colcon.colcon_core.shell:Skip shell extension 'dsv' for command environment
[1.212s] DEBUG:colcon.colcon_core.event_handler.log_command:Invoked command in '/home/sergio/proyecto_final_ws/build/proyecto_interfaces' returned '0': CMAKE_PREFIX_PATH=${CMAKE_PREFIX_PATH}:/home/sergio/proyecto_final_ws/install/turtle_bot_nodos:/home/sergio/proyecto_final_ws/install/proyecto_master_pkg:/opt/ros/humble COMP_WORDBREAKS=
"'><=;|&( /usr/bin/cmake --build /home/sergio/proyecto_final_ws/build/proyecto_interfaces -- -j8 -l8
[1.335s] DEBUG:colcon.colcon_core.event_handler.log_command:Invoking command in '/home/sergio/proyecto_final_ws/build/proyecto_interfaces': CMAKE_PREFIX_PATH=${CMAKE_PREFIX_PATH}:/home/sergio/proyecto_final_ws/install/turtle_bot_nodos:/home/sergio/proyecto_final_ws/install/proyecto_master_pkg:/opt/ros/humble COMP_WORDBREAKS=
"'><=;|&( /usr/bin/cmake --install /home/sergio/proyecto_final_ws/build/proyecto_interfaces
[1.447s] Level 1:colcon.colcon_core.environment:create_environment_scripts_only(proyecto_interfaces)
[1.453s] DEBUG:colcon.colcon_core.event_handler.log_command:Invoked command in '/home/sergio/proyecto_final_ws/build/proyecto_interfaces' returned '0': CMAKE_PREFIX_PATH=${CMAKE_PREFIX_PATH}:/home/sergio/proyecto_final_ws/install/turtle_bot_nodos:/home/sergio/proyecto_final_ws/install/proyecto_master_pkg:/opt/ros/humble COMP_WORDBREAKS=
"'><=;|&( /usr/bin/cmake --install /home/sergio/proyecto_final_ws/build/proyecto_interfaces
[1.457s] Level 1:colcon.colcon_core.environment:checking '/home/sergio/proyecto_final_ws/install/proyecto_interfaces' for CMake module files
[1.457s] Level 1:colcon.colcon_core.environment:checking '/home/sergio/proyecto_final_ws/install/proyecto_interfaces' for CMake config files
[1.458s] Level 1:colcon.colcon_core.shell:create_environment_hook('proyecto_interfaces', 'cmake_prefix_path')
[1.459s] INFO:colcon.colcon_core.shell:Creating environment hook '/home/sergio/proyecto_final_ws/install/proyecto_interfaces/share/proyecto_interfaces/hook/cmake_prefix_path.ps1'
[1.459s] INFO:colcon.colcon_core.shell:Creating environment descriptor '/home/sergio/proyecto_final_ws/install/proyecto_interfaces/share/proyecto_interfaces/hook/cmake_prefix_path.dsv'
[1.460s] INFO:colcon.colcon_core.shell:Creating environment hook '/home/sergio/proyecto_final_ws/install/proyecto_interfaces/share/proyecto_interfaces/hook/cmake_prefix_path.sh'
[1.460s] Level 1:colcon.colcon_core.environment:checking '/home/sergio/proyecto_final_ws/install/proyecto_interfaces/lib'
[1.460s] Level 1:colcon.colcon_core.shell:create_environment_hook('proyecto_interfaces', 'ld_library_path_lib')
[1.462s] INFO:colcon.colcon_core.shell:Creating environment hook '/home/sergio/proyecto_final_ws/install/proyecto_interfaces/share/proyecto_interfaces/hook/ld_library_path_lib.ps1'
[1.463s] INFO:colcon.colcon_core.shell:Creating environment descriptor '/home/sergio/proyecto_final_ws/install/proyecto_interfaces/share/proyecto_interfaces/hook/ld_library_path_lib.dsv'
[1.463s] INFO:colcon.colcon_core.shell:Creating environment hook '/home/sergio/proyecto_final_ws/install/proyecto_interfaces/share/proyecto_interfaces/hook/ld_library_path_lib.sh'
[1.464s] Level 1:colcon.colcon_core.environment:checking '/home/sergio/proyecto_final_ws/install/proyecto_interfaces/bin'
[1.464s] Level 1:colcon.colcon_core.environment:checking '/home/sergio/proyecto_final_ws/install/proyecto_interfaces/lib/pkgconfig/proyecto_interfaces.pc'
[1.464s] Level 1:colcon.colcon_core.environment:checking '/home/sergio/proyecto_final_ws/install/proyecto_interfaces/lib/python3.10/site-packages'
[1.465s] Level 1:colcon.colcon_core.environment:checking '/home/sergio/proyecto_final_ws/install/proyecto_interfaces/bin'
[1.467s] INFO:colcon.colcon_core.shell:Creating package script '/home/sergio/proyecto_final_ws/install/proyecto_interfaces/share/proyecto_interfaces/package.ps1'
[1.468s] INFO:colcon.colcon_core.shell:Creating package descriptor '/home/sergio/proyecto_final_ws/install/proyecto_interfaces/share/proyecto_interfaces/package.dsv'
[1.468s] INFO:colcon.colcon_core.shell:Creating package script '/home/sergio/proyecto_final_ws/install/proyecto_interfaces/share/proyecto_interfaces/package.sh'
[1.469s] INFO:colcon.colcon_core.shell:Creating package script '/home/sergio/proyecto_final_ws/install/proyecto_interfaces/share/proyecto_interfaces/package.bash'
[1.470s] INFO:colcon.colcon_core.shell:Creating package script '/home/sergio/proyecto_final_ws/install/proyecto_interfaces/share/proyecto_interfaces/package.zsh'
[1.471s] Level 1:colcon.colcon_core.environment:create_file_with_runtime_dependencies(/home/sergio/proyecto_final_ws/install/proyecto_interfaces/share/colcon-core/packages/proyecto_interfaces)
[1.590s] Level 1:colcon.colcon_core.environment:create_environment_scripts_only(proyecto_interfaces)
[1.593s] Level 1:colcon.colcon_core.environment:checking '/home/sergio/proyecto_final_ws/install/proyecto_interfaces' for CMake module files
[1.594s] Level 1:colcon.colcon_core.environment:checking '/home/sergio/proyecto_final_ws/install/proyecto_interfaces' for CMake config files
[1.594s] Level 1:colcon.colcon_core.shell:create_environment_hook('proyecto_interfaces', 'cmake_prefix_path')
[1.597s] INFO:colcon.colcon_core.shell:Creating environment hook '/home/sergio/proyecto_final_ws/install/proyecto_interfaces/share/proyecto_interfaces/hook/cmake_prefix_path.ps1'
[1.598s] INFO:colcon.colcon_core.shell:Creating environment descriptor '/home/sergio/proyecto_final_ws/install/proyecto_interfaces/share/proyecto_interfaces/hook/cmake_prefix_path.dsv'
[1.598s] INFO:colcon.colcon_core.shell:Creating environment hook '/home/sergio/proyecto_final_ws/install/proyecto_interfaces/share/proyecto_interfaces/hook/cmake_prefix_path.sh'
[1.599s] Level 1:colcon.colcon_core.environment:checking '/home/sergio/proyecto_final_ws/install/proyecto_interfaces/lib'
[1.599s] Level 1:colcon.colcon_core.shell:create_environment_hook('proyecto_interfaces', 'ld_library_path_lib')
[1.601s] INFO:colcon.colcon_core.shell:Creating environment hook '/home/sergio/proyecto_final_ws/install/proyecto_interfaces/share/proyecto_interfaces/hook/ld_library_path_lib.ps1'
[1.602s] INFO:colcon.colcon_core.shell:Creating environment descriptor '/home/sergio/proyecto_final_ws/install/proyecto_interfaces/share/proyecto_interfaces/hook/ld_library_path_lib.dsv'
[1.603s] INFO:colcon.colcon_core.shell:Creating environment hook '/home/sergio/proyecto_final_ws/install/proyecto_interfaces/share/proyecto_interfaces/hook/ld_library_path_lib.sh'
[1.603s] Level 1:colcon.colcon_core.environment:checking '/home/sergio/proyecto_final_ws/install/proyecto_interfaces/bin'
[1.603s] Level 1:colcon.colcon_core.environment:checking '/home/sergio/proyecto_final_ws/install/proyecto_interfaces/lib/pkgconfig/proyecto_interfaces.pc'
[1.604s] Level 1:colcon.colcon_core.environment:checking '/home/sergio/proyecto_final_ws/install/proyecto_interfaces/lib/python3.10/site-packages'
[1.604s] Level 1:colcon.colcon_core.environment:checking '/home/sergio/proyecto_final_ws/install/proyecto_interfaces/bin'
[1.607s] INFO:colcon.colcon_core.shell:Creating package script '/home/sergio/proyecto_final_ws/install/proyecto_interfaces/share/proyecto_interfaces/package.ps1'
[1.608s] INFO:colcon.colcon_core.shell:Creating package descriptor '/home/sergio/proyecto_final_ws/install/proyecto_interfaces/share/proyecto_interfaces/package.dsv'
[1.608s] INFO:colcon.colcon_core.shell:Creating package script '/home/sergio/proyecto_final_ws/install/proyecto_interfaces/share/proyecto_interfaces/package.sh'
[1.609s] INFO:colcon.colcon_core.shell:Creating package script '/home/sergio/proyecto_final_ws/install/proyecto_interfaces/share/proyecto_interfaces/package.bash'
[1.609s] INFO:colcon.colcon_core.shell:Creating package script '/home/sergio/proyecto_final_ws/install/proyecto_interfaces/share/proyecto_interfaces/package.zsh'
[1.610s] Level 1:colcon.colcon_core.environment:create_file_with_runtime_dependencies(/home/sergio/proyecto_final_ws/install/proyecto_interfaces/share/colcon-core/packages/proyecto_interfaces)
[1.691s] DEBUG:colcon.colcon_core.event_handler.log_command:Invoking command in '/home/sergio/proyecto_final_ws/src/proyecto_master_pkg': COMP_WORDBREAKS=
"'><=;|&( PYTHONPATH=/home/sergio/proyecto_final_ws/build/proyecto_master_pkg/prefix_override:/home/sergio/proyecto_final_ws/install/proyecto_master_pkg/lib/python3.10/site-packages:${PYTHONPATH} /usr/bin/python3 setup.py egg_info --egg-base ../../build/proyecto_master_pkg build --build-base /home/sergio/proyecto_final_ws/build/proyecto_master_pkg/build install --record /home/sergio/proyecto_final_ws/build/proyecto_master_pkg/install.log --single-version-externally-managed
[1.744s] DEBUG:colcon.colcon_core.event_handler.log_command:Invoking command in '/home/sergio/proyecto_final_ws/src/proyecto_nodos': COMP_WORDBREAKS=
"'><=;|&( PYTHONPATH=/home/sergio/proyecto_final_ws/build/turtle_bot_nodos/prefix_override:/home/sergio/proyecto_final_ws/install/turtle_bot_nodos/lib/python3.10/site-packages:${PYTHONPATH} /usr/bin/python3 setup.py egg_info --egg-base ../../build/turtle_bot_nodos build --build-base /home/sergio/proyecto_final_ws/build/turtle_bot_nodos/build install --record /home/sergio/proyecto_final_ws/build/turtle_bot_nodos/install.log --single-version-externally-managed
[2.068s] Level 1:colcon.colcon_core.environment:checking '/home/sergio/proyecto_final_ws/install/proyecto_master_pkg' for CMake module files
[2.069s] DEBUG:colcon.colcon_core.event_handler.log_command:Invoked command in '/home/sergio/proyecto_final_ws/src/proyecto_master_pkg' returned '0': COMP_WORDBREAKS=
"'><=;|&( PYTHONPATH=/home/sergio/proyecto_final_ws/build/proyecto_master_pkg/prefix_override:/home/sergio/proyecto_final_ws/install/proyecto_master_pkg/lib/python3.10/site-packages:${PYTHONPATH} /usr/bin/python3 setup.py egg_info --egg-base ../../build/proyecto_master_pkg build --build-base /home/sergio/proyecto_final_ws/build/proyecto_master_pkg/build install --record /home/sergio/proyecto_final_ws/build/proyecto_master_pkg/install.log --single-version-externally-managed
[2.069s] Level 1:colcon.colcon_core.environment:checking '/home/sergio/proyecto_final_ws/install/proyecto_master_pkg' for CMake config files
[2.070s] Level 1:colcon.colcon_core.environment:checking '/home/sergio/proyecto_final_ws/install/proyecto_master_pkg/lib'
[2.070s] Level 1:colcon.colcon_core.environment:checking '/home/sergio/proyecto_final_ws/install/proyecto_master_pkg/bin'
[2.070s] Level 1:colcon.colcon_core.environment:checking '/home/sergio/proyecto_final_ws/install/proyecto_master_pkg/lib/pkgconfig/proyecto_master_pkg.pc'
[2.070s] Level 1:colcon.colcon_core.environment:checking '/home/sergio/proyecto_final_ws/install/proyecto_master_pkg/lib/python3.10/site-packages'
[2.070s] Level 1:colcon.colcon_core.shell:create_environment_hook('proyecto_master_pkg', 'pythonpath')
[2.072s] INFO:colcon.colcon_core.shell:Creating environment hook '/home/sergio/proyecto_final_ws/install/proyecto_master_pkg/share/proyecto_master_pkg/hook/pythonpath.ps1'
[2.072s] INFO:colcon.colcon_core.shell:Creating environment descriptor '/home/sergio/proyecto_final_ws/install/proyecto_master_pkg/share/proyecto_master_pkg/hook/pythonpath.dsv'
[2.073s] INFO:colcon.colcon_core.shell:Creating environment hook '/home/sergio/proyecto_final_ws/install/proyecto_master_pkg/share/proyecto_master_pkg/hook/pythonpath.sh'
[2.073s] Level 1:colcon.colcon_core.environment:checking '/home/sergio/proyecto_final_ws/install/proyecto_master_pkg/bin'
[2.073s] Level 1:colcon.colcon_core.environment:create_environment_scripts_only(proyecto_master_pkg)
[2.075s] INFO:colcon.colcon_core.shell:Creating package script '/home/sergio/proyecto_final_ws/install/proyecto_master_pkg/share/proyecto_master_pkg/package.ps1'
[2.076s] INFO:colcon.colcon_core.shell:Creating package descriptor '/home/sergio/proyecto_final_ws/install/proyecto_master_pkg/share/proyecto_master_pkg/package.dsv'
[2.076s] INFO:colcon.colcon_core.shell:Creating package script '/home/sergio/proyecto_final_ws/install/proyecto_master_pkg/share/proyecto_master_pkg/package.sh'
[2.076s] INFO:colcon.colcon_core.shell:Creating package script '/home/sergio/proyecto_final_ws/install/proyecto_master_pkg/share/proyecto_master_pkg/package.bash'
[2.077s] INFO:colcon.colcon_core.shell:Creating package script '/home/sergio/proyecto_final_ws/install/proyecto_master_pkg/share/proyecto_master_pkg/package.zsh'
[2.077s] Level 1:colcon.colcon_core.environment:create_file_with_runtime_dependencies(/home/sergio/proyecto_final_ws/install/proyecto_master_pkg/share/colcon-core/packages/proyecto_master_pkg)
[2.108s] Level 1:colcon.colcon_core.environment:checking '/home/sergio/proyecto_final_ws/install/turtle_bot_nodos' for CMake module files
[2.109s] DEBUG:colcon.colcon_core.event_handler.log_command:Invoked command in '/home/sergio/proyecto_final_ws/src/proyecto_nodos' returned '0': COMP_WORDBREAKS=
"'><=;|&( PYTHONPATH=/home/sergio/proyecto_final_ws/build/turtle_bot_nodos/prefix_override:/home/sergio/proyecto_final_ws/install/turtle_bot_nodos/lib/python3.10/site-packages:${PYTHONPATH} /usr/bin/python3 setup.py egg_info --egg-base ../../build/turtle_bot_nodos build --build-base /home/sergio/proyecto_final_ws/build/turtle_bot_nodos/build install --record /home/sergio/proyecto_final_ws/build/turtle_bot_nodos/install.log --single-version-externally-managed
[2.109s] Level 1:colcon.colcon_core.environment:checking '/home/sergio/proyecto_final_ws/install/turtle_bot_nodos' for CMake config files
[2.110s] Level 1:colcon.colcon_core.environment:checking '/home/sergio/proyecto_final_ws/install/turtle_bot_nodos/lib'
[2.110s] Level 1:colcon.colcon_core.environment:checking '/home/sergio/proyecto_final_ws/install/turtle_bot_nodos/bin'
[2.110s] Level 1:colcon.colcon_core.environment:checking '/home/sergio/proyecto_final_ws/install/turtle_bot_nodos/lib/pkgconfig/turtle_bot_nodos.pc'
[2.110s] Level 1:colcon.colcon_core.environment:checking '/home/sergio/proyecto_final_ws/install/turtle_bot_nodos/lib/python3.10/site-packages'
[2.110s] Level 1:colcon.colcon_core.shell:create_environment_hook('turtle_bot_nodos', 'pythonpath')
[2.112s] INFO:colcon.colcon_core.shell:Creating environment hook '/home/sergio/proyecto_final_ws/install/turtle_bot_nodos/share/turtle_bot_nodos/hook/pythonpath.ps1'
[2.112s] INFO:colcon.colcon_core.shell:Creating environment descriptor '/home/sergio/proyecto_final_ws/install/turtle_bot_nodos/share/turtle_bot_nodos/hook/pythonpath.dsv'
[2.112s] INFO:colcon.colcon_core.shell:Creating environment hook '/home/sergio/proyecto_final_ws/install/turtle_bot_nodos/share/turtle_bot_nodos/hook/pythonpath.sh'
[2.113s] Level 1:colcon.colcon_core.environment:checking '/home/sergio/proyecto_final_ws/install/turtle_bot_nodos/bin'
[2.113s] Level 1:colcon.colcon_core.environment:create_environment_scripts_only(turtle_bot_nodos)
[2.114s] INFO:colcon.colcon_core.shell:Creating package script '/home/sergio/proyecto_final_ws/install/turtle_bot_nodos/share/turtle_bot_nodos/package.ps1'
[2.115s] INFO:colcon.colcon_core.shell:Creating package descriptor '/home/sergio/proyecto_final_ws/install/turtle_bot_nodos/share/turtle_bot_nodos/package.dsv'
[2.115s] INFO:colcon.colcon_core.shell:Creating package script '/home/sergio/proyecto_final_ws/install/turtle_bot_nodos/share/turtle_bot_nodos/package.sh'
[2.116s] INFO:colcon.colcon_core.shell:Creating package script '/home/sergio/proyecto_final_ws/install/turtle_bot_nodos/share/turtle_bot_nodos/package.bash'
[2.116s] INFO:colcon.colcon_core.shell:Creating package script '/home/sergio/proyecto_final_ws/install/turtle_bot_nodos/share/turtle_bot_nodos/package.zsh'
[2.116s] Level 1:colcon.colcon_core.environment:create_file_with_runtime_dependencies(/home/sergio/proyecto_final_ws/install/turtle_bot_nodos/share/colcon-core/packages/turtle_bot_nodos)
[2.117s] DEBUG:colcon.colcon_parallel_executor.executor.parallel:closing loop
[2.117s] DEBUG:colcon.colcon_parallel_executor.executor.parallel:loop closed
[2.117s] DEBUG:colcon.colcon_parallel_executor.executor.parallel:run_until_complete finished with '0'
[2.117s] DEBUG:colcon.colcon_core.event_reactor:joining thread
[2.123s] INFO:colcon.colcon_core.plugin_system:Skipping extension 'colcon_notification.desktop_notification.terminal_notifier': Not used on non-Darwin systems
[2.123s] INFO:colcon.colcon_core.plugin_system:Skipping extension 'colcon_notification.desktop_notification.win32': Not used on non-Windows systems
[2.123s] INFO:colcon.colcon_notification.desktop_notification:Sending desktop notification using 'notify2'
[2.133s] DEBUG:colcon.colcon_core.event_reactor:joined thread
[2.135s] INFO:colcon.colcon_core.shell:Creating prefix script '/home/sergio/proyecto_final_ws/install/local_setup.ps1'
[2.136s] INFO:colcon.colcon_core.shell:Creating prefix util module '/home/sergio/proyecto_final_ws/install/_local_setup_util_ps1.py'
[2.137s] INFO:colcon.colcon_core.shell:Creating prefix chain script '/home/sergio/proyecto_final_ws/install/setup.ps1'
[2.138s] INFO:colcon.colcon_core.shell:Creating prefix script '/home/sergio/proyecto_final_ws/install/local_setup.sh'
[2.139s] INFO:colcon.colcon_core.shell:Creating prefix util module '/home/sergio/proyecto_final_ws/install/_local_setup_util_sh.py'
[2.140s] INFO:colcon.colcon_core.shell:Creating prefix chain script '/home/sergio/proyecto_final_ws/install/setup.sh'
[2.141s] INFO:colcon.colcon_core.shell:Creating prefix script '/home/sergio/proyecto_final_ws/install/local_setup.bash'
[2.141s] INFO:colcon.colcon_core.shell:Creating prefix chain script '/home/sergio/proyecto_final_ws/install/setup.bash'
[2.143s] INFO:colcon.colcon_core.shell:Creating prefix script '/home/sergio/proyecto_final_ws/install/local_setup.zsh'
[2.143s] INFO:colcon.colcon_core.shell:Creating prefix chain script '/home/sergio/proyecto_final_ws/install/setup.zsh'
