[0.909s] Invoking command in '/home/sergio/proyecto_final_ws/build/proyecto_interfaces': CMAKE_PREFIX_PATH=${CMAKE_PREFIX_PATH}:/home/sergio/proyecto_final_ws/install/turtle_bot_nodos:/home/sergio/proyecto_final_ws/install/proyecto_master_pkg:/opt/ros/humble COMP_WORDBREAKS=
"'><=;|&( /usr/bin/cmake --build /home/sergio/proyecto_final_ws/build/proyecto_interfaces -- -j8 -l8
[1.623s] [  1%] Built target proyecto_interfaces__cpp
[1.623s] [ 12%] Built target proyecto_interfaces__rosidl_generator_c
[1.624s] [ 30%] Built target proyecto_interfaces__rosidl_typesupport_introspection_c
[1.624s] [ 34%] Built target proyecto_interfaces__rosidl_typesupport_introspection_cpp
[1.624s] [ 45%] Built target proyecto_interfaces__rosidl_typesupport_c
[1.624s] [ 63%] Built target proyecto_interfaces__rosidl_typesupport_fastrtps_cpp
[1.624s] [ 67%] Built target proyecto_interfaces__rosidl_typesupport_fastrtps_c
[1.624s] [ 78%] Built target proyecto_interfaces__rosidl_typesupport_cpp
[1.624s] [ 78%] Built target proyecto_interfaces
[1.625s] [ 80%] Built target proyecto_interfaces__py
[1.625s] [ 89%] Built target proyecto_interfaces__rosidl_generator_py
[1.627s] [ 92%] Built target proyecto_interfaces__rosidl_typesupport_introspection_c__pyext
[1.627s] [ 98%] Built target proyecto_interfaces__rosidl_typesupport_fastrtps_c__pyext
[1.627s] [100%] Built target proyecto_interfaces__rosidl_typesupport_c__pyext
[1.904s] [100%] Built target ament_cmake_python_copy_proyecto_interfaces
[2.213s] running egg_info
[2.214s] writing proyecto_interfaces.egg-info/PKG-INFO
[2.214s] writing dependency_links to proyecto_interfaces.egg-info/dependency_links.txt
[2.214s] writing top-level names to proyecto_interfaces.egg-info/top_level.txt
[2.217s] reading manifest file 'proyecto_interfaces.egg-info/SOURCES.txt'
[2.218s] writing manifest file 'proyecto_interfaces.egg-info/SOURCES.txt'
[2.247s] [100%] Built target ament_cmake_python_build_proyecto_interfaces_egg
[2.260s] Invoked command in '/home/sergio/proyecto_final_ws/build/proyecto_interfaces' returned '0': CMAKE_PREFIX_PATH=${CMAKE_PREFIX_PATH}:/home/sergio/proyecto_final_ws/install/turtle_bot_nodos:/home/sergio/proyecto_final_ws/install/proyecto_master_pkg:/opt/ros/humble COMP_WORDBREAKS=
"'><=;|&( /usr/bin/cmake --build /home/sergio/proyecto_final_ws/build/proyecto_interfaces -- -j8 -l8
[2.389s] Invoking command in '/home/sergio/proyecto_final_ws/build/proyecto_interfaces': CMAKE_PREFIX_PATH=${CMAKE_PREFIX_PATH}:/home/sergio/proyecto_final_ws/install/turtle_bot_nodos:/home/sergio/proyecto_final_ws/install/proyecto_master_pkg:/opt/ros/humble COMP_WORDBREAKS=
"'><=;|&( /usr/bin/cmake --install /home/sergio/proyecto_final_ws/build/proyecto_interfaces
[2.397s] -- Install configuration: ""
[2.398s] -- Up-to-date: /home/sergio/proyecto_final_ws/install/proyecto_interfaces/share/ament_index/resource_index/rosidl_interfaces/proyecto_interfaces
[2.398s] -- Up-to-date: /home/sergio/proyecto_final_ws/install/proyecto_interfaces/include/proyecto_interfaces/proyecto_interfaces
[2.398s] -- Up-to-date: /home/sergio/proyecto_final_ws/install/proyecto_interfaces/include/proyecto_interfaces/proyecto_interfaces/msg
[2.398s] -- Up-to-date: /home/sergio/proyecto_final_ws/install/proyecto_interfaces/include/proyecto_interfaces/proyecto_interfaces/msg/rosidl_generator_c__visibility_control.h
[2.399s] -- Up-to-date: /home/sergio/proyecto_final_ws/install/proyecto_interfaces/include/proyecto_interfaces/proyecto_interfaces/msg/detail
[2.399s] -- Up-to-date: /home/sergio/proyecto_final_ws/install/proyecto_interfaces/include/proyecto_interfaces/proyecto_interfaces/msg/detail/banner__type_support.h
[2.399s] -- Up-to-date: /home/sergio/proyecto_final_ws/install/proyecto_interfaces/include/proyecto_interfaces/proyecto_interfaces/msg/detail/banner__functions.c
[2.399s] -- Up-to-date: /home/sergio/proyecto_final_ws/install/proyecto_interfaces/include/proyecto_interfaces/proyecto_interfaces/msg/detail/banner__struct.h
[2.399s] -- Up-to-date: /home/sergio/proyecto_final_ws/install/proyecto_interfaces/include/proyecto_interfaces/proyecto_interfaces/msg/detail/banner__functions.h
[2.399s] -- Up-to-date: /home/sergio/proyecto_final_ws/install/proyecto_interfaces/include/proyecto_interfaces/proyecto_interfaces/msg/banner.h
[2.399s] -- Up-to-date: /home/sergio/proyecto_final_ws/install/proyecto_interfaces/include/proyecto_interfaces/proyecto_interfaces/srv
[2.399s] -- Up-to-date: /home/sergio/proyecto_final_ws/install/proyecto_interfaces/include/proyecto_interfaces/proyecto_interfaces/srv/start_navigation_test.h
[2.400s] -- Up-to-date: /home/sergio/proyecto_final_ws/install/proyecto_interfaces/include/proyecto_interfaces/proyecto_interfaces/srv/detail
[2.400s] -- Up-to-date: /home/sergio/proyecto_final_ws/install/proyecto_interfaces/include/proyecto_interfaces/proyecto_interfaces/srv/detail/start_manipulation_test__type_support.h
[2.400s] -- Up-to-date: /home/sergio/proyecto_final_ws/install/proyecto_interfaces/include/proyecto_interfaces/proyecto_interfaces/srv/detail/start_navigation_test__functions.c
[2.400s] -- Up-to-date: /home/sergio/proyecto_final_ws/install/proyecto_interfaces/include/proyecto_interfaces/proyecto_interfaces/srv/detail/start_navigation_test__functions.h
[2.400s] -- Up-to-date: /home/sergio/proyecto_final_ws/install/proyecto_interfaces/include/proyecto_interfaces/proyecto_interfaces/srv/detail/start_perception_test__struct.h
[2.400s] -- Up-to-date: /home/sergio/proyecto_final_ws/install/proyecto_interfaces/include/proyecto_interfaces/proyecto_interfaces/srv/detail/start_perception_test__functions.h
[2.401s] -- Up-to-date: /home/sergio/proyecto_final_ws/install/proyecto_interfaces/include/proyecto_interfaces/proyecto_interfaces/srv/detail/start_manipulation_test__functions.h
[2.401s] -- Up-to-date: /home/sergio/proyecto_final_ws/install/proyecto_interfaces/include/proyecto_interfaces/proyecto_interfaces/srv/detail/start_navigation_test__struct.h
[2.401s] -- Up-to-date: /home/sergio/proyecto_final_ws/install/proyecto_interfaces/include/proyecto_interfaces/proyecto_interfaces/srv/detail/start_perception_test__functions.c
[2.401s] -- Up-to-date: /home/sergio/proyecto_final_ws/install/proyecto_interfaces/include/proyecto_interfaces/proyecto_interfaces/srv/detail/start_navigation_test__type_support.h
[2.401s] -- Up-to-date: /home/sergio/proyecto_final_ws/install/proyecto_interfaces/include/proyecto_interfaces/proyecto_interfaces/srv/detail/start_manipulation_test__struct.h
[2.401s] -- Up-to-date: /home/sergio/proyecto_final_ws/install/proyecto_interfaces/include/proyecto_interfaces/proyecto_interfaces/srv/detail/start_manipulation_test__functions.c
[2.402s] -- Up-to-date: /home/sergio/proyecto_final_ws/install/proyecto_interfaces/include/proyecto_interfaces/proyecto_interfaces/srv/detail/start_perception_test__type_support.h
[2.402s] -- Up-to-date: /home/sergio/proyecto_final_ws/install/proyecto_interfaces/include/proyecto_interfaces/proyecto_interfaces/srv/start_manipulation_test.h
[2.402s] -- Up-to-date: /home/sergio/proyecto_final_ws/install/proyecto_interfaces/include/proyecto_interfaces/proyecto_interfaces/srv/start_perception_test.h
[2.402s] -- Up-to-date: /home/sergio/proyecto_final_ws/install/proyecto_interfaces/share/proyecto_interfaces/environment/library_path.sh
[2.402s] -- Up-to-date: /home/sergio/proyecto_final_ws/install/proyecto_interfaces/share/proyecto_interfaces/environment/library_path.dsv
[2.402s] -- Up-to-date: /home/sergio/proyecto_final_ws/install/proyecto_interfaces/lib/libproyecto_interfaces__rosidl_generator_c.so
[2.402s] -- Up-to-date: /home/sergio/proyecto_final_ws/install/proyecto_interfaces/include/proyecto_interfaces/proyecto_interfaces
[2.402s] -- Up-to-date: /home/sergio/proyecto_final_ws/install/proyecto_interfaces/include/proyecto_interfaces/proyecto_interfaces/msg
[2.403s] -- Up-to-date: /home/sergio/proyecto_final_ws/install/proyecto_interfaces/include/proyecto_interfaces/proyecto_interfaces/msg/detail
[2.403s] -- Up-to-date: /home/sergio/proyecto_final_ws/install/proyecto_interfaces/include/proyecto_interfaces/proyecto_interfaces/msg/detail/banner__rosidl_typesupport_fastrtps_c.h
[2.403s] -- Up-to-date: /home/sergio/proyecto_final_ws/install/proyecto_interfaces/include/proyecto_interfaces/proyecto_interfaces/msg/rosidl_typesupport_fastrtps_c__visibility_control.h
[2.403s] -- Up-to-date: /home/sergio/proyecto_final_ws/install/proyecto_interfaces/include/proyecto_interfaces/proyecto_interfaces/srv
[2.403s] -- Up-to-date: /home/sergio/proyecto_final_ws/install/proyecto_interfaces/include/proyecto_interfaces/proyecto_interfaces/srv/detail
[2.403s] -- Up-to-date: /home/sergio/proyecto_final_ws/install/proyecto_interfaces/include/proyecto_interfaces/proyecto_interfaces/srv/detail/start_perception_test__rosidl_typesupport_fastrtps_c.h
[2.404s] -- Up-to-date: /home/sergio/proyecto_final_ws/install/proyecto_interfaces/include/proyecto_interfaces/proyecto_interfaces/srv/detail/start_manipulation_test__rosidl_typesupport_fastrtps_c.h
[2.404s] -- Up-to-date: /home/sergio/proyecto_final_ws/install/proyecto_interfaces/include/proyecto_interfaces/proyecto_interfaces/srv/detail/start_navigation_test__rosidl_typesupport_fastrtps_c.h
[2.404s] -- Up-to-date: /home/sergio/proyecto_final_ws/install/proyecto_interfaces/lib/libproyecto_interfaces__rosidl_typesupport_fastrtps_c.so
[2.404s] -- Up-to-date: /home/sergio/proyecto_final_ws/install/proyecto_interfaces/include/proyecto_interfaces/proyecto_interfaces
[2.404s] -- Up-to-date: /home/sergio/proyecto_final_ws/install/proyecto_interfaces/include/proyecto_interfaces/proyecto_interfaces/msg
[2.404s] -- Up-to-date: /home/sergio/proyecto_final_ws/install/proyecto_interfaces/include/proyecto_interfaces/proyecto_interfaces/msg/rosidl_typesupport_introspection_c__visibility_control.h
[2.405s] -- Up-to-date: /home/sergio/proyecto_final_ws/install/proyecto_interfaces/include/proyecto_interfaces/proyecto_interfaces/msg/detail
[2.405s] -- Up-to-date: /home/sergio/proyecto_final_ws/install/proyecto_interfaces/include/proyecto_interfaces/proyecto_interfaces/msg/detail/banner__type_support.c
[2.405s] -- Up-to-date: /home/sergio/proyecto_final_ws/install/proyecto_interfaces/include/proyecto_interfaces/proyecto_interfaces/msg/detail/banner__rosidl_typesupport_introspection_c.h
[2.405s] -- Up-to-date: /home/sergio/proyecto_final_ws/install/proyecto_interfaces/include/proyecto_interfaces/proyecto_interfaces/srv
[2.405s] -- Up-to-date: /home/sergio/proyecto_final_ws/install/proyecto_interfaces/include/proyecto_interfaces/proyecto_interfaces/srv/detail
[2.405s] -- Up-to-date: /home/sergio/proyecto_final_ws/install/proyecto_interfaces/include/proyecto_interfaces/proyecto_interfaces/srv/detail/start_manipulation_test__rosidl_typesupport_introspection_c.h
[2.406s] -- Up-to-date: /home/sergio/proyecto_final_ws/install/proyecto_interfaces/include/proyecto_interfaces/proyecto_interfaces/srv/detail/start_perception_test__type_support.c
[2.406s] -- Up-to-date: /home/sergio/proyecto_final_ws/install/proyecto_interfaces/include/proyecto_interfaces/proyecto_interfaces/srv/detail/start_navigation_test__rosidl_typesupport_introspection_c.h
[2.406s] -- Up-to-date: /home/sergio/proyecto_final_ws/install/proyecto_interfaces/include/proyecto_interfaces/proyecto_interfaces/srv/detail/start_manipulation_test__type_support.c
[2.406s] -- Up-to-date: /home/sergio/proyecto_final_ws/install/proyecto_interfaces/include/proyecto_interfaces/proyecto_interfaces/srv/detail/start_perception_test__rosidl_typesupport_introspection_c.h
[2.406s] -- Up-to-date: /home/sergio/proyecto_final_ws/install/proyecto_interfaces/include/proyecto_interfaces/proyecto_interfaces/srv/detail/start_navigation_test__type_support.c
[2.406s] -- Up-to-date: /home/sergio/proyecto_final_ws/install/proyecto_interfaces/lib/libproyecto_interfaces__rosidl_typesupport_introspection_c.so
[2.406s] -- Up-to-date: /home/sergio/proyecto_final_ws/install/proyecto_interfaces/lib/libproyecto_interfaces__rosidl_typesupport_c.so
[2.407s] -- Up-to-date: /home/sergio/proyecto_final_ws/install/proyecto_interfaces/include/proyecto_interfaces/proyecto_interfaces
[2.407s] -- Up-to-date: /home/sergio/proyecto_final_ws/install/proyecto_interfaces/include/proyecto_interfaces/proyecto_interfaces/msg
[2.407s] -- Up-to-date: /home/sergio/proyecto_final_ws/install/proyecto_interfaces/include/proyecto_interfaces/proyecto_interfaces/msg/banner.hpp
[2.407s] -- Up-to-date: /home/sergio/proyecto_final_ws/install/proyecto_interfaces/include/proyecto_interfaces/proyecto_interfaces/msg/detail
[2.407s] -- Up-to-date: /home/sergio/proyecto_final_ws/install/proyecto_interfaces/include/proyecto_interfaces/proyecto_interfaces/msg/detail/banner__struct.hpp
[2.407s] -- Up-to-date: /home/sergio/proyecto_final_ws/install/proyecto_interfaces/include/proyecto_interfaces/proyecto_interfaces/msg/detail/banner__builder.hpp
[2.407s] -- Up-to-date: /home/sergio/proyecto_final_ws/install/proyecto_interfaces/include/proyecto_interfaces/proyecto_interfaces/msg/detail/banner__traits.hpp
[2.408s] -- Up-to-date: /home/sergio/proyecto_final_ws/install/proyecto_interfaces/include/proyecto_interfaces/proyecto_interfaces/srv
[2.408s] -- Up-to-date: /home/sergio/proyecto_final_ws/install/proyecto_interfaces/include/proyecto_interfaces/proyecto_interfaces/srv/start_manipulation_test.hpp
[2.408s] -- Up-to-date: /home/sergio/proyecto_final_ws/install/proyecto_interfaces/include/proyecto_interfaces/proyecto_interfaces/srv/start_navigation_test.hpp
[2.408s] -- Up-to-date: /home/sergio/proyecto_final_ws/install/proyecto_interfaces/include/proyecto_interfaces/proyecto_interfaces/srv/detail
[2.408s] -- Up-to-date: /home/sergio/proyecto_final_ws/install/proyecto_interfaces/include/proyecto_interfaces/proyecto_interfaces/srv/detail/start_navigation_test__builder.hpp
[2.408s] -- Up-to-date: /home/sergio/proyecto_final_ws/install/proyecto_interfaces/include/proyecto_interfaces/proyecto_interfaces/srv/detail/start_manipulation_test__struct.hpp
[2.408s] -- Up-to-date: /home/sergio/proyecto_final_ws/install/proyecto_interfaces/include/proyecto_interfaces/proyecto_interfaces/srv/detail/start_perception_test__struct.hpp
[2.409s] -- Up-to-date: /home/sergio/proyecto_final_ws/install/proyecto_interfaces/include/proyecto_interfaces/proyecto_interfaces/srv/detail/start_perception_test__traits.hpp
[2.409s] -- Up-to-date: /home/sergio/proyecto_final_ws/install/proyecto_interfaces/include/proyecto_interfaces/proyecto_interfaces/srv/detail/start_manipulation_test__builder.hpp
[2.409s] -- Up-to-date: /home/sergio/proyecto_final_ws/install/proyecto_interfaces/include/proyecto_interfaces/proyecto_interfaces/srv/detail/start_perception_test__builder.hpp
[2.409s] -- Up-to-date: /home/sergio/proyecto_final_ws/install/proyecto_interfaces/include/proyecto_interfaces/proyecto_interfaces/srv/detail/start_navigation_test__traits.hpp
[2.409s] -- Up-to-date: /home/sergio/proyecto_final_ws/install/proyecto_interfaces/include/proyecto_interfaces/proyecto_interfaces/srv/detail/start_navigation_test__struct.hpp
[2.410s] -- Up-to-date: /home/sergio/proyecto_final_ws/install/proyecto_interfaces/include/proyecto_interfaces/proyecto_interfaces/srv/detail/start_manipulation_test__traits.hpp
[2.410s] -- Up-to-date: /home/sergio/proyecto_final_ws/install/proyecto_interfaces/include/proyecto_interfaces/proyecto_interfaces/srv/start_perception_test.hpp
[2.410s] -- Up-to-date: /home/sergio/proyecto_final_ws/install/proyecto_interfaces/include/proyecto_interfaces/proyecto_interfaces
[2.410s] -- Up-to-date: /home/sergio/proyecto_final_ws/install/proyecto_interfaces/include/proyecto_interfaces/proyecto_interfaces/msg
[2.410s] -- Up-to-date: /home/sergio/proyecto_final_ws/install/proyecto_interfaces/include/proyecto_interfaces/proyecto_interfaces/msg/detail
[2.410s] -- Up-to-date: /home/sergio/proyecto_final_ws/install/proyecto_interfaces/include/proyecto_interfaces/proyecto_interfaces/msg/detail/banner__rosidl_typesupport_fastrtps_cpp.hpp
[2.410s] -- Up-to-date: /home/sergio/proyecto_final_ws/install/proyecto_interfaces/include/proyecto_interfaces/proyecto_interfaces/msg/detail/dds_fastrtps
[2.410s] -- Up-to-date: /home/sergio/proyecto_final_ws/install/proyecto_interfaces/include/proyecto_interfaces/proyecto_interfaces/msg/rosidl_typesupport_fastrtps_cpp__visibility_control.h
[2.411s] -- Up-to-date: /home/sergio/proyecto_final_ws/install/proyecto_interfaces/include/proyecto_interfaces/proyecto_interfaces/srv
[2.411s] -- Up-to-date: /home/sergio/proyecto_final_ws/install/proyecto_interfaces/include/proyecto_interfaces/proyecto_interfaces/srv/detail
[2.411s] -- Up-to-date: /home/sergio/proyecto_final_ws/install/proyecto_interfaces/include/proyecto_interfaces/proyecto_interfaces/srv/detail/dds_fastrtps
[2.411s] -- Up-to-date: /home/sergio/proyecto_final_ws/install/proyecto_interfaces/include/proyecto_interfaces/proyecto_interfaces/srv/detail/start_perception_test__rosidl_typesupport_fastrtps_cpp.hpp
[2.411s] -- Up-to-date: /home/sergio/proyecto_final_ws/install/proyecto_interfaces/include/proyecto_interfaces/proyecto_interfaces/srv/detail/start_manipulation_test__rosidl_typesupport_fastrtps_cpp.hpp
[2.411s] -- Up-to-date: /home/sergio/proyecto_final_ws/install/proyecto_interfaces/include/proyecto_interfaces/proyecto_interfaces/srv/detail/start_navigation_test__rosidl_typesupport_fastrtps_cpp.hpp
[2.411s] -- Up-to-date: /home/sergio/proyecto_final_ws/install/proyecto_interfaces/lib/libproyecto_interfaces__rosidl_typesupport_fastrtps_cpp.so
[2.411s] -- Up-to-date: /home/sergio/proyecto_final_ws/install/proyecto_interfaces/include/proyecto_interfaces/proyecto_interfaces
[2.412s] -- Up-to-date: /home/sergio/proyecto_final_ws/install/proyecto_interfaces/include/proyecto_interfaces/proyecto_interfaces/msg
[2.412s] -- Up-to-date: /home/sergio/proyecto_final_ws/install/proyecto_interfaces/include/proyecto_interfaces/proyecto_interfaces/msg/detail
[2.412s] -- Up-to-date: /home/sergio/proyecto_final_ws/install/proyecto_interfaces/include/proyecto_interfaces/proyecto_interfaces/msg/detail/banner__rosidl_typesupport_introspection_cpp.hpp
[2.412s] -- Up-to-date: /home/sergio/proyecto_final_ws/install/proyecto_interfaces/include/proyecto_interfaces/proyecto_interfaces/msg/detail/banner__type_support.cpp
[2.412s] -- Up-to-date: /home/sergio/proyecto_final_ws/install/proyecto_interfaces/include/proyecto_interfaces/proyecto_interfaces/srv
[2.412s] -- Up-to-date: /home/sergio/proyecto_final_ws/install/proyecto_interfaces/include/proyecto_interfaces/proyecto_interfaces/srv/detail
[2.412s] -- Up-to-date: /home/sergio/proyecto_final_ws/install/proyecto_interfaces/include/proyecto_interfaces/proyecto_interfaces/srv/detail/start_navigation_test__type_support.cpp
[2.412s] -- Up-to-date: /home/sergio/proyecto_final_ws/install/proyecto_interfaces/include/proyecto_interfaces/proyecto_interfaces/srv/detail/start_manipulation_test__rosidl_typesupport_introspection_cpp.hpp
[2.413s] -- Up-to-date: /home/sergio/proyecto_final_ws/install/proyecto_interfaces/include/proyecto_interfaces/proyecto_interfaces/srv/detail/start_manipulation_test__type_support.cpp
[2.413s] -- Up-to-date: /home/sergio/proyecto_final_ws/install/proyecto_interfaces/include/proyecto_interfaces/proyecto_interfaces/srv/detail/start_perception_test__type_support.cpp
[2.413s] -- Up-to-date: /home/sergio/proyecto_final_ws/install/proyecto_interfaces/include/proyecto_interfaces/proyecto_interfaces/srv/detail/start_navigation_test__rosidl_typesupport_introspection_cpp.hpp
[2.413s] -- Up-to-date: /home/sergio/proyecto_final_ws/install/proyecto_interfaces/include/proyecto_interfaces/proyecto_interfaces/srv/detail/start_perception_test__rosidl_typesupport_introspection_cpp.hpp
[2.413s] -- Up-to-date: /home/sergio/proyecto_final_ws/install/proyecto_interfaces/lib/libproyecto_interfaces__rosidl_typesupport_introspection_cpp.so
[2.413s] -- Up-to-date: /home/sergio/proyecto_final_ws/install/proyecto_interfaces/lib/libproyecto_interfaces__rosidl_typesupport_cpp.so
[2.413s] -- Up-to-date: /home/sergio/proyecto_final_ws/install/proyecto_interfaces/share/proyecto_interfaces/environment/pythonpath.sh
[2.413s] -- Up-to-date: /home/sergio/proyecto_final_ws/install/proyecto_interfaces/share/proyecto_interfaces/environment/pythonpath.dsv
[2.414s] -- Up-to-date: /home/sergio/proyecto_final_ws/install/proyecto_interfaces/local/lib/python3.10/dist-packages/proyecto_interfaces-0.0.0-py3.10.egg-info
[2.414s] -- Installing: /home/sergio/proyecto_final_ws/install/proyecto_interfaces/local/lib/python3.10/dist-packages/proyecto_interfaces-0.0.0-py3.10.egg-info/SOURCES.txt
[2.414s] -- Installing: /home/sergio/proyecto_final_ws/install/proyecto_interfaces/local/lib/python3.10/dist-packages/proyecto_interfaces-0.0.0-py3.10.egg-info/top_level.txt
[2.414s] -- Installing: /home/sergio/proyecto_final_ws/install/proyecto_interfaces/local/lib/python3.10/dist-packages/proyecto_interfaces-0.0.0-py3.10.egg-info/PKG-INFO
[2.414s] -- Installing: /home/sergio/proyecto_final_ws/install/proyecto_interfaces/local/lib/python3.10/dist-packages/proyecto_interfaces-0.0.0-py3.10.egg-info/dependency_links.txt
[2.414s] -- Up-to-date: /home/sergio/proyecto_final_ws/install/proyecto_interfaces/local/lib/python3.10/dist-packages/proyecto_interfaces
[2.414s] -- Up-to-date: /home/sergio/proyecto_final_ws/install/proyecto_interfaces/local/lib/python3.10/dist-packages/proyecto_interfaces/msg
[2.414s] -- Up-to-date: /home/sergio/proyecto_final_ws/install/proyecto_interfaces/local/lib/python3.10/dist-packages/proyecto_interfaces/msg/__init__.py
[2.415s] -- Up-to-date: /home/sergio/proyecto_final_ws/install/proyecto_interfaces/local/lib/python3.10/dist-packages/proyecto_interfaces/msg/_banner.py
[2.415s] -- Up-to-date: /home/sergio/proyecto_final_ws/install/proyecto_interfaces/local/lib/python3.10/dist-packages/proyecto_interfaces/msg/_banner_s.c
[2.415s] -- Up-to-date: /home/sergio/proyecto_final_ws/install/proyecto_interfaces/local/lib/python3.10/dist-packages/proyecto_interfaces/_proyecto_interfaces_s.ep.rosidl_typesupport_c.c
[2.415s] -- Up-to-date: /home/sergio/proyecto_final_ws/install/proyecto_interfaces/local/lib/python3.10/dist-packages/proyecto_interfaces/proyecto_interfaces_s__rosidl_typesupport_c.cpython-310-x86_64-linux-gnu.so
[2.415s] -- Up-to-date: /home/sergio/proyecto_final_ws/install/proyecto_interfaces/local/lib/python3.10/dist-packages/proyecto_interfaces/proyecto_interfaces_s__rosidl_typesupport_introspection_c.cpython-310-x86_64-linux-gnu.so
[2.415s] -- Up-to-date: /home/sergio/proyecto_final_ws/install/proyecto_interfaces/local/lib/python3.10/dist-packages/proyecto_interfaces/proyecto_interfaces_s__rosidl_typesupport_fastrtps_c.cpython-310-x86_64-linux-gnu.so
[2.415s] -- Up-to-date: /home/sergio/proyecto_final_ws/install/proyecto_interfaces/local/lib/python3.10/dist-packages/proyecto_interfaces/_proyecto_interfaces_s.ep.rosidl_typesupport_introspection_c.c
[2.416s] -- Up-to-date: /home/sergio/proyecto_final_ws/install/proyecto_interfaces/local/lib/python3.10/dist-packages/proyecto_interfaces/_proyecto_interfaces_s.ep.rosidl_typesupport_fastrtps_c.c
[2.416s] -- Up-to-date: /home/sergio/proyecto_final_ws/install/proyecto_interfaces/local/lib/python3.10/dist-packages/proyecto_interfaces/__init__.py
[2.416s] -- Up-to-date: /home/sergio/proyecto_final_ws/install/proyecto_interfaces/local/lib/python3.10/dist-packages/proyecto_interfaces/srv
[2.416s] -- Up-to-date: /home/sergio/proyecto_final_ws/install/proyecto_interfaces/local/lib/python3.10/dist-packages/proyecto_interfaces/srv/_start_manipulation_test_s.c
[2.416s] -- Up-to-date: /home/sergio/proyecto_final_ws/install/proyecto_interfaces/local/lib/python3.10/dist-packages/proyecto_interfaces/srv/__init__.py
[2.416s] -- Up-to-date: /home/sergio/proyecto_final_ws/install/proyecto_interfaces/local/lib/python3.10/dist-packages/proyecto_interfaces/srv/_start_manipulation_test.py
[2.416s] -- Up-to-date: /home/sergio/proyecto_final_ws/install/proyecto_interfaces/local/lib/python3.10/dist-packages/proyecto_interfaces/srv/_start_perception_test_s.c
[2.416s] -- Up-to-date: /home/sergio/proyecto_final_ws/install/proyecto_interfaces/local/lib/python3.10/dist-packages/proyecto_interfaces/srv/_start_perception_test.py
[2.417s] -- Up-to-date: /home/sergio/proyecto_final_ws/install/proyecto_interfaces/local/lib/python3.10/dist-packages/proyecto_interfaces/srv/_start_navigation_test.py
[2.417s] -- Up-to-date: /home/sergio/proyecto_final_ws/install/proyecto_interfaces/local/lib/python3.10/dist-packages/proyecto_interfaces/srv/_start_navigation_test_s.c
[2.417s] -- Up-to-date: /home/sergio/proyecto_final_ws/install/proyecto_interfaces/local/lib/python3.10/dist-packages/proyecto_interfaces/libproyecto_interfaces__rosidl_generator_py.so
[2.470s] Listing '/home/sergio/proyecto_final_ws/install/proyecto_interfaces/local/lib/python3.10/dist-packages/proyecto_interfaces'...
[2.470s] Listing '/home/sergio/proyecto_final_ws/install/proyecto_interfaces/local/lib/python3.10/dist-packages/proyecto_interfaces/msg'...
[2.471s] Listing '/home/sergio/proyecto_final_ws/install/proyecto_interfaces/local/lib/python3.10/dist-packages/proyecto_interfaces/srv'...
[2.485s] -- Up-to-date: /home/sergio/proyecto_final_ws/install/proyecto_interfaces/local/lib/python3.10/dist-packages/proyecto_interfaces/proyecto_interfaces_s__rosidl_typesupport_fastrtps_c.cpython-310-x86_64-linux-gnu.so
[2.487s] -- Up-to-date: /home/sergio/proyecto_final_ws/install/proyecto_interfaces/local/lib/python3.10/dist-packages/proyecto_interfaces/proyecto_interfaces_s__rosidl_typesupport_introspection_c.cpython-310-x86_64-linux-gnu.so
[2.488s] -- Up-to-date: /home/sergio/proyecto_final_ws/install/proyecto_interfaces/local/lib/python3.10/dist-packages/proyecto_interfaces/proyecto_interfaces_s__rosidl_typesupport_c.cpython-310-x86_64-linux-gnu.so
[2.490s] -- Up-to-date: /home/sergio/proyecto_final_ws/install/proyecto_interfaces/lib/libproyecto_interfaces__rosidl_generator_py.so
[2.490s] -- Up-to-date: /home/sergio/proyecto_final_ws/install/proyecto_interfaces/share/proyecto_interfaces/msg/Banner.idl
[2.490s] -- Up-to-date: /home/sergio/proyecto_final_ws/install/proyecto_interfaces/share/proyecto_interfaces/srv/StartNavigationTest.idl
[2.490s] -- Up-to-date: /home/sergio/proyecto_final_ws/install/proyecto_interfaces/share/proyecto_interfaces/srv/StartPerceptionTest.idl
[2.491s] -- Up-to-date: /home/sergio/proyecto_final_ws/install/proyecto_interfaces/share/proyecto_interfaces/srv/StartManipulationTest.idl
[2.491s] -- Up-to-date: /home/sergio/proyecto_final_ws/install/proyecto_interfaces/share/proyecto_interfaces/msg/Banner.msg
[2.491s] -- Up-to-date: /home/sergio/proyecto_final_ws/install/proyecto_interfaces/share/proyecto_interfaces/srv/StartNavigationTest.srv
[2.491s] -- Up-to-date: /home/sergio/proyecto_final_ws/install/proyecto_interfaces/share/proyecto_interfaces/srv/StartNavigationTest_Request.msg
[2.491s] -- Up-to-date: /home/sergio/proyecto_final_ws/install/proyecto_interfaces/share/proyecto_interfaces/srv/StartNavigationTest_Response.msg
[2.491s] -- Up-to-date: /home/sergio/proyecto_final_ws/install/proyecto_interfaces/share/proyecto_interfaces/srv/StartPerceptionTest.srv
[2.492s] -- Up-to-date: /home/sergio/proyecto_final_ws/install/proyecto_interfaces/share/proyecto_interfaces/srv/StartPerceptionTest_Request.msg
[2.492s] -- Up-to-date: /home/sergio/proyecto_final_ws/install/proyecto_interfaces/share/proyecto_interfaces/srv/StartPerceptionTest_Response.msg
[2.492s] -- Up-to-date: /home/sergio/proyecto_final_ws/install/proyecto_interfaces/share/proyecto_interfaces/srv/StartManipulationTest.srv
[2.492s] -- Up-to-date: /home/sergio/proyecto_final_ws/install/proyecto_interfaces/share/proyecto_interfaces/srv/StartManipulationTest_Request.msg
[2.492s] -- Up-to-date: /home/sergio/proyecto_final_ws/install/proyecto_interfaces/share/proyecto_interfaces/srv/StartManipulationTest_Response.msg
[2.492s] -- Up-to-date: /home/sergio/proyecto_final_ws/install/proyecto_interfaces/share/ament_index/resource_index/package_run_dependencies/proyecto_interfaces
[2.493s] -- Up-to-date: /home/sergio/proyecto_final_ws/install/proyecto_interfaces/share/ament_index/resource_index/parent_prefix_path/proyecto_interfaces
[2.493s] -- Up-to-date: /home/sergio/proyecto_final_ws/install/proyecto_interfaces/share/proyecto_interfaces/environment/ament_prefix_path.sh
[2.493s] -- Up-to-date: /home/sergio/proyecto_final_ws/install/proyecto_interfaces/share/proyecto_interfaces/environment/ament_prefix_path.dsv
[2.493s] -- Up-to-date: /home/sergio/proyecto_final_ws/install/proyecto_interfaces/share/proyecto_interfaces/environment/path.sh
[2.493s] -- Up-to-date: /home/sergio/proyecto_final_ws/install/proyecto_interfaces/share/proyecto_interfaces/environment/path.dsv
[2.493s] -- Up-to-date: /home/sergio/proyecto_final_ws/install/proyecto_interfaces/share/proyecto_interfaces/local_setup.bash
[2.494s] -- Up-to-date: /home/sergio/proyecto_final_ws/install/proyecto_interfaces/share/proyecto_interfaces/local_setup.sh
[2.494s] -- Up-to-date: /home/sergio/proyecto_final_ws/install/proyecto_interfaces/share/proyecto_interfaces/local_setup.zsh
[2.494s] -- Up-to-date: /home/sergio/proyecto_final_ws/install/proyecto_interfaces/share/proyecto_interfaces/local_setup.dsv
[2.494s] -- Installing: /home/sergio/proyecto_final_ws/install/proyecto_interfaces/share/proyecto_interfaces/package.dsv
[2.494s] -- Up-to-date: /home/sergio/proyecto_final_ws/install/proyecto_interfaces/share/ament_index/resource_index/packages/proyecto_interfaces
[2.494s] -- Up-to-date: /home/sergio/proyecto_final_ws/install/proyecto_interfaces/share/proyecto_interfaces/cmake/export_proyecto_interfaces__rosidl_generator_cExport.cmake
[2.495s] -- Up-to-date: /home/sergio/proyecto_final_ws/install/proyecto_interfaces/share/proyecto_interfaces/cmake/export_proyecto_interfaces__rosidl_generator_cExport-noconfig.cmake
[2.495s] -- Up-to-date: /home/sergio/proyecto_final_ws/install/proyecto_interfaces/share/proyecto_interfaces/cmake/export_proyecto_interfaces__rosidl_typesupport_fastrtps_cExport.cmake
[2.495s] -- Up-to-date: /home/sergio/proyecto_final_ws/install/proyecto_interfaces/share/proyecto_interfaces/cmake/export_proyecto_interfaces__rosidl_typesupport_fastrtps_cExport-noconfig.cmake
[2.495s] -- Up-to-date: /home/sergio/proyecto_final_ws/install/proyecto_interfaces/share/proyecto_interfaces/cmake/proyecto_interfaces__rosidl_typesupport_introspection_cExport.cmake
[2.495s] -- Up-to-date: /home/sergio/proyecto_final_ws/install/proyecto_interfaces/share/proyecto_interfaces/cmake/proyecto_interfaces__rosidl_typesupport_introspection_cExport-noconfig.cmake
[2.495s] -- Up-to-date: /home/sergio/proyecto_final_ws/install/proyecto_interfaces/share/proyecto_interfaces/cmake/proyecto_interfaces__rosidl_typesupport_cExport.cmake
[2.495s] -- Up-to-date: /home/sergio/proyecto_final_ws/install/proyecto_interfaces/share/proyecto_interfaces/cmake/proyecto_interfaces__rosidl_typesupport_cExport-noconfig.cmake
[2.496s] -- Up-to-date: /home/sergio/proyecto_final_ws/install/proyecto_interfaces/share/proyecto_interfaces/cmake/export_proyecto_interfaces__rosidl_generator_cppExport.cmake
[2.496s] -- Up-to-date: /home/sergio/proyecto_final_ws/install/proyecto_interfaces/share/proyecto_interfaces/cmake/export_proyecto_interfaces__rosidl_typesupport_fastrtps_cppExport.cmake
[2.496s] -- Up-to-date: /home/sergio/proyecto_final_ws/install/proyecto_interfaces/share/proyecto_interfaces/cmake/export_proyecto_interfaces__rosidl_typesupport_fastrtps_cppExport-noconfig.cmake
[2.496s] -- Up-to-date: /home/sergio/proyecto_final_ws/install/proyecto_interfaces/share/proyecto_interfaces/cmake/proyecto_interfaces__rosidl_typesupport_introspection_cppExport.cmake
[2.496s] -- Up-to-date: /home/sergio/proyecto_final_ws/install/proyecto_interfaces/share/proyecto_interfaces/cmake/proyecto_interfaces__rosidl_typesupport_introspection_cppExport-noconfig.cmake
[2.496s] -- Up-to-date: /home/sergio/proyecto_final_ws/install/proyecto_interfaces/share/proyecto_interfaces/cmake/proyecto_interfaces__rosidl_typesupport_cppExport.cmake
[2.496s] -- Up-to-date: /home/sergio/proyecto_final_ws/install/proyecto_interfaces/share/proyecto_interfaces/cmake/proyecto_interfaces__rosidl_typesupport_cppExport-noconfig.cmake
[2.497s] -- Up-to-date: /home/sergio/proyecto_final_ws/install/proyecto_interfaces/share/proyecto_interfaces/cmake/export_proyecto_interfaces__rosidl_generator_pyExport.cmake
[2.497s] -- Up-to-date: /home/sergio/proyecto_final_ws/install/proyecto_interfaces/share/proyecto_interfaces/cmake/export_proyecto_interfaces__rosidl_generator_pyExport-noconfig.cmake
[2.498s] -- Up-to-date: /home/sergio/proyecto_final_ws/install/proyecto_interfaces/share/proyecto_interfaces/cmake/rosidl_cmake-extras.cmake
[2.498s] -- Up-to-date: /home/sergio/proyecto_final_ws/install/proyecto_interfaces/share/proyecto_interfaces/cmake/ament_cmake_export_include_directories-extras.cmake
[2.500s] -- Up-to-date: /home/sergio/proyecto_final_ws/install/proyecto_interfaces/share/proyecto_interfaces/cmake/ament_cmake_export_libraries-extras.cmake
[2.500s] -- Up-to-date: /home/sergio/proyecto_final_ws/install/proyecto_interfaces/share/proyecto_interfaces/cmake/ament_cmake_export_targets-extras.cmake
[2.500s] -- Up-to-date: /home/sergio/proyecto_final_ws/install/proyecto_interfaces/share/proyecto_interfaces/cmake/rosidl_cmake_export_typesupport_targets-extras.cmake
[2.500s] -- Up-to-date: /home/sergio/proyecto_final_ws/install/proyecto_interfaces/share/proyecto_interfaces/cmake/ament_cmake_export_dependencies-extras.cmake
[2.501s] -- Up-to-date: /home/sergio/proyecto_final_ws/install/proyecto_interfaces/share/proyecto_interfaces/cmake/rosidl_cmake_export_typesupport_libraries-extras.cmake
[2.501s] -- Up-to-date: /home/sergio/proyecto_final_ws/install/proyecto_interfaces/share/proyecto_interfaces/cmake/proyecto_interfacesConfig.cmake
[2.501s] -- Up-to-date: /home/sergio/proyecto_final_ws/install/proyecto_interfaces/share/proyecto_interfaces/cmake/proyecto_interfacesConfig-version.cmake
[2.502s] -- Up-to-date: /home/sergio/proyecto_final_ws/install/proyecto_interfaces/share/proyecto_interfaces/package.xml
[2.502s] Invoked command in '/home/sergio/proyecto_final_ws/build/proyecto_interfaces' returned '0': CMAKE_PREFIX_PATH=${CMAKE_PREFIX_PATH}:/home/sergio/proyecto_final_ws/install/turtle_bot_nodos:/home/sergio/proyecto_final_ws/install/proyecto_master_pkg:/opt/ros/humble COMP_WORDBREAKS=
"'><=;|&( /usr/bin/cmake --install /home/sergio/proyecto_final_ws/build/proyecto_interfaces
