[0.389s] DEBUG:colcon:Command line arguments: ['/usr/bin/colcon', 'build']
[0.389s] DEBUG:colcon:Parsed command line arguments: Namespace(log_base=None, log_level=None, verb_name='build', build_base='build', install_base='install', merge_install=False, symlink_install=False, test_result_base=None, continue_on_error=False, executor='parallel', parallel_workers=8, event_handlers=None, ignore_user_meta=False, metas=['./colcon.meta'], base_paths=['.'], packages_ignore=None, packages_ignore_regex=None, paths=None, packages_up_to=None, packages_up_to_regex=None, packages_above=None, packages_above_and_dependencies=None, packages_above_depth=None, packages_select_by_dep=None, packages_skip_by_dep=None, packages_skip_up_to=None, packages_select_build_failed=False, packages_skip_build_finished=False, packages_select_test_failures=False, packages_skip_test_passed=False, packages_select=None, packages_skip=None, packages_select_regex=None, packages_skip_regex=None, packages_start=None, packages_end=None, allow_overriding=[], cmake_args=None, cmake_target=None, cmake_target_skip_unavailable=False, cmake_clean_cache=False, cmake_clean_first=False, cmake_force_configure=False, ament_cmake_args=None, catkin_cmake_args=None, catkin_skip_building_tests=False, verb_parser=<colcon_defaults.argument_parser.defaults.DefaultArgumentsDecorator object at 0x7f72706ad660>, verb_extension=<colcon_core.verb.build.BuildVerb object at 0x7f72706ad0f0>, main=<bound method BuildVerb.main of <colcon_core.verb.build.BuildVerb object at 0x7f72706ad0f0>>)
[0.420s] Level 1:colcon.colcon_core.package_discovery:discover_packages(colcon_meta) check parameters
[0.421s] Level 1:colcon.colcon_core.package_discovery:discover_packages(recursive) check parameters
[0.421s] Level 1:colcon.colcon_core.package_discovery:discover_packages(ignore) check parameters
[0.421s] Level 1:colcon.colcon_core.package_discovery:discover_packages(path) check parameters
[0.421s] Level 1:colcon.colcon_core.package_discovery:discover_packages(colcon_meta) discover
[0.421s] Level 1:colcon.colcon_core.package_discovery:discover_packages(recursive) discover
[0.421s] INFO:colcon.colcon_core.package_discovery:Crawling recursively for packages in '/home/sergio/proyecto_final_ws/src'
[0.421s] Level 1:colcon.colcon_core.package_identification:_identify(.) by extensions ['ignore', 'ignore_ament_install']
[0.421s] Level 1:colcon.colcon_core.package_identification:_identify(.) by extension 'ignore'
[0.421s] Level 1:colcon.colcon_core.package_identification:_identify(.) by extension 'ignore_ament_install'
[0.421s] Level 1:colcon.colcon_core.package_identification:_identify(.) by extensions ['colcon_pkg']
[0.421s] Level 1:colcon.colcon_core.package_identification:_identify(.) by extension 'colcon_pkg'
[0.421s] Level 1:colcon.colcon_core.package_identification:_identify(.) by extensions ['colcon_meta']
[0.421s] Level 1:colcon.colcon_core.package_identification:_identify(.) by extension 'colcon_meta'
[0.421s] Level 1:colcon.colcon_core.package_identification:_identify(.) by extensions ['ros']
[0.421s] Level 1:colcon.colcon_core.package_identification:_identify(.) by extension 'ros'
[0.432s] Level 1:colcon.colcon_core.package_identification:_identify(.) by extensions ['cmake', 'python']
[0.432s] Level 1:colcon.colcon_core.package_identification:_identify(.) by extension 'cmake'
[0.432s] Level 1:colcon.colcon_core.package_identification:_identify(.) by extension 'python'
[0.432s] Level 1:colcon.colcon_core.package_identification:_identify(.) by extensions ['python_setup_py']
[0.432s] Level 1:colcon.colcon_core.package_identification:_identify(.) by extension 'python_setup_py'
[0.433s] Level 1:colcon.colcon_core.package_identification:_identify(build) by extensions ['ignore', 'ignore_ament_install']
[0.433s] Level 1:colcon.colcon_core.package_identification:_identify(build) by extension 'ignore'
[0.433s] Level 1:colcon.colcon_core.package_identification:_identify(build) ignored
[0.433s] Level 1:colcon.colcon_core.package_identification:_identify(install) by extensions ['ignore', 'ignore_ament_install']
[0.433s] Level 1:colcon.colcon_core.package_identification:_identify(install) by extension 'ignore'
[0.433s] Level 1:colcon.colcon_core.package_identification:_identify(install) ignored
[0.433s] Level 1:colcon.colcon_core.package_identification:_identify(log) by extensions ['ignore', 'ignore_ament_install']
[0.433s] Level 1:colcon.colcon_core.package_identification:_identify(log) by extension 'ignore'
[0.433s] Level 1:colcon.colcon_core.package_identification:_identify(log) ignored
[0.433s] Level 1:colcon.colcon_core.package_identification:_identify(proyecto_interfaces) by extensions ['ignore', 'ignore_ament_install']
[0.433s] Level 1:colcon.colcon_core.package_identification:_identify(proyecto_interfaces) by extension 'ignore'
[0.433s] Level 1:colcon.colcon_core.package_identification:_identify(proyecto_interfaces) by extension 'ignore_ament_install'
[0.433s] Level 1:colcon.colcon_core.package_identification:_identify(proyecto_interfaces) by extensions ['colcon_pkg']
[0.433s] Level 1:colcon.colcon_core.package_identification:_identify(proyecto_interfaces) by extension 'colcon_pkg'
[0.433s] Level 1:colcon.colcon_core.package_identification:_identify(proyecto_interfaces) by extensions ['colcon_meta']
[0.433s] Level 1:colcon.colcon_core.package_identification:_identify(proyecto_interfaces) by extension 'colcon_meta'
[0.433s] Level 1:colcon.colcon_core.package_identification:_identify(proyecto_interfaces) by extensions ['ros']
[0.433s] Level 1:colcon.colcon_core.package_identification:_identify(proyecto_interfaces) by extension 'ros'
[0.435s] DEBUG:colcon.colcon_core.package_identification:Package 'proyecto_interfaces' with type 'ros.ament_cmake' and name 'proyecto_interfaces'
[0.436s] Level 1:colcon.colcon_core.package_identification:_identify(proyecto_master_pkg) by extensions ['ignore', 'ignore_ament_install']
[0.436s] Level 1:colcon.colcon_core.package_identification:_identify(proyecto_master_pkg) by extension 'ignore'
[0.436s] Level 1:colcon.colcon_core.package_identification:_identify(proyecto_master_pkg) by extension 'ignore_ament_install'
[0.436s] Level 1:colcon.colcon_core.package_identification:_identify(proyecto_master_pkg) by extensions ['colcon_pkg']
[0.436s] Level 1:colcon.colcon_core.package_identification:_identify(proyecto_master_pkg) by extension 'colcon_pkg'
[0.436s] Level 1:colcon.colcon_core.package_identification:_identify(proyecto_master_pkg) by extensions ['colcon_meta']
[0.436s] Level 1:colcon.colcon_core.package_identification:_identify(proyecto_master_pkg) by extension 'colcon_meta'
[0.436s] Level 1:colcon.colcon_core.package_identification:_identify(proyecto_master_pkg) by extensions ['ros']
[0.436s] Level 1:colcon.colcon_core.package_identification:_identify(proyecto_master_pkg) by extension 'ros'
[0.436s] DEBUG:colcon.colcon_core.package_identification:Package 'proyecto_master_pkg' with type 'ros.ament_python' and name 'proyecto_master_pkg'
[0.436s] Level 1:colcon.colcon_core.package_identification:_identify(proyecto_nodos) by extensions ['ignore', 'ignore_ament_install']
[0.437s] Level 1:colcon.colcon_core.package_identification:_identify(proyecto_nodos) by extension 'ignore'
[0.437s] Level 1:colcon.colcon_core.package_identification:_identify(proyecto_nodos) by extension 'ignore_ament_install'
[0.437s] Level 1:colcon.colcon_core.package_identification:_identify(proyecto_nodos) by extensions ['colcon_pkg']
[0.437s] Level 1:colcon.colcon_core.package_identification:_identify(proyecto_nodos) by extension 'colcon_pkg'
[0.437s] Level 1:colcon.colcon_core.package_identification:_identify(proyecto_nodos) by extensions ['colcon_meta']
[0.437s] Level 1:colcon.colcon_core.package_identification:_identify(proyecto_nodos) by extension 'colcon_meta'
[0.437s] Level 1:colcon.colcon_core.package_identification:_identify(proyecto_nodos) by extensions ['ros']
[0.437s] Level 1:colcon.colcon_core.package_identification:_identify(proyecto_nodos) by extension 'ros'
[0.438s] DEBUG:colcon.colcon_core.package_identification:Package 'proyecto_nodos' with type 'ros.ament_python' and name 'turtle_bot_nodos'
[0.438s] Level 1:colcon.colcon_core.package_identification:_identify(vision_opencv) by extensions ['ignore', 'ignore_ament_install']
[0.438s] Level 1:colcon.colcon_core.package_identification:_identify(vision_opencv) by extension 'ignore'
[0.438s] Level 1:colcon.colcon_core.package_identification:_identify(vision_opencv) by extension 'ignore_ament_install'
[0.438s] Level 1:colcon.colcon_core.package_identification:_identify(vision_opencv) by extensions ['colcon_pkg']
[0.438s] Level 1:colcon.colcon_core.package_identification:_identify(vision_opencv) by extension 'colcon_pkg'
[0.438s] Level 1:colcon.colcon_core.package_identification:_identify(vision_opencv) by extensions ['colcon_meta']
[0.438s] Level 1:colcon.colcon_core.package_identification:_identify(vision_opencv) by extension 'colcon_meta'
[0.438s] Level 1:colcon.colcon_core.package_identification:_identify(vision_opencv) by extensions ['ros']
[0.438s] Level 1:colcon.colcon_core.package_identification:_identify(vision_opencv) by extension 'ros'
[0.438s] Level 1:colcon.colcon_core.package_identification:_identify(vision_opencv) by extensions ['cmake', 'python']
[0.438s] Level 1:colcon.colcon_core.package_identification:_identify(vision_opencv) by extension 'cmake'
[0.438s] Level 1:colcon.colcon_core.package_identification:_identify(vision_opencv) by extension 'python'
[0.438s] Level 1:colcon.colcon_core.package_identification:_identify(vision_opencv) by extensions ['python_setup_py']
[0.438s] Level 1:colcon.colcon_core.package_identification:_identify(vision_opencv) by extension 'python_setup_py'
[0.438s] Level 1:colcon.colcon_core.package_discovery:discover_packages(recursive) using defaults
[0.438s] Level 1:colcon.colcon_core.package_discovery:discover_packages(ignore) discover
[0.438s] Level 1:colcon.colcon_core.package_discovery:discover_packages(ignore) using defaults
[0.438s] Level 1:colcon.colcon_core.package_discovery:discover_packages(path) discover
[0.438s] Level 1:colcon.colcon_core.package_discovery:discover_packages(path) using defaults
[0.460s] Level 1:colcon.colcon_core.package_discovery:discover_packages(prefix_path) check parameters
[0.461s] Level 1:colcon.colcon_core.package_discovery:discover_packages(prefix_path) discover
[0.463s] DEBUG:colcon.colcon_installed_package_information.package_discovery:Found 3 installed packages in /home/sergio/proyecto_final_ws/install
[0.465s] DEBUG:colcon.colcon_installed_package_information.package_discovery:Found 285 installed packages in /opt/ros/humble
[0.466s] Level 1:colcon.colcon_core.package_discovery:discover_packages(prefix_path) using defaults
[0.523s] Level 5:colcon.colcon_core.verb:set package 'proyecto_interfaces' build argument 'cmake_args' from command line to 'None'
[0.523s] Level 5:colcon.colcon_core.verb:set package 'proyecto_interfaces' build argument 'cmake_target' from command line to 'None'
[0.524s] Level 5:colcon.colcon_core.verb:set package 'proyecto_interfaces' build argument 'cmake_target_skip_unavailable' from command line to 'False'
[0.524s] Level 5:colcon.colcon_core.verb:set package 'proyecto_interfaces' build argument 'cmake_clean_cache' from command line to 'False'
[0.524s] Level 5:colcon.colcon_core.verb:set package 'proyecto_interfaces' build argument 'cmake_clean_first' from command line to 'False'
[0.524s] Level 5:colcon.colcon_core.verb:set package 'proyecto_interfaces' build argument 'cmake_force_configure' from command line to 'False'
[0.524s] Level 5:colcon.colcon_core.verb:set package 'proyecto_interfaces' build argument 'ament_cmake_args' from command line to 'None'
[0.524s] Level 5:colcon.colcon_core.verb:set package 'proyecto_interfaces' build argument 'catkin_cmake_args' from command line to 'None'
[0.524s] Level 5:colcon.colcon_core.verb:set package 'proyecto_interfaces' build argument 'catkin_skip_building_tests' from command line to 'False'
[0.524s] DEBUG:colcon.colcon_core.verb:Building package 'proyecto_interfaces' with the following arguments: {'ament_cmake_args': None, 'build_base': '/home/sergio/proyecto_final_ws/src/build/proyecto_interfaces', 'catkin_cmake_args': None, 'catkin_skip_building_tests': False, 'cmake_args': None, 'cmake_clean_cache': False, 'cmake_clean_first': False, 'cmake_force_configure': False, 'cmake_target': None, 'cmake_target_skip_unavailable': False, 'install_base': '/home/sergio/proyecto_final_ws/src/install/proyecto_interfaces', 'merge_install': False, 'path': '/home/sergio/proyecto_final_ws/src/proyecto_interfaces', 'symlink_install': False, 'test_result_base': None}
[0.525s] Level 5:colcon.colcon_core.verb:set package 'proyecto_master_pkg' build argument 'cmake_args' from command line to 'None'
[0.525s] Level 5:colcon.colcon_core.verb:set package 'proyecto_master_pkg' build argument 'cmake_target' from command line to 'None'
[0.525s] Level 5:colcon.colcon_core.verb:set package 'proyecto_master_pkg' build argument 'cmake_target_skip_unavailable' from command line to 'False'
[0.525s] Level 5:colcon.colcon_core.verb:set package 'proyecto_master_pkg' build argument 'cmake_clean_cache' from command line to 'False'
[0.525s] Level 5:colcon.colcon_core.verb:set package 'proyecto_master_pkg' build argument 'cmake_clean_first' from command line to 'False'
[0.525s] Level 5:colcon.colcon_core.verb:set package 'proyecto_master_pkg' build argument 'cmake_force_configure' from command line to 'False'
[0.525s] Level 5:colcon.colcon_core.verb:set package 'proyecto_master_pkg' build argument 'ament_cmake_args' from command line to 'None'
[0.525s] Level 5:colcon.colcon_core.verb:set package 'proyecto_master_pkg' build argument 'catkin_cmake_args' from command line to 'None'
[0.525s] Level 5:colcon.colcon_core.verb:set package 'proyecto_master_pkg' build argument 'catkin_skip_building_tests' from command line to 'False'
[0.525s] DEBUG:colcon.colcon_core.verb:Building package 'proyecto_master_pkg' with the following arguments: {'ament_cmake_args': None, 'build_base': '/home/sergio/proyecto_final_ws/src/build/proyecto_master_pkg', 'catkin_cmake_args': None, 'catkin_skip_building_tests': False, 'cmake_args': None, 'cmake_clean_cache': False, 'cmake_clean_first': False, 'cmake_force_configure': False, 'cmake_target': None, 'cmake_target_skip_unavailable': False, 'install_base': '/home/sergio/proyecto_final_ws/src/install/proyecto_master_pkg', 'merge_install': False, 'path': '/home/sergio/proyecto_final_ws/src/proyecto_master_pkg', 'symlink_install': False, 'test_result_base': None}
[0.526s] Level 5:colcon.colcon_core.verb:set package 'turtle_bot_nodos' build argument 'cmake_args' from command line to 'None'
[0.526s] Level 5:colcon.colcon_core.verb:set package 'turtle_bot_nodos' build argument 'cmake_target' from command line to 'None'
[0.526s] Level 5:colcon.colcon_core.verb:set package 'turtle_bot_nodos' build argument 'cmake_target_skip_unavailable' from command line to 'False'
[0.526s] Level 5:colcon.colcon_core.verb:set package 'turtle_bot_nodos' build argument 'cmake_clean_cache' from command line to 'False'
[0.526s] Level 5:colcon.colcon_core.verb:set package 'turtle_bot_nodos' build argument 'cmake_clean_first' from command line to 'False'
[0.526s] Level 5:colcon.colcon_core.verb:set package 'turtle_bot_nodos' build argument 'cmake_force_configure' from command line to 'False'
[0.526s] Level 5:colcon.colcon_core.verb:set package 'turtle_bot_nodos' build argument 'ament_cmake_args' from command line to 'None'
[0.526s] Level 5:colcon.colcon_core.verb:set package 'turtle_bot_nodos' build argument 'catkin_cmake_args' from command line to 'None'
[0.526s] Level 5:colcon.colcon_core.verb:set package 'turtle_bot_nodos' build argument 'catkin_skip_building_tests' from command line to 'False'
[0.526s] DEBUG:colcon.colcon_core.verb:Building package 'turtle_bot_nodos' with the following arguments: {'ament_cmake_args': None, 'build_base': '/home/sergio/proyecto_final_ws/src/build/turtle_bot_nodos', 'catkin_cmake_args': None, 'catkin_skip_building_tests': False, 'cmake_args': None, 'cmake_clean_cache': False, 'cmake_clean_first': False, 'cmake_force_configure': False, 'cmake_target': None, 'cmake_target_skip_unavailable': False, 'install_base': '/home/sergio/proyecto_final_ws/src/install/turtle_bot_nodos', 'merge_install': False, 'path': '/home/sergio/proyecto_final_ws/src/proyecto_nodos', 'symlink_install': False, 'test_result_base': None}
[0.527s] INFO:colcon.colcon_core.executor:Executing jobs using 'parallel' executor
[0.530s] DEBUG:colcon.colcon_parallel_executor.executor.parallel:run_until_complete
[0.530s] INFO:colcon.colcon_ros.task.ament_cmake.build:Building ROS package in '/home/sergio/proyecto_final_ws/src/proyecto_interfaces' with build type 'ament_cmake'
[0.531s] INFO:colcon.colcon_cmake.task.cmake.build:Building CMake package in '/home/sergio/proyecto_final_ws/src/proyecto_interfaces'
[0.535s] INFO:colcon.colcon_core.plugin_system:Skipping extension 'colcon_core.shell.bat': Not used on non-Windows systems
[0.535s] INFO:colcon.colcon_core.shell:Skip shell extension 'powershell' for command environment: Not usable outside of PowerShell
[0.535s] DEBUG:colcon.colcon_core.shell:Skip shell extension 'dsv' for command environment
[0.540s] INFO:colcon.colcon_ros.task.ament_python.build:Building ROS package in '/home/sergio/proyecto_final_ws/src/proyecto_master_pkg' with build type 'ament_python'
[0.540s] Level 1:colcon.colcon_core.shell:create_environment_hook('proyecto_master_pkg', 'ament_prefix_path')
[0.541s] INFO:colcon.colcon_core.shell:Creating environment hook '/home/sergio/proyecto_final_ws/src/install/proyecto_master_pkg/share/proyecto_master_pkg/hook/ament_prefix_path.ps1'
[0.542s] INFO:colcon.colcon_core.shell:Creating environment descriptor '/home/sergio/proyecto_final_ws/src/install/proyecto_master_pkg/share/proyecto_master_pkg/hook/ament_prefix_path.dsv'
[0.542s] INFO:colcon.colcon_core.shell:Creating environment hook '/home/sergio/proyecto_final_ws/src/install/proyecto_master_pkg/share/proyecto_master_pkg/hook/ament_prefix_path.sh'
[0.544s] INFO:colcon.colcon_core.shell:Skip shell extension 'powershell' for command environment: Not usable outside of PowerShell
[0.544s] DEBUG:colcon.colcon_core.shell:Skip shell extension 'dsv' for command environment
[0.548s] INFO:colcon.colcon_ros.task.ament_python.build:Building ROS package in '/home/sergio/proyecto_final_ws/src/proyecto_nodos' with build type 'ament_python'
[0.549s] Level 1:colcon.colcon_core.shell:create_environment_hook('turtle_bot_nodos', 'ament_prefix_path')
[0.550s] INFO:colcon.colcon_core.shell:Creating environment hook '/home/sergio/proyecto_final_ws/src/install/turtle_bot_nodos/share/turtle_bot_nodos/hook/ament_prefix_path.ps1'
[0.551s] INFO:colcon.colcon_core.shell:Creating environment descriptor '/home/sergio/proyecto_final_ws/src/install/turtle_bot_nodos/share/turtle_bot_nodos/hook/ament_prefix_path.dsv'
[0.551s] INFO:colcon.colcon_core.shell:Creating environment hook '/home/sergio/proyecto_final_ws/src/install/turtle_bot_nodos/share/turtle_bot_nodos/hook/ament_prefix_path.sh'
[0.552s] INFO:colcon.colcon_core.shell:Skip shell extension 'powershell' for command environment: Not usable outside of PowerShell
[0.552s] DEBUG:colcon.colcon_core.shell:Skip shell extension 'dsv' for command environment
[0.561s] DEBUG:colcon.colcon_core.event_handler.log_command:Invoking command in '/home/sergio/proyecto_final_ws/src/build/proyecto_interfaces': CMAKE_PREFIX_PATH=${CMAKE_PREFIX_PATH}:/home/sergio/proyecto_final_ws/install/turtle_bot_nodos:/home/sergio/proyecto_final_ws/install/proyecto_master_pkg:/opt/ros/humble COMP_WORDBREAKS=
"'><=;|&( /usr/bin/cmake /home/sergio/proyecto_final_ws/src/proyecto_interfaces -DCMAKE_INSTALL_PREFIX=/home/sergio/proyecto_final_ws/src/install/proyecto_interfaces
[0.851s] INFO:colcon.colcon_core.task.python.build:Building Python package in '/home/sergio/proyecto_final_ws/src/proyecto_master_pkg'
[0.852s] INFO:colcon.colcon_core.shell:Skip shell extension 'powershell' for command environment: Not usable outside of PowerShell
[0.852s] DEBUG:colcon.colcon_core.shell:Skip shell extension 'dsv' for command environment
[1.275s] WARNING:colcon.colcon_ros.task.ament_python.build:Package 'turtle_bot_nodos' doesn't explicitly install a marker in the package index (colcon-ros currently does it implicitly but that fallback will be removed in the future)
[1.275s] WARNING:colcon.colcon_ros.task.ament_python.build:Package 'turtle_bot_nodos' doesn't explicitly install the 'package.xml' file (colcon-ros currently does it implicitly but that fallback will be removed in the future)
[1.275s] INFO:colcon.colcon_core.task.python.build:Building Python package in '/home/sergio/proyecto_final_ws/src/proyecto_nodos'
[1.276s] INFO:colcon.colcon_core.shell:Skip shell extension 'powershell' for command environment: Not usable outside of PowerShell
[1.276s] DEBUG:colcon.colcon_core.shell:Skip shell extension 'dsv' for command environment
[1.666s] DEBUG:colcon.colcon_core.event_handler.log_command:Invoking command in '/home/sergio/proyecto_final_ws/src/proyecto_master_pkg': COMP_WORDBREAKS=
"'><=;|&( PYTHONPATH=/home/sergio/proyecto_final_ws/src/build/proyecto_master_pkg/prefix_override:/home/sergio/proyecto_final_ws/src/install/proyecto_master_pkg/lib/python3.10/site-packages:${PYTHONPATH} /usr/bin/python3 setup.py egg_info --egg-base ../build/proyecto_master_pkg build --build-base /home/sergio/proyecto_final_ws/src/build/proyecto_master_pkg/build install --record /home/sergio/proyecto_final_ws/src/build/proyecto_master_pkg/install.log --single-version-externally-managed
[1.683s] DEBUG:colcon.colcon_core.event_handler.log_command:Invoking command in '/home/sergio/proyecto_final_ws/src/proyecto_nodos': COMP_WORDBREAKS=
"'><=;|&( PYTHONPATH=/home/sergio/proyecto_final_ws/src/build/turtle_bot_nodos/prefix_override:/home/sergio/proyecto_final_ws/src/install/turtle_bot_nodos/lib/python3.10/site-packages:${PYTHONPATH} /usr/bin/python3 setup.py egg_info --egg-base ../build/turtle_bot_nodos build --build-base /home/sergio/proyecto_final_ws/src/build/turtle_bot_nodos/build install --record /home/sergio/proyecto_final_ws/src/build/turtle_bot_nodos/install.log --single-version-externally-managed
[2.049s] DEBUG:colcon.colcon_core.event_handler.log_command:Invoked command in '/home/sergio/proyecto_final_ws/src/proyecto_master_pkg' returned '0': COMP_WORDBREAKS=
"'><=;|&( PYTHONPATH=/home/sergio/proyecto_final_ws/src/build/proyecto_master_pkg/prefix_override:/home/sergio/proyecto_final_ws/src/install/proyecto_master_pkg/lib/python3.10/site-packages:${PYTHONPATH} /usr/bin/python3 setup.py egg_info --egg-base ../build/proyecto_master_pkg build --build-base /home/sergio/proyecto_final_ws/src/build/proyecto_master_pkg/build install --record /home/sergio/proyecto_final_ws/src/build/proyecto_master_pkg/install.log --single-version-externally-managed
[2.054s] Level 1:colcon.colcon_core.environment:checking '/home/sergio/proyecto_final_ws/src/install/proyecto_master_pkg' for CMake module files
[2.055s] Level 1:colcon.colcon_core.environment:checking '/home/sergio/proyecto_final_ws/src/install/proyecto_master_pkg' for CMake config files
[2.055s] Level 1:colcon.colcon_core.environment:checking '/home/sergio/proyecto_final_ws/src/install/proyecto_master_pkg/lib'
[2.056s] Level 1:colcon.colcon_core.environment:checking '/home/sergio/proyecto_final_ws/src/install/proyecto_master_pkg/bin'
[2.056s] Level 1:colcon.colcon_core.environment:checking '/home/sergio/proyecto_final_ws/src/install/proyecto_master_pkg/lib/pkgconfig/proyecto_master_pkg.pc'
[2.056s] Level 1:colcon.colcon_core.environment:checking '/home/sergio/proyecto_final_ws/src/install/proyecto_master_pkg/lib/python3.10/site-packages'
[2.056s] Level 1:colcon.colcon_core.shell:create_environment_hook('proyecto_master_pkg', 'pythonpath')
[2.058s] INFO:colcon.colcon_core.shell:Creating environment hook '/home/sergio/proyecto_final_ws/src/install/proyecto_master_pkg/share/proyecto_master_pkg/hook/pythonpath.ps1'
[2.059s] INFO:colcon.colcon_core.shell:Creating environment descriptor '/home/sergio/proyecto_final_ws/src/install/proyecto_master_pkg/share/proyecto_master_pkg/hook/pythonpath.dsv'
[2.059s] INFO:colcon.colcon_core.shell:Creating environment hook '/home/sergio/proyecto_final_ws/src/install/proyecto_master_pkg/share/proyecto_master_pkg/hook/pythonpath.sh'
[2.059s] Level 1:colcon.colcon_core.environment:checking '/home/sergio/proyecto_final_ws/src/install/proyecto_master_pkg/bin'
[2.060s] Level 1:colcon.colcon_core.environment:create_environment_scripts_only(proyecto_master_pkg)
[2.061s] INFO:colcon.colcon_core.shell:Creating package script '/home/sergio/proyecto_final_ws/src/install/proyecto_master_pkg/share/proyecto_master_pkg/package.ps1'
[2.062s] INFO:colcon.colcon_core.shell:Creating package descriptor '/home/sergio/proyecto_final_ws/src/install/proyecto_master_pkg/share/proyecto_master_pkg/package.dsv'
[2.063s] INFO:colcon.colcon_core.shell:Creating package script '/home/sergio/proyecto_final_ws/src/install/proyecto_master_pkg/share/proyecto_master_pkg/package.sh'
[2.064s] INFO:colcon.colcon_core.shell:Creating package script '/home/sergio/proyecto_final_ws/src/install/proyecto_master_pkg/share/proyecto_master_pkg/package.bash'
[2.065s] INFO:colcon.colcon_core.shell:Creating package script '/home/sergio/proyecto_final_ws/src/install/proyecto_master_pkg/share/proyecto_master_pkg/package.zsh'
[2.066s] Level 1:colcon.colcon_core.environment:create_file_with_runtime_dependencies(/home/sergio/proyecto_final_ws/src/install/proyecto_master_pkg/share/colcon-core/packages/proyecto_master_pkg)
[2.091s] Level 1:colcon.colcon_core.environment:checking '/home/sergio/proyecto_final_ws/src/install/turtle_bot_nodos' for CMake module files
[2.092s] DEBUG:colcon.colcon_core.event_handler.log_command:Invoked command in '/home/sergio/proyecto_final_ws/src/proyecto_nodos' returned '0': COMP_WORDBREAKS=
"'><=;|&( PYTHONPATH=/home/sergio/proyecto_final_ws/src/build/turtle_bot_nodos/prefix_override:/home/sergio/proyecto_final_ws/src/install/turtle_bot_nodos/lib/python3.10/site-packages:${PYTHONPATH} /usr/bin/python3 setup.py egg_info --egg-base ../build/turtle_bot_nodos build --build-base /home/sergio/proyecto_final_ws/src/build/turtle_bot_nodos/build install --record /home/sergio/proyecto_final_ws/src/build/turtle_bot_nodos/install.log --single-version-externally-managed
[2.093s] Level 1:colcon.colcon_core.environment:checking '/home/sergio/proyecto_final_ws/src/install/turtle_bot_nodos' for CMake config files
[2.094s] Level 1:colcon.colcon_core.environment:checking '/home/sergio/proyecto_final_ws/src/install/turtle_bot_nodos/lib'
[2.094s] Level 1:colcon.colcon_core.environment:checking '/home/sergio/proyecto_final_ws/src/install/turtle_bot_nodos/bin'
[2.094s] Level 1:colcon.colcon_core.environment:checking '/home/sergio/proyecto_final_ws/src/install/turtle_bot_nodos/lib/pkgconfig/turtle_bot_nodos.pc'
[2.095s] Level 1:colcon.colcon_core.environment:checking '/home/sergio/proyecto_final_ws/src/install/turtle_bot_nodos/lib/python3.10/site-packages'
[2.095s] Level 1:colcon.colcon_core.shell:create_environment_hook('turtle_bot_nodos', 'pythonpath')
[2.097s] INFO:colcon.colcon_core.shell:Creating environment hook '/home/sergio/proyecto_final_ws/src/install/turtle_bot_nodos/share/turtle_bot_nodos/hook/pythonpath.ps1'
[2.098s] INFO:colcon.colcon_core.shell:Creating environment descriptor '/home/sergio/proyecto_final_ws/src/install/turtle_bot_nodos/share/turtle_bot_nodos/hook/pythonpath.dsv'
[2.098s] INFO:colcon.colcon_core.shell:Creating environment hook '/home/sergio/proyecto_final_ws/src/install/turtle_bot_nodos/share/turtle_bot_nodos/hook/pythonpath.sh'
[2.099s] Level 1:colcon.colcon_core.environment:checking '/home/sergio/proyecto_final_ws/src/install/turtle_bot_nodos/bin'
[2.099s] Level 1:colcon.colcon_core.environment:create_environment_scripts_only(turtle_bot_nodos)
[2.101s] INFO:colcon.colcon_core.shell:Creating package script '/home/sergio/proyecto_final_ws/src/install/turtle_bot_nodos/share/turtle_bot_nodos/package.ps1'
[2.102s] INFO:colcon.colcon_core.shell:Creating package descriptor '/home/sergio/proyecto_final_ws/src/install/turtle_bot_nodos/share/turtle_bot_nodos/package.dsv'
[2.103s] INFO:colcon.colcon_core.shell:Creating package script '/home/sergio/proyecto_final_ws/src/install/turtle_bot_nodos/share/turtle_bot_nodos/package.sh'
[2.104s] INFO:colcon.colcon_core.shell:Creating package script '/home/sergio/proyecto_final_ws/src/install/turtle_bot_nodos/share/turtle_bot_nodos/package.bash'
[2.104s] INFO:colcon.colcon_core.shell:Creating package script '/home/sergio/proyecto_final_ws/src/install/turtle_bot_nodos/share/turtle_bot_nodos/package.zsh'
[2.105s] Level 1:colcon.colcon_core.environment:create_file_with_runtime_dependencies(/home/sergio/proyecto_final_ws/src/install/turtle_bot_nodos/share/colcon-core/packages/turtle_bot_nodos)
[3.448s] DEBUG:colcon.colcon_core.event_handler.log_command:Invoked command in '/home/sergio/proyecto_final_ws/src/build/proyecto_interfaces' returned '0': CMAKE_PREFIX_PATH=${CMAKE_PREFIX_PATH}:/home/sergio/proyecto_final_ws/install/turtle_bot_nodos:/home/sergio/proyecto_final_ws/install/proyecto_master_pkg:/opt/ros/humble COMP_WORDBREAKS=
"'><=;|&( /usr/bin/cmake /home/sergio/proyecto_final_ws/src/proyecto_interfaces -DCMAKE_INSTALL_PREFIX=/home/sergio/proyecto_final_ws/src/install/proyecto_interfaces
[3.449s] DEBUG:colcon.colcon_core.event_handler.log_command:Invoking command in '/home/sergio/proyecto_final_ws/src/build/proyecto_interfaces': CMAKE_PREFIX_PATH=${CMAKE_PREFIX_PATH}:/home/sergio/proyecto_final_ws/install/turtle_bot_nodos:/home/sergio/proyecto_final_ws/install/proyecto_master_pkg:/opt/ros/humble COMP_WORDBREAKS=
"'><=;|&( /usr/bin/cmake --build /home/sergio/proyecto_final_ws/src/build/proyecto_interfaces -- -j8 -l8
[9.846s] DEBUG:colcon.colcon_core.event_handler.log_command:Invoked command in '/home/sergio/proyecto_final_ws/src/build/proyecto_interfaces' returned '0': CMAKE_PREFIX_PATH=${CMAKE_PREFIX_PATH}:/home/sergio/proyecto_final_ws/install/turtle_bot_nodos:/home/sergio/proyecto_final_ws/install/proyecto_master_pkg:/opt/ros/humble COMP_WORDBREAKS=
"'><=;|&( /usr/bin/cmake --build /home/sergio/proyecto_final_ws/src/build/proyecto_interfaces -- -j8 -l8
[10.030s] DEBUG:colcon.colcon_core.event_handler.log_command:Invoking command in '/home/sergio/proyecto_final_ws/src/build/proyecto_interfaces': CMAKE_PREFIX_PATH=${CMAKE_PREFIX_PATH}:/home/sergio/proyecto_final_ws/install/turtle_bot_nodos:/home/sergio/proyecto_final_ws/install/proyecto_master_pkg:/opt/ros/humble COMP_WORDBREAKS=
"'><=;|&( /usr/bin/cmake --install /home/sergio/proyecto_final_ws/src/build/proyecto_interfaces
[10.124s] Level 1:colcon.colcon_core.environment:create_environment_scripts_only(proyecto_interfaces)
[10.126s] Level 1:colcon.colcon_core.environment:checking '/home/sergio/proyecto_final_ws/src/install/proyecto_interfaces' for CMake module files
[10.127s] DEBUG:colcon.colcon_core.event_handler.log_command:Invoked command in '/home/sergio/proyecto_final_ws/src/build/proyecto_interfaces' returned '0': CMAKE_PREFIX_PATH=${CMAKE_PREFIX_PATH}:/home/sergio/proyecto_final_ws/install/turtle_bot_nodos:/home/sergio/proyecto_final_ws/install/proyecto_master_pkg:/opt/ros/humble COMP_WORDBREAKS=
"'><=;|&( /usr/bin/cmake --install /home/sergio/proyecto_final_ws/src/build/proyecto_interfaces
[10.127s] Level 1:colcon.colcon_core.environment:checking '/home/sergio/proyecto_final_ws/src/install/proyecto_interfaces' for CMake config files
[10.128s] Level 1:colcon.colcon_core.shell:create_environment_hook('proyecto_interfaces', 'cmake_prefix_path')
[10.129s] INFO:colcon.colcon_core.shell:Creating environment hook '/home/sergio/proyecto_final_ws/src/install/proyecto_interfaces/share/proyecto_interfaces/hook/cmake_prefix_path.ps1'
[10.129s] INFO:colcon.colcon_core.shell:Creating environment descriptor '/home/sergio/proyecto_final_ws/src/install/proyecto_interfaces/share/proyecto_interfaces/hook/cmake_prefix_path.dsv'
[10.130s] INFO:colcon.colcon_core.shell:Creating environment hook '/home/sergio/proyecto_final_ws/src/install/proyecto_interfaces/share/proyecto_interfaces/hook/cmake_prefix_path.sh'
[10.130s] Level 1:colcon.colcon_core.environment:checking '/home/sergio/proyecto_final_ws/src/install/proyecto_interfaces/lib'
[10.130s] Level 1:colcon.colcon_core.shell:create_environment_hook('proyecto_interfaces', 'ld_library_path_lib')
[10.131s] INFO:colcon.colcon_core.shell:Creating environment hook '/home/sergio/proyecto_final_ws/src/install/proyecto_interfaces/share/proyecto_interfaces/hook/ld_library_path_lib.ps1'
[10.132s] INFO:colcon.colcon_core.shell:Creating environment descriptor '/home/sergio/proyecto_final_ws/src/install/proyecto_interfaces/share/proyecto_interfaces/hook/ld_library_path_lib.dsv'
[10.132s] INFO:colcon.colcon_core.shell:Creating environment hook '/home/sergio/proyecto_final_ws/src/install/proyecto_interfaces/share/proyecto_interfaces/hook/ld_library_path_lib.sh'
[10.132s] Level 1:colcon.colcon_core.environment:checking '/home/sergio/proyecto_final_ws/src/install/proyecto_interfaces/bin'
[10.132s] Level 1:colcon.colcon_core.environment:checking '/home/sergio/proyecto_final_ws/src/install/proyecto_interfaces/lib/pkgconfig/proyecto_interfaces.pc'
[10.132s] Level 1:colcon.colcon_core.environment:checking '/home/sergio/proyecto_final_ws/src/install/proyecto_interfaces/lib/python3.10/site-packages'
[10.132s] Level 1:colcon.colcon_core.environment:checking '/home/sergio/proyecto_final_ws/src/install/proyecto_interfaces/bin'
[10.134s] INFO:colcon.colcon_core.shell:Creating package script '/home/sergio/proyecto_final_ws/src/install/proyecto_interfaces/share/proyecto_interfaces/package.ps1'
[10.134s] INFO:colcon.colcon_core.shell:Creating package descriptor '/home/sergio/proyecto_final_ws/src/install/proyecto_interfaces/share/proyecto_interfaces/package.dsv'
[10.134s] INFO:colcon.colcon_core.shell:Creating package script '/home/sergio/proyecto_final_ws/src/install/proyecto_interfaces/share/proyecto_interfaces/package.sh'
[10.135s] INFO:colcon.colcon_core.shell:Creating package script '/home/sergio/proyecto_final_ws/src/install/proyecto_interfaces/share/proyecto_interfaces/package.bash'
[10.135s] INFO:colcon.colcon_core.shell:Creating package script '/home/sergio/proyecto_final_ws/src/install/proyecto_interfaces/share/proyecto_interfaces/package.zsh'
[10.135s] Level 1:colcon.colcon_core.environment:create_file_with_runtime_dependencies(/home/sergio/proyecto_final_ws/src/install/proyecto_interfaces/share/colcon-core/packages/proyecto_interfaces)
[10.237s] Level 1:colcon.colcon_core.environment:create_environment_scripts_only(proyecto_interfaces)
[10.239s] Level 1:colcon.colcon_core.environment:checking '/home/sergio/proyecto_final_ws/src/install/proyecto_interfaces' for CMake module files
[10.239s] Level 1:colcon.colcon_core.environment:checking '/home/sergio/proyecto_final_ws/src/install/proyecto_interfaces' for CMake config files
[10.240s] Level 1:colcon.colcon_core.shell:create_environment_hook('proyecto_interfaces', 'cmake_prefix_path')
[10.241s] INFO:colcon.colcon_core.shell:Creating environment hook '/home/sergio/proyecto_final_ws/src/install/proyecto_interfaces/share/proyecto_interfaces/hook/cmake_prefix_path.ps1'
[10.241s] INFO:colcon.colcon_core.shell:Creating environment descriptor '/home/sergio/proyecto_final_ws/src/install/proyecto_interfaces/share/proyecto_interfaces/hook/cmake_prefix_path.dsv'
[10.241s] INFO:colcon.colcon_core.shell:Creating environment hook '/home/sergio/proyecto_final_ws/src/install/proyecto_interfaces/share/proyecto_interfaces/hook/cmake_prefix_path.sh'
[10.242s] Level 1:colcon.colcon_core.environment:checking '/home/sergio/proyecto_final_ws/src/install/proyecto_interfaces/lib'
[10.242s] Level 1:colcon.colcon_core.shell:create_environment_hook('proyecto_interfaces', 'ld_library_path_lib')
[10.243s] INFO:colcon.colcon_core.shell:Creating environment hook '/home/sergio/proyecto_final_ws/src/install/proyecto_interfaces/share/proyecto_interfaces/hook/ld_library_path_lib.ps1'
[10.243s] INFO:colcon.colcon_core.shell:Creating environment descriptor '/home/sergio/proyecto_final_ws/src/install/proyecto_interfaces/share/proyecto_interfaces/hook/ld_library_path_lib.dsv'
[10.244s] INFO:colcon.colcon_core.shell:Creating environment hook '/home/sergio/proyecto_final_ws/src/install/proyecto_interfaces/share/proyecto_interfaces/hook/ld_library_path_lib.sh'
[10.244s] Level 1:colcon.colcon_core.environment:checking '/home/sergio/proyecto_final_ws/src/install/proyecto_interfaces/bin'
[10.244s] Level 1:colcon.colcon_core.environment:checking '/home/sergio/proyecto_final_ws/src/install/proyecto_interfaces/lib/pkgconfig/proyecto_interfaces.pc'
[10.244s] Level 1:colcon.colcon_core.environment:checking '/home/sergio/proyecto_final_ws/src/install/proyecto_interfaces/lib/python3.10/site-packages'
[10.244s] Level 1:colcon.colcon_core.environment:checking '/home/sergio/proyecto_final_ws/src/install/proyecto_interfaces/bin'
[10.246s] INFO:colcon.colcon_core.shell:Creating package script '/home/sergio/proyecto_final_ws/src/install/proyecto_interfaces/share/proyecto_interfaces/package.ps1'
[10.246s] INFO:colcon.colcon_core.shell:Creating package descriptor '/home/sergio/proyecto_final_ws/src/install/proyecto_interfaces/share/proyecto_interfaces/package.dsv'
[10.246s] INFO:colcon.colcon_core.shell:Creating package script '/home/sergio/proyecto_final_ws/src/install/proyecto_interfaces/share/proyecto_interfaces/package.sh'
[10.247s] INFO:colcon.colcon_core.shell:Creating package script '/home/sergio/proyecto_final_ws/src/install/proyecto_interfaces/share/proyecto_interfaces/package.bash'
[10.247s] INFO:colcon.colcon_core.shell:Creating package script '/home/sergio/proyecto_final_ws/src/install/proyecto_interfaces/share/proyecto_interfaces/package.zsh'
[10.247s] Level 1:colcon.colcon_core.environment:create_file_with_runtime_dependencies(/home/sergio/proyecto_final_ws/src/install/proyecto_interfaces/share/colcon-core/packages/proyecto_interfaces)
[10.248s] DEBUG:colcon.colcon_parallel_executor.executor.parallel:closing loop
[10.248s] DEBUG:colcon.colcon_parallel_executor.executor.parallel:loop closed
[10.248s] DEBUG:colcon.colcon_parallel_executor.executor.parallel:run_until_complete finished with '0'
[10.248s] DEBUG:colcon.colcon_core.event_reactor:joining thread
[10.256s] INFO:colcon.colcon_core.plugin_system:Skipping extension 'colcon_notification.desktop_notification.terminal_notifier': Not used on non-Darwin systems
[10.256s] INFO:colcon.colcon_core.plugin_system:Skipping extension 'colcon_notification.desktop_notification.win32': Not used on non-Windows systems
[10.256s] INFO:colcon.colcon_notification.desktop_notification:Sending desktop notification using 'notify2'
[10.266s] DEBUG:colcon.colcon_core.event_reactor:joined thread
[10.268s] INFO:colcon.colcon_core.shell:Creating prefix script '/home/sergio/proyecto_final_ws/src/install/local_setup.ps1'
[10.268s] INFO:colcon.colcon_core.shell:Creating prefix util module '/home/sergio/proyecto_final_ws/src/install/_local_setup_util_ps1.py'
[10.270s] INFO:colcon.colcon_core.shell:Creating prefix chain script '/home/sergio/proyecto_final_ws/src/install/setup.ps1'
[10.271s] INFO:colcon.colcon_core.shell:Creating prefix script '/home/sergio/proyecto_final_ws/src/install/local_setup.sh'
[10.271s] INFO:colcon.colcon_core.shell:Creating prefix util module '/home/sergio/proyecto_final_ws/src/install/_local_setup_util_sh.py'
[10.272s] INFO:colcon.colcon_core.shell:Creating prefix chain script '/home/sergio/proyecto_final_ws/src/install/setup.sh'
[10.273s] INFO:colcon.colcon_core.shell:Creating prefix script '/home/sergio/proyecto_final_ws/src/install/local_setup.bash'
[10.274s] INFO:colcon.colcon_core.shell:Creating prefix chain script '/home/sergio/proyecto_final_ws/src/install/setup.bash'
[10.275s] INFO:colcon.colcon_core.shell:Creating prefix script '/home/sergio/proyecto_final_ws/src/install/local_setup.zsh'
[10.275s] INFO:colcon.colcon_core.shell:Creating prefix chain script '/home/sergio/proyecto_final_ws/src/install/setup.zsh'
