[0.272s] DEBUG:colcon:Command line arguments: ['/usr/bin/colcon', 'build']
[0.273s] DEBUG:colcon:Parsed command line arguments: Namespace(log_base=None, log_level=None, verb_name='build', build_base='build', install_base='install', merge_install=False, symlink_install=False, test_result_base=None, continue_on_error=False, executor='parallel', parallel_workers=8, event_handlers=None, ignore_user_meta=False, metas=['./colcon.meta'], base_paths=['.'], packages_ignore=None, packages_ignore_regex=None, paths=None, packages_up_to=None, packages_up_to_regex=None, packages_above=None, packages_above_and_dependencies=None, packages_above_depth=None, packages_select_by_dep=None, packages_skip_by_dep=None, packages_skip_up_to=None, packages_select_build_failed=False, packages_skip_build_finished=False, packages_select_test_failures=False, packages_skip_test_passed=False, packages_select=None, packages_skip=None, packages_select_regex=None, packages_skip_regex=None, packages_start=None, packages_end=None, allow_overriding=[], cmake_args=None, cmake_target=None, cmake_target_skip_unavailable=False, cmake_clean_cache=False, cmake_clean_first=False, cmake_force_configure=False, ament_cmake_args=None, catkin_cmake_args=None, catkin_skip_building_tests=False, verb_parser=<colcon_defaults.argument_parser.defaults.DefaultArgumentsDecorator object at 0x7f3ffb463fd0>, verb_extension=<colcon_core.verb.build.BuildVerb object at 0x7f3ffb5c9b70>, main=<bound method BuildVerb.main of <colcon_core.verb.build.BuildVerb object at 0x7f3ffb5c9b70>>)
[0.302s] Level 1:colcon.colcon_core.package_discovery:discover_packages(colcon_meta) check parameters
[0.302s] Level 1:colcon.colcon_core.package_discovery:discover_packages(recursive) check parameters
[0.302s] Level 1:colcon.colcon_core.package_discovery:discover_packages(ignore) check parameters
[0.302s] Level 1:colcon.colcon_core.package_discovery:discover_packages(path) check parameters
[0.302s] Level 1:colcon.colcon_core.package_discovery:discover_packages(colcon_meta) discover
[0.302s] Level 1:colcon.colcon_core.package_discovery:discover_packages(recursive) discover
[0.302s] INFO:colcon.colcon_core.package_discovery:Crawling recursively for packages in '/home/sergio/proyecto_final_ws/src/proyecto_nodos'
[0.302s] Level 1:colcon.colcon_core.package_identification:_identify(.) by extensions ['ignore', 'ignore_ament_install']
[0.302s] Level 1:colcon.colcon_core.package_identification:_identify(.) by extension 'ignore'
[0.302s] Level 1:colcon.colcon_core.package_identification:_identify(.) by extension 'ignore_ament_install'
[0.302s] Level 1:colcon.colcon_core.package_identification:_identify(.) by extensions ['colcon_pkg']
[0.302s] Level 1:colcon.colcon_core.package_identification:_identify(.) by extension 'colcon_pkg'
[0.302s] Level 1:colcon.colcon_core.package_identification:_identify(.) by extensions ['colcon_meta']
[0.302s] Level 1:colcon.colcon_core.package_identification:_identify(.) by extension 'colcon_meta'
[0.302s] Level 1:colcon.colcon_core.package_identification:_identify(.) by extensions ['ros']
[0.302s] Level 1:colcon.colcon_core.package_identification:_identify(.) by extension 'ros'
[0.317s] DEBUG:colcon.colcon_core.package_identification:Package '.' with type 'ros.ament_python' and name 'turtle_bot_nodos'
[0.317s] Level 1:colcon.colcon_core.package_discovery:discover_packages(recursive) using defaults
[0.317s] Level 1:colcon.colcon_core.package_discovery:discover_packages(ignore) discover
[0.317s] Level 1:colcon.colcon_core.package_discovery:discover_packages(ignore) using defaults
[0.317s] Level 1:colcon.colcon_core.package_discovery:discover_packages(path) discover
[0.317s] Level 1:colcon.colcon_core.package_discovery:discover_packages(path) using defaults
[0.339s] Level 1:colcon.colcon_core.package_discovery:discover_packages(prefix_path) check parameters
[0.339s] Level 1:colcon.colcon_core.package_discovery:discover_packages(prefix_path) discover
[0.341s] DEBUG:colcon.colcon_installed_package_information.package_discovery:Found 3 installed packages in /home/sergio/proyecto_final_ws/install
[0.343s] DEBUG:colcon.colcon_installed_package_information.package_discovery:Found 285 installed packages in /opt/ros/humble
[0.344s] Level 1:colcon.colcon_core.package_discovery:discover_packages(prefix_path) using defaults
[0.400s] Level 5:colcon.colcon_core.verb:set package 'turtle_bot_nodos' build argument 'cmake_args' from command line to 'None'
[0.400s] Level 5:colcon.colcon_core.verb:set package 'turtle_bot_nodos' build argument 'cmake_target' from command line to 'None'
[0.400s] Level 5:colcon.colcon_core.verb:set package 'turtle_bot_nodos' build argument 'cmake_target_skip_unavailable' from command line to 'False'
[0.400s] Level 5:colcon.colcon_core.verb:set package 'turtle_bot_nodos' build argument 'cmake_clean_cache' from command line to 'False'
[0.400s] Level 5:colcon.colcon_core.verb:set package 'turtle_bot_nodos' build argument 'cmake_clean_first' from command line to 'False'
[0.400s] Level 5:colcon.colcon_core.verb:set package 'turtle_bot_nodos' build argument 'cmake_force_configure' from command line to 'False'
[0.400s] Level 5:colcon.colcon_core.verb:set package 'turtle_bot_nodos' build argument 'ament_cmake_args' from command line to 'None'
[0.400s] Level 5:colcon.colcon_core.verb:set package 'turtle_bot_nodos' build argument 'catkin_cmake_args' from command line to 'None'
[0.400s] Level 5:colcon.colcon_core.verb:set package 'turtle_bot_nodos' build argument 'catkin_skip_building_tests' from command line to 'False'
[0.400s] DEBUG:colcon.colcon_core.verb:Building package 'turtle_bot_nodos' with the following arguments: {'ament_cmake_args': None, 'build_base': '/home/sergio/proyecto_final_ws/src/proyecto_nodos/build/turtle_bot_nodos', 'catkin_cmake_args': None, 'catkin_skip_building_tests': False, 'cmake_args': None, 'cmake_clean_cache': False, 'cmake_clean_first': False, 'cmake_force_configure': False, 'cmake_target': None, 'cmake_target_skip_unavailable': False, 'install_base': '/home/sergio/proyecto_final_ws/src/proyecto_nodos/install/turtle_bot_nodos', 'merge_install': False, 'path': '/home/sergio/proyecto_final_ws/src/proyecto_nodos', 'symlink_install': False, 'test_result_base': None}
[0.401s] INFO:colcon.colcon_core.executor:Executing jobs using 'parallel' executor
[0.404s] DEBUG:colcon.colcon_parallel_executor.executor.parallel:run_until_complete
[0.404s] INFO:colcon.colcon_ros.task.ament_python.build:Building ROS package in '/home/sergio/proyecto_final_ws/src/proyecto_nodos' with build type 'ament_python'
[0.404s] Level 1:colcon.colcon_core.shell:create_environment_hook('turtle_bot_nodos', 'ament_prefix_path')
[0.408s] INFO:colcon.colcon_core.plugin_system:Skipping extension 'colcon_core.shell.bat': Not used on non-Windows systems
[0.408s] INFO:colcon.colcon_core.shell:Creating environment hook '/home/sergio/proyecto_final_ws/src/proyecto_nodos/install/turtle_bot_nodos/share/turtle_bot_nodos/hook/ament_prefix_path.ps1'
[0.408s] INFO:colcon.colcon_core.shell:Creating environment descriptor '/home/sergio/proyecto_final_ws/src/proyecto_nodos/install/turtle_bot_nodos/share/turtle_bot_nodos/hook/ament_prefix_path.dsv'
[0.409s] INFO:colcon.colcon_core.shell:Creating environment hook '/home/sergio/proyecto_final_ws/src/proyecto_nodos/install/turtle_bot_nodos/share/turtle_bot_nodos/hook/ament_prefix_path.sh'
[0.410s] INFO:colcon.colcon_core.shell:Skip shell extension 'powershell' for command environment: Not usable outside of PowerShell
[0.410s] DEBUG:colcon.colcon_core.shell:Skip shell extension 'dsv' for command environment
[0.602s] WARNING:colcon.colcon_ros.task.ament_python.build:Package 'turtle_bot_nodos' doesn't explicitly install a marker in the package index (colcon-ros currently does it implicitly but that fallback will be removed in the future)
[0.602s] WARNING:colcon.colcon_ros.task.ament_python.build:Package 'turtle_bot_nodos' doesn't explicitly install the 'package.xml' file (colcon-ros currently does it implicitly but that fallback will be removed in the future)
[0.602s] INFO:colcon.colcon_core.task.python.build:Building Python package in '/home/sergio/proyecto_final_ws/src/proyecto_nodos'
[0.604s] INFO:colcon.colcon_core.shell:Skip shell extension 'powershell' for command environment: Not usable outside of PowerShell
[0.604s] DEBUG:colcon.colcon_core.shell:Skip shell extension 'dsv' for command environment
[1.132s] DEBUG:colcon.colcon_core.event_handler.log_command:Invoking command in '/home/sergio/proyecto_final_ws/src/proyecto_nodos': COMP_WORDBREAKS=
"'><=;|&( PYTHONPATH=/home/sergio/proyecto_final_ws/src/proyecto_nodos/build/turtle_bot_nodos/prefix_override:/home/sergio/proyecto_final_ws/src/proyecto_nodos/install/turtle_bot_nodos/lib/python3.10/site-packages:${PYTHONPATH} /usr/bin/python3 setup.py egg_info --egg-base build/turtle_bot_nodos build --build-base /home/sergio/proyecto_final_ws/src/proyecto_nodos/build/turtle_bot_nodos/build install --record /home/sergio/proyecto_final_ws/src/proyecto_nodos/build/turtle_bot_nodos/install.log --single-version-externally-managed
[1.664s] DEBUG:colcon.colcon_core.event_handler.log_command:Invoked command in '/home/sergio/proyecto_final_ws/src/proyecto_nodos' returned '0': COMP_WORDBREAKS=
"'><=;|&( PYTHONPATH=/home/sergio/proyecto_final_ws/src/proyecto_nodos/build/turtle_bot_nodos/prefix_override:/home/sergio/proyecto_final_ws/src/proyecto_nodos/install/turtle_bot_nodos/lib/python3.10/site-packages:${PYTHONPATH} /usr/bin/python3 setup.py egg_info --egg-base build/turtle_bot_nodos build --build-base /home/sergio/proyecto_final_ws/src/proyecto_nodos/build/turtle_bot_nodos/build install --record /home/sergio/proyecto_final_ws/src/proyecto_nodos/build/turtle_bot_nodos/install.log --single-version-externally-managed
[1.669s] Level 1:colcon.colcon_core.environment:checking '/home/sergio/proyecto_final_ws/src/proyecto_nodos/install/turtle_bot_nodos' for CMake module files
[1.670s] Level 1:colcon.colcon_core.environment:checking '/home/sergio/proyecto_final_ws/src/proyecto_nodos/install/turtle_bot_nodos' for CMake config files
[1.670s] Level 1:colcon.colcon_core.environment:checking '/home/sergio/proyecto_final_ws/src/proyecto_nodos/install/turtle_bot_nodos/lib'
[1.670s] Level 1:colcon.colcon_core.environment:checking '/home/sergio/proyecto_final_ws/src/proyecto_nodos/install/turtle_bot_nodos/bin'
[1.670s] Level 1:colcon.colcon_core.environment:checking '/home/sergio/proyecto_final_ws/src/proyecto_nodos/install/turtle_bot_nodos/lib/pkgconfig/turtle_bot_nodos.pc'
[1.671s] Level 1:colcon.colcon_core.environment:checking '/home/sergio/proyecto_final_ws/src/proyecto_nodos/install/turtle_bot_nodos/lib/python3.10/site-packages'
[1.671s] Level 1:colcon.colcon_core.shell:create_environment_hook('turtle_bot_nodos', 'pythonpath')
[1.672s] INFO:colcon.colcon_core.shell:Creating environment hook '/home/sergio/proyecto_final_ws/src/proyecto_nodos/install/turtle_bot_nodos/share/turtle_bot_nodos/hook/pythonpath.ps1'
[1.673s] INFO:colcon.colcon_core.shell:Creating environment descriptor '/home/sergio/proyecto_final_ws/src/proyecto_nodos/install/turtle_bot_nodos/share/turtle_bot_nodos/hook/pythonpath.dsv'
[1.673s] INFO:colcon.colcon_core.shell:Creating environment hook '/home/sergio/proyecto_final_ws/src/proyecto_nodos/install/turtle_bot_nodos/share/turtle_bot_nodos/hook/pythonpath.sh'
[1.673s] Level 1:colcon.colcon_core.environment:checking '/home/sergio/proyecto_final_ws/src/proyecto_nodos/install/turtle_bot_nodos/bin'
[1.673s] Level 1:colcon.colcon_core.environment:create_environment_scripts_only(turtle_bot_nodos)
[1.675s] INFO:colcon.colcon_core.shell:Creating package script '/home/sergio/proyecto_final_ws/src/proyecto_nodos/install/turtle_bot_nodos/share/turtle_bot_nodos/package.ps1'
[1.676s] INFO:colcon.colcon_core.shell:Creating package descriptor '/home/sergio/proyecto_final_ws/src/proyecto_nodos/install/turtle_bot_nodos/share/turtle_bot_nodos/package.dsv'
[1.676s] INFO:colcon.colcon_core.shell:Creating package script '/home/sergio/proyecto_final_ws/src/proyecto_nodos/install/turtle_bot_nodos/share/turtle_bot_nodos/package.sh'
[1.677s] INFO:colcon.colcon_core.shell:Creating package script '/home/sergio/proyecto_final_ws/src/proyecto_nodos/install/turtle_bot_nodos/share/turtle_bot_nodos/package.bash'
[1.678s] INFO:colcon.colcon_core.shell:Creating package script '/home/sergio/proyecto_final_ws/src/proyecto_nodos/install/turtle_bot_nodos/share/turtle_bot_nodos/package.zsh'
[1.678s] Level 1:colcon.colcon_core.environment:create_file_with_runtime_dependencies(/home/sergio/proyecto_final_ws/src/proyecto_nodos/install/turtle_bot_nodos/share/colcon-core/packages/turtle_bot_nodos)
[1.679s] DEBUG:colcon.colcon_parallel_executor.executor.parallel:closing loop
[1.679s] DEBUG:colcon.colcon_parallel_executor.executor.parallel:loop closed
[1.679s] DEBUG:colcon.colcon_parallel_executor.executor.parallel:run_until_complete finished with '0'
[1.679s] DEBUG:colcon.colcon_core.event_reactor:joining thread
[1.686s] INFO:colcon.colcon_core.plugin_system:Skipping extension 'colcon_notification.desktop_notification.terminal_notifier': Not used on non-Darwin systems
[1.686s] INFO:colcon.colcon_core.plugin_system:Skipping extension 'colcon_notification.desktop_notification.win32': Not used on non-Windows systems
[1.686s] INFO:colcon.colcon_notification.desktop_notification:Sending desktop notification using 'notify2'
[1.697s] DEBUG:colcon.colcon_core.event_reactor:joined thread
[1.699s] INFO:colcon.colcon_core.shell:Creating prefix script '/home/sergio/proyecto_final_ws/src/proyecto_nodos/install/local_setup.ps1'
[1.699s] INFO:colcon.colcon_core.shell:Creating prefix util module '/home/sergio/proyecto_final_ws/src/proyecto_nodos/install/_local_setup_util_ps1.py'
[1.701s] INFO:colcon.colcon_core.shell:Creating prefix chain script '/home/sergio/proyecto_final_ws/src/proyecto_nodos/install/setup.ps1'
[1.703s] INFO:colcon.colcon_core.shell:Creating prefix script '/home/sergio/proyecto_final_ws/src/proyecto_nodos/install/local_setup.sh'
[1.703s] INFO:colcon.colcon_core.shell:Creating prefix util module '/home/sergio/proyecto_final_ws/src/proyecto_nodos/install/_local_setup_util_sh.py'
[1.704s] INFO:colcon.colcon_core.shell:Creating prefix chain script '/home/sergio/proyecto_final_ws/src/proyecto_nodos/install/setup.sh'
[1.705s] INFO:colcon.colcon_core.shell:Creating prefix script '/home/sergio/proyecto_final_ws/src/proyecto_nodos/install/local_setup.bash'
[1.706s] INFO:colcon.colcon_core.shell:Creating prefix chain script '/home/sergio/proyecto_final_ws/src/proyecto_nodos/install/setup.bash'
[1.707s] INFO:colcon.colcon_core.shell:Creating prefix script '/home/sergio/proyecto_final_ws/src/proyecto_nodos/install/local_setup.zsh'
[1.707s] INFO:colcon.colcon_core.shell:Creating prefix chain script '/home/sergio/proyecto_final_ws/src/proyecto_nodos/install/setup.zsh'
