running egg_info
creating ../../build/turtle_bot_nodos/proyecto_nodos.egg-info
writing ../../build/turtle_bot_nodos/proyecto_nodos.egg-info/PKG-INFO
writing dependency_links to ../../build/turtle_bot_nodos/proyecto_nodos.egg-info/dependency_links.txt
writing entry points to ../../build/turtle_bot_nodos/proyecto_nodos.egg-info/entry_points.txt
writing requirements to ../../build/turtle_bot_nodos/proyecto_nodos.egg-info/requires.txt
writing top-level names to ../../build/turtle_bot_nodos/proyecto_nodos.egg-info/top_level.txt
writing manifest file '../../build/turtle_bot_nodos/proyecto_nodos.egg-info/SOURCES.txt'
reading manifest file '../../build/turtle_bot_nodos/proyecto_nodos.egg-info/SOURCES.txt'
writing manifest file '../../build/turtle_bot_nodos/proyecto_nodos.egg-info/SOURCES.txt'
running build
running build_py
creating /home/sergio/proyecto_final_ws/build/turtle_bot_nodos/build
creating /home/sergio/proyecto_final_ws/build/turtle_bot_nodos/build/lib
creating /home/sergio/proyecto_final_ws/build/turtle_bot_nodos/build/lib/proyecto_nodos
copying proyecto_nodos/robot_teleop.py -> /home/sergio/proyecto_final_ws/build/turtle_bot_nodos/build/lib/proyecto_nodos
copying proyecto_nodos/__init__.py -> /home/sergio/proyecto_final_ws/build/turtle_bot_nodos/build/lib/proyecto_nodos
running install
running install_lib
creating /home/sergio/proyecto_final_ws/install/turtle_bot_nodos/lib/python3.10/site-packages/proyecto_nodos
copying /home/sergio/proyecto_final_ws/build/turtle_bot_nodos/build/lib/proyecto_nodos/robot_teleop.py -> /home/sergio/proyecto_final_ws/install/turtle_bot_nodos/lib/python3.10/site-packages/proyecto_nodos
copying /home/sergio/proyecto_final_ws/build/turtle_bot_nodos/build/lib/proyecto_nodos/__init__.py -> /home/sergio/proyecto_final_ws/install/turtle_bot_nodos/lib/python3.10/site-packages/proyecto_nodos
byte-compiling /home/sergio/proyecto_final_ws/install/turtle_bot_nodos/lib/python3.10/site-packages/proyecto_nodos/robot_teleop.py to robot_teleop.cpython-310.pyc
byte-compiling /home/sergio/proyecto_final_ws/install/turtle_bot_nodos/lib/python3.10/site-packages/proyecto_nodos/__init__.py to __init__.cpython-310.pyc
running install_data
copying resource/proyecto_nodos -> /home/sergio/proyecto_final_ws/install/turtle_bot_nodos/share/ament_index/resource_index/packages
creating /home/sergio/proyecto_final_ws/install/turtle_bot_nodos/share/proyecto_nodos
copying package.xml -> /home/sergio/proyecto_final_ws/install/turtle_bot_nodos/share/proyecto_nodos
running install_egg_info
Copying ../../build/turtle_bot_nodos/proyecto_nodos.egg-info to /home/sergio/proyecto_final_ws/install/turtle_bot_nodos/lib/python3.10/site-packages/proyecto_nodos-0.0.0-py3.10.egg-info
running install_scripts
Installing robot_teleop script to /home/sergio/proyecto_final_ws/install/turtle_bot_nodos/lib/proyecto_nodos
writing list of installed files to '/home/sergio/proyecto_final_ws/build/turtle_bot_nodos/install.log'
