[0.414s] Invoking command in '/home/sergio/proyecto_final_ws/build/proyecto_interfaces': CMAKE_PREFIX_PATH=${CMAKE_PREFIX_PATH}:/home/sergio/proyecto_final_ws/install/turtle_bot_nodos:/home/sergio/proyecto_final_ws/install/proyecto_master_pkg:/opt/ros/humble COMP_WORDBREAKS=
"'><=;|&( /usr/bin/cmake --build /home/sergio/proyecto_final_ws/build/proyecto_interfaces -- -j8 -l8
[0.706s] [  1%] Built target proyecto_interfaces__cpp
[0.707s] [ 12%] Built target proyecto_interfaces__rosidl_generator_c
[0.707s] [ 12%] Built target ament_cmake_python_copy_proyecto_interfaces
[0.708s] [ 34%] Built target proyecto_interfaces__rosidl_typesupport_fastrtps_cpp
[0.708s] [ 34%] Built target proyecto_interfaces__rosidl_typesupport_introspection_cpp
[0.708s] [ 45%] Built target proyecto_interfaces__rosidl_typesupport_introspection_c
[0.708s] [ 56%] Built target proyecto_interfaces__rosidl_typesupport_cpp
[0.709s] [ 67%] Built target proyecto_interfaces__rosidl_typesupport_fastrtps_c
[0.709s] [ 78%] Built target proyecto_interfaces__rosidl_typesupport_c
[0.709s] [ 78%] Built target proyecto_interfaces
[0.709s] [ 80%] Built target proyecto_interfaces__py
[0.709s] [ 89%] Built target proyecto_interfaces__rosidl_generator_py
[0.709s] [ 92%] Built target proyecto_interfaces__rosidl_typesupport_fastrtps_c__pyext
[0.709s] [ 96%] Built target proyecto_interfaces__rosidl_typesupport_c__pyext
[0.709s] [100%] Built target proyecto_interfaces__rosidl_typesupport_introspection_c__pyext
[0.721s] running egg_info
[0.737s] writing proyecto_interfaces.egg-info/PKG-INFO
[0.738s] writing dependency_links to proyecto_interfaces.egg-info/dependency_links.txt
[0.738s] writing top-level names to proyecto_interfaces.egg-info/top_level.txt
[0.786s] reading manifest file 'proyecto_interfaces.egg-info/SOURCES.txt'
[0.786s] writing manifest file 'proyecto_interfaces.egg-info/SOURCES.txt'
[0.812s] [100%] Built target ament_cmake_python_build_proyecto_interfaces_egg
[0.923s] Invoked command in '/home/sergio/proyecto_final_ws/build/proyecto_interfaces' returned '0': CMAKE_PREFIX_PATH=${CMAKE_PREFIX_PATH}:/home/sergio/proyecto_final_ws/install/turtle_bot_nodos:/home/sergio/proyecto_final_ws/install/proyecto_master_pkg:/opt/ros/humble COMP_WORDBREAKS=
"'><=;|&( /usr/bin/cmake --build /home/sergio/proyecto_final_ws/build/proyecto_interfaces -- -j8 -l8
[1.039s] Invoking command in '/home/sergio/proyecto_final_ws/build/proyecto_interfaces': CMAKE_PREFIX_PATH=${CMAKE_PREFIX_PATH}:/home/sergio/proyecto_final_ws/install/turtle_bot_nodos:/home/sergio/proyecto_final_ws/install/proyecto_master_pkg:/opt/ros/humble COMP_WORDBREAKS=
"'><=;|&( /usr/bin/cmake --install /home/sergio/proyecto_final_ws/build/proyecto_interfaces
[1.047s] -- Install configuration: ""
[1.047s] -- Up-to-date: /home/sergio/proyecto_final_ws/install/proyecto_interfaces/share/ament_index/resource_index/rosidl_interfaces/proyecto_interfaces
[1.047s] -- Up-to-date: /home/sergio/proyecto_final_ws/install/proyecto_interfaces/include/proyecto_interfaces/proyecto_interfaces
[1.047s] -- Up-to-date: /home/sergio/proyecto_final_ws/install/proyecto_interfaces/include/proyecto_interfaces/proyecto_interfaces/msg
[1.048s] -- Up-to-date: /home/sergio/proyecto_final_ws/install/proyecto_interfaces/include/proyecto_interfaces/proyecto_interfaces/msg/rosidl_generator_c__visibility_control.h
[1.048s] -- Up-to-date: /home/sergio/proyecto_final_ws/install/proyecto_interfaces/include/proyecto_interfaces/proyecto_interfaces/msg/detail
[1.048s] -- Up-to-date: /home/sergio/proyecto_final_ws/install/proyecto_interfaces/include/proyecto_interfaces/proyecto_interfaces/msg/detail/banner__type_support.h
[1.048s] -- Up-to-date: /home/sergio/proyecto_final_ws/install/proyecto_interfaces/include/proyecto_interfaces/proyecto_interfaces/msg/detail/banner__functions.c
[1.048s] -- Up-to-date: /home/sergio/proyecto_final_ws/install/proyecto_interfaces/include/proyecto_interfaces/proyecto_interfaces/msg/detail/banner__struct.h
[1.049s] -- Up-to-date: /home/sergio/proyecto_final_ws/install/proyecto_interfaces/include/proyecto_interfaces/proyecto_interfaces/msg/detail/banner__functions.h
[1.049s] -- Up-to-date: /home/sergio/proyecto_final_ws/install/proyecto_interfaces/include/proyecto_interfaces/proyecto_interfaces/msg/banner.h
[1.049s] -- Up-to-date: /home/sergio/proyecto_final_ws/install/proyecto_interfaces/include/proyecto_interfaces/proyecto_interfaces/srv
[1.050s] -- Up-to-date: /home/sergio/proyecto_final_ws/install/proyecto_interfaces/include/proyecto_interfaces/proyecto_interfaces/srv/start_navigation_test.h
[1.050s] -- Up-to-date: /home/sergio/proyecto_final_ws/install/proyecto_interfaces/include/proyecto_interfaces/proyecto_interfaces/srv/detail
[1.050s] -- Up-to-date: /home/sergio/proyecto_final_ws/install/proyecto_interfaces/include/proyecto_interfaces/proyecto_interfaces/srv/detail/start_manipulation_test__type_support.h
[1.050s] -- Up-to-date: /home/sergio/proyecto_final_ws/install/proyecto_interfaces/include/proyecto_interfaces/proyecto_interfaces/srv/detail/start_navigation_test__functions.c
[1.051s] -- Up-to-date: /home/sergio/proyecto_final_ws/install/proyecto_interfaces/include/proyecto_interfaces/proyecto_interfaces/srv/detail/start_navigation_test__functions.h
[1.051s] -- Up-to-date: /home/sergio/proyecto_final_ws/install/proyecto_interfaces/include/proyecto_interfaces/proyecto_interfaces/srv/detail/start_perception_test__struct.h
[1.051s] -- Up-to-date: /home/sergio/proyecto_final_ws/install/proyecto_interfaces/include/proyecto_interfaces/proyecto_interfaces/srv/detail/start_perception_test__functions.h
[1.051s] -- Up-to-date: /home/sergio/proyecto_final_ws/install/proyecto_interfaces/include/proyecto_interfaces/proyecto_interfaces/srv/detail/start_manipulation_test__functions.h
[1.051s] -- Up-to-date: /home/sergio/proyecto_final_ws/install/proyecto_interfaces/include/proyecto_interfaces/proyecto_interfaces/srv/detail/start_navigation_test__struct.h
[1.051s] -- Up-to-date: /home/sergio/proyecto_final_ws/install/proyecto_interfaces/include/proyecto_interfaces/proyecto_interfaces/srv/detail/start_perception_test__functions.c
[1.052s] -- Up-to-date: /home/sergio/proyecto_final_ws/install/proyecto_interfaces/include/proyecto_interfaces/proyecto_interfaces/srv/detail/start_navigation_test__type_support.h
[1.052s] -- Up-to-date: /home/sergio/proyecto_final_ws/install/proyecto_interfaces/include/proyecto_interfaces/proyecto_interfaces/srv/detail/start_manipulation_test__struct.h
[1.052s] -- Up-to-date: /home/sergio/proyecto_final_ws/install/proyecto_interfaces/include/proyecto_interfaces/proyecto_interfaces/srv/detail/start_manipulation_test__functions.c
[1.052s] -- Up-to-date: /home/sergio/proyecto_final_ws/install/proyecto_interfaces/include/proyecto_interfaces/proyecto_interfaces/srv/detail/start_perception_test__type_support.h
[1.052s] -- Up-to-date: /home/sergio/proyecto_final_ws/install/proyecto_interfaces/include/proyecto_interfaces/proyecto_interfaces/srv/start_manipulation_test.h
[1.052s] -- Up-to-date: /home/sergio/proyecto_final_ws/install/proyecto_interfaces/include/proyecto_interfaces/proyecto_interfaces/srv/start_perception_test.h
[1.053s] -- Up-to-date: /home/sergio/proyecto_final_ws/install/proyecto_interfaces/share/proyecto_interfaces/environment/library_path.sh
[1.053s] -- Up-to-date: /home/sergio/proyecto_final_ws/install/proyecto_interfaces/share/proyecto_interfaces/environment/library_path.dsv
[1.053s] -- Up-to-date: /home/sergio/proyecto_final_ws/install/proyecto_interfaces/lib/libproyecto_interfaces__rosidl_generator_c.so
[1.053s] -- Up-to-date: /home/sergio/proyecto_final_ws/install/proyecto_interfaces/include/proyecto_interfaces/proyecto_interfaces
[1.053s] -- Up-to-date: /home/sergio/proyecto_final_ws/install/proyecto_interfaces/include/proyecto_interfaces/proyecto_interfaces/msg
[1.054s] -- Up-to-date: /home/sergio/proyecto_final_ws/install/proyecto_interfaces/include/proyecto_interfaces/proyecto_interfaces/msg/detail
[1.054s] -- Up-to-date: /home/sergio/proyecto_final_ws/install/proyecto_interfaces/include/proyecto_interfaces/proyecto_interfaces/msg/detail/banner__rosidl_typesupport_fastrtps_c.h
[1.054s] -- Up-to-date: /home/sergio/proyecto_final_ws/install/proyecto_interfaces/include/proyecto_interfaces/proyecto_interfaces/msg/rosidl_typesupport_fastrtps_c__visibility_control.h
[1.054s] -- Up-to-date: /home/sergio/proyecto_final_ws/install/proyecto_interfaces/include/proyecto_interfaces/proyecto_interfaces/srv
[1.054s] -- Up-to-date: /home/sergio/proyecto_final_ws/install/proyecto_interfaces/include/proyecto_interfaces/proyecto_interfaces/srv/detail
[1.054s] -- Up-to-date: /home/sergio/proyecto_final_ws/install/proyecto_interfaces/include/proyecto_interfaces/proyecto_interfaces/srv/detail/start_perception_test__rosidl_typesupport_fastrtps_c.h
[1.055s] -- Up-to-date: /home/sergio/proyecto_final_ws/install/proyecto_interfaces/include/proyecto_interfaces/proyecto_interfaces/srv/detail/start_manipulation_test__rosidl_typesupport_fastrtps_c.h
[1.055s] -- Up-to-date: /home/sergio/proyecto_final_ws/install/proyecto_interfaces/include/proyecto_interfaces/proyecto_interfaces/srv/detail/start_navigation_test__rosidl_typesupport_fastrtps_c.h
[1.057s] -- Up-to-date: /home/sergio/proyecto_final_ws/install/proyecto_interfaces/lib/libproyecto_interfaces__rosidl_typesupport_fastrtps_c.so
[1.057s] -- Up-to-date: /home/sergio/proyecto_final_ws/install/proyecto_interfaces/include/proyecto_interfaces/proyecto_interfaces
[1.057s] -- Up-to-date: /home/sergio/proyecto_final_ws/install/proyecto_interfaces/include/proyecto_interfaces/proyecto_interfaces/msg
[1.057s] -- Up-to-date: /home/sergio/proyecto_final_ws/install/proyecto_interfaces/include/proyecto_interfaces/proyecto_interfaces/msg/rosidl_typesupport_introspection_c__visibility_control.h
[1.058s] -- Up-to-date: /home/sergio/proyecto_final_ws/install/proyecto_interfaces/include/proyecto_interfaces/proyecto_interfaces/msg/detail
[1.058s] -- Up-to-date: /home/sergio/proyecto_final_ws/install/proyecto_interfaces/include/proyecto_interfaces/proyecto_interfaces/msg/detail/banner__type_support.c
[1.058s] -- Up-to-date: /home/sergio/proyecto_final_ws/install/proyecto_interfaces/include/proyecto_interfaces/proyecto_interfaces/msg/detail/banner__rosidl_typesupport_introspection_c.h
[1.058s] -- Up-to-date: /home/sergio/proyecto_final_ws/install/proyecto_interfaces/include/proyecto_interfaces/proyecto_interfaces/srv
[1.058s] -- Up-to-date: /home/sergio/proyecto_final_ws/install/proyecto_interfaces/include/proyecto_interfaces/proyecto_interfaces/srv/detail
[1.058s] -- Up-to-date: /home/sergio/proyecto_final_ws/install/proyecto_interfaces/include/proyecto_interfaces/proyecto_interfaces/srv/detail/start_manipulation_test__rosidl_typesupport_introspection_c.h
[1.058s] -- Up-to-date: /home/sergio/proyecto_final_ws/install/proyecto_interfaces/include/proyecto_interfaces/proyecto_interfaces/srv/detail/start_perception_test__type_support.c
[1.058s] -- Up-to-date: /home/sergio/proyecto_final_ws/install/proyecto_interfaces/include/proyecto_interfaces/proyecto_interfaces/srv/detail/start_navigation_test__rosidl_typesupport_introspection_c.h
[1.058s] -- Up-to-date: /home/sergio/proyecto_final_ws/install/proyecto_interfaces/include/proyecto_interfaces/proyecto_interfaces/srv/detail/start_manipulation_test__type_support.c
[1.059s] -- Up-to-date: /home/sergio/proyecto_final_ws/install/proyecto_interfaces/include/proyecto_interfaces/proyecto_interfaces/srv/detail/start_perception_test__rosidl_typesupport_introspection_c.h
[1.059s] -- Up-to-date: /home/sergio/proyecto_final_ws/install/proyecto_interfaces/include/proyecto_interfaces/proyecto_interfaces/srv/detail/start_navigation_test__type_support.c
[1.059s] -- Up-to-date: /home/sergio/proyecto_final_ws/install/proyecto_interfaces/lib/libproyecto_interfaces__rosidl_typesupport_introspection_c.so
[1.059s] -- Up-to-date: /home/sergio/proyecto_final_ws/install/proyecto_interfaces/lib/libproyecto_interfaces__rosidl_typesupport_c.so
[1.059s] -- Up-to-date: /home/sergio/proyecto_final_ws/install/proyecto_interfaces/include/proyecto_interfaces/proyecto_interfaces
[1.059s] -- Up-to-date: /home/sergio/proyecto_final_ws/install/proyecto_interfaces/include/proyecto_interfaces/proyecto_interfaces/msg
[1.059s] -- Up-to-date: /home/sergio/proyecto_final_ws/install/proyecto_interfaces/include/proyecto_interfaces/proyecto_interfaces/msg/banner.hpp
[1.059s] -- Up-to-date: /home/sergio/proyecto_final_ws/install/proyecto_interfaces/include/proyecto_interfaces/proyecto_interfaces/msg/detail
[1.060s] -- Up-to-date: /home/sergio/proyecto_final_ws/install/proyecto_interfaces/include/proyecto_interfaces/proyecto_interfaces/msg/detail/banner__struct.hpp
[1.060s] -- Up-to-date: /home/sergio/proyecto_final_ws/install/proyecto_interfaces/include/proyecto_interfaces/proyecto_interfaces/msg/detail/banner__builder.hpp
[1.060s] -- Up-to-date: /home/sergio/proyecto_final_ws/install/proyecto_interfaces/include/proyecto_interfaces/proyecto_interfaces/msg/detail/banner__traits.hpp
[1.060s] -- Up-to-date: /home/sergio/proyecto_final_ws/install/proyecto_interfaces/include/proyecto_interfaces/proyecto_interfaces/srv
[1.060s] -- Up-to-date: /home/sergio/proyecto_final_ws/install/proyecto_interfaces/include/proyecto_interfaces/proyecto_interfaces/srv/start_manipulation_test.hpp
[1.060s] -- Up-to-date: /home/sergio/proyecto_final_ws/install/proyecto_interfaces/include/proyecto_interfaces/proyecto_interfaces/srv/start_navigation_test.hpp
[1.060s] -- Up-to-date: /home/sergio/proyecto_final_ws/install/proyecto_interfaces/include/proyecto_interfaces/proyecto_interfaces/srv/detail
[1.060s] -- Up-to-date: /home/sergio/proyecto_final_ws/install/proyecto_interfaces/include/proyecto_interfaces/proyecto_interfaces/srv/detail/start_navigation_test__builder.hpp
[1.061s] -- Up-to-date: /home/sergio/proyecto_final_ws/install/proyecto_interfaces/include/proyecto_interfaces/proyecto_interfaces/srv/detail/start_manipulation_test__struct.hpp
[1.061s] -- Up-to-date: /home/sergio/proyecto_final_ws/install/proyecto_interfaces/include/proyecto_interfaces/proyecto_interfaces/srv/detail/start_perception_test__struct.hpp
[1.061s] -- Up-to-date: /home/sergio/proyecto_final_ws/install/proyecto_interfaces/include/proyecto_interfaces/proyecto_interfaces/srv/detail/start_perception_test__traits.hpp
[1.061s] -- Up-to-date: /home/sergio/proyecto_final_ws/install/proyecto_interfaces/include/proyecto_interfaces/proyecto_interfaces/srv/detail/start_manipulation_test__builder.hpp
[1.061s] -- Up-to-date: /home/sergio/proyecto_final_ws/install/proyecto_interfaces/include/proyecto_interfaces/proyecto_interfaces/srv/detail/start_perception_test__builder.hpp
[1.061s] -- Up-to-date: /home/sergio/proyecto_final_ws/install/proyecto_interfaces/include/proyecto_interfaces/proyecto_interfaces/srv/detail/start_navigation_test__traits.hpp
[1.061s] -- Up-to-date: /home/sergio/proyecto_final_ws/install/proyecto_interfaces/include/proyecto_interfaces/proyecto_interfaces/srv/detail/start_navigation_test__struct.hpp
[1.061s] -- Up-to-date: /home/sergio/proyecto_final_ws/install/proyecto_interfaces/include/proyecto_interfaces/proyecto_interfaces/srv/detail/start_manipulation_test__traits.hpp
[1.062s] -- Up-to-date: /home/sergio/proyecto_final_ws/install/proyecto_interfaces/include/proyecto_interfaces/proyecto_interfaces/srv/start_perception_test.hpp
[1.062s] -- Up-to-date: /home/sergio/proyecto_final_ws/install/proyecto_interfaces/include/proyecto_interfaces/proyecto_interfaces
[1.062s] -- Up-to-date: /home/sergio/proyecto_final_ws/install/proyecto_interfaces/include/proyecto_interfaces/proyecto_interfaces/msg
[1.062s] -- Up-to-date: /home/sergio/proyecto_final_ws/install/proyecto_interfaces/include/proyecto_interfaces/proyecto_interfaces/msg/detail
[1.062s] -- Up-to-date: /home/sergio/proyecto_final_ws/install/proyecto_interfaces/include/proyecto_interfaces/proyecto_interfaces/msg/detail/banner__rosidl_typesupport_fastrtps_cpp.hpp
[1.062s] -- Up-to-date: /home/sergio/proyecto_final_ws/install/proyecto_interfaces/include/proyecto_interfaces/proyecto_interfaces/msg/detail/dds_fastrtps
[1.062s] -- Up-to-date: /home/sergio/proyecto_final_ws/install/proyecto_interfaces/include/proyecto_interfaces/proyecto_interfaces/msg/rosidl_typesupport_fastrtps_cpp__visibility_control.h
[1.063s] -- Up-to-date: /home/sergio/proyecto_final_ws/install/proyecto_interfaces/include/proyecto_interfaces/proyecto_interfaces/srv
[1.063s] -- Up-to-date: /home/sergio/proyecto_final_ws/install/proyecto_interfaces/include/proyecto_interfaces/proyecto_interfaces/srv/detail
[1.063s] -- Up-to-date: /home/sergio/proyecto_final_ws/install/proyecto_interfaces/include/proyecto_interfaces/proyecto_interfaces/srv/detail/dds_fastrtps
[1.063s] -- Up-to-date: /home/sergio/proyecto_final_ws/install/proyecto_interfaces/include/proyecto_interfaces/proyecto_interfaces/srv/detail/start_perception_test__rosidl_typesupport_fastrtps_cpp.hpp
[1.063s] -- Up-to-date: /home/sergio/proyecto_final_ws/install/proyecto_interfaces/include/proyecto_interfaces/proyecto_interfaces/srv/detail/start_manipulation_test__rosidl_typesupport_fastrtps_cpp.hpp
[1.063s] -- Up-to-date: /home/sergio/proyecto_final_ws/install/proyecto_interfaces/include/proyecto_interfaces/proyecto_interfaces/srv/detail/start_navigation_test__rosidl_typesupport_fastrtps_cpp.hpp
[1.063s] -- Up-to-date: /home/sergio/proyecto_final_ws/install/proyecto_interfaces/lib/libproyecto_interfaces__rosidl_typesupport_fastrtps_cpp.so
[1.063s] -- Up-to-date: /home/sergio/proyecto_final_ws/install/proyecto_interfaces/include/proyecto_interfaces/proyecto_interfaces
[1.063s] -- Up-to-date: /home/sergio/proyecto_final_ws/install/proyecto_interfaces/include/proyecto_interfaces/proyecto_interfaces/msg
[1.063s] -- Up-to-date: /home/sergio/proyecto_final_ws/install/proyecto_interfaces/include/proyecto_interfaces/proyecto_interfaces/msg/detail
[1.064s] -- Up-to-date: /home/sergio/proyecto_final_ws/install/proyecto_interfaces/include/proyecto_interfaces/proyecto_interfaces/msg/detail/banner__rosidl_typesupport_introspection_cpp.hpp
[1.064s] -- Up-to-date: /home/sergio/proyecto_final_ws/install/proyecto_interfaces/include/proyecto_interfaces/proyecto_interfaces/msg/detail/banner__type_support.cpp
[1.064s] -- Up-to-date: /home/sergio/proyecto_final_ws/install/proyecto_interfaces/include/proyecto_interfaces/proyecto_interfaces/srv
[1.064s] -- Up-to-date: /home/sergio/proyecto_final_ws/install/proyecto_interfaces/include/proyecto_interfaces/proyecto_interfaces/srv/detail
[1.064s] -- Up-to-date: /home/sergio/proyecto_final_ws/install/proyecto_interfaces/include/proyecto_interfaces/proyecto_interfaces/srv/detail/start_navigation_test__type_support.cpp
[1.064s] -- Up-to-date: /home/sergio/proyecto_final_ws/install/proyecto_interfaces/include/proyecto_interfaces/proyecto_interfaces/srv/detail/start_manipulation_test__rosidl_typesupport_introspection_cpp.hpp
[1.064s] -- Up-to-date: /home/sergio/proyecto_final_ws/install/proyecto_interfaces/include/proyecto_interfaces/proyecto_interfaces/srv/detail/start_manipulation_test__type_support.cpp
[1.064s] -- Up-to-date: /home/sergio/proyecto_final_ws/install/proyecto_interfaces/include/proyecto_interfaces/proyecto_interfaces/srv/detail/start_perception_test__type_support.cpp
[1.064s] -- Up-to-date: /home/sergio/proyecto_final_ws/install/proyecto_interfaces/include/proyecto_interfaces/proyecto_interfaces/srv/detail/start_navigation_test__rosidl_typesupport_introspection_cpp.hpp
[1.064s] -- Up-to-date: /home/sergio/proyecto_final_ws/install/proyecto_interfaces/include/proyecto_interfaces/proyecto_interfaces/srv/detail/start_perception_test__rosidl_typesupport_introspection_cpp.hpp
[1.064s] -- Up-to-date: /home/sergio/proyecto_final_ws/install/proyecto_interfaces/lib/libproyecto_interfaces__rosidl_typesupport_introspection_cpp.so
[1.064s] -- Up-to-date: /home/sergio/proyecto_final_ws/install/proyecto_interfaces/lib/libproyecto_interfaces__rosidl_typesupport_cpp.so
[1.064s] -- Up-to-date: /home/sergio/proyecto_final_ws/install/proyecto_interfaces/share/proyecto_interfaces/environment/pythonpath.sh
[1.064s] -- Up-to-date: /home/sergio/proyecto_final_ws/install/proyecto_interfaces/share/proyecto_interfaces/environment/pythonpath.dsv
[1.065s] -- Up-to-date: /home/sergio/proyecto_final_ws/install/proyecto_interfaces/local/lib/python3.10/dist-packages/proyecto_interfaces-0.0.0-py3.10.egg-info
[1.065s] -- Installing: /home/sergio/proyecto_final_ws/install/proyecto_interfaces/local/lib/python3.10/dist-packages/proyecto_interfaces-0.0.0-py3.10.egg-info/SOURCES.txt
[1.065s] -- Installing: /home/sergio/proyecto_final_ws/install/proyecto_interfaces/local/lib/python3.10/dist-packages/proyecto_interfaces-0.0.0-py3.10.egg-info/top_level.txt
[1.065s] -- Installing: /home/sergio/proyecto_final_ws/install/proyecto_interfaces/local/lib/python3.10/dist-packages/proyecto_interfaces-0.0.0-py3.10.egg-info/PKG-INFO
[1.065s] -- Installing: /home/sergio/proyecto_final_ws/install/proyecto_interfaces/local/lib/python3.10/dist-packages/proyecto_interfaces-0.0.0-py3.10.egg-info/dependency_links.txt
[1.065s] -- Up-to-date: /home/sergio/proyecto_final_ws/install/proyecto_interfaces/local/lib/python3.10/dist-packages/proyecto_interfaces
[1.065s] -- Up-to-date: /home/sergio/proyecto_final_ws/install/proyecto_interfaces/local/lib/python3.10/dist-packages/proyecto_interfaces/msg
[1.065s] -- Up-to-date: /home/sergio/proyecto_final_ws/install/proyecto_interfaces/local/lib/python3.10/dist-packages/proyecto_interfaces/msg/__init__.py
[1.065s] -- Up-to-date: /home/sergio/proyecto_final_ws/install/proyecto_interfaces/local/lib/python3.10/dist-packages/proyecto_interfaces/msg/_banner.py
[1.065s] -- Up-to-date: /home/sergio/proyecto_final_ws/install/proyecto_interfaces/local/lib/python3.10/dist-packages/proyecto_interfaces/msg/_banner_s.c
[1.065s] -- Up-to-date: /home/sergio/proyecto_final_ws/install/proyecto_interfaces/local/lib/python3.10/dist-packages/proyecto_interfaces/_proyecto_interfaces_s.ep.rosidl_typesupport_c.c
[1.065s] -- Up-to-date: /home/sergio/proyecto_final_ws/install/proyecto_interfaces/local/lib/python3.10/dist-packages/proyecto_interfaces/proyecto_interfaces_s__rosidl_typesupport_c.cpython-310-x86_64-linux-gnu.so
[1.066s] -- Up-to-date: /home/sergio/proyecto_final_ws/install/proyecto_interfaces/local/lib/python3.10/dist-packages/proyecto_interfaces/proyecto_interfaces_s__rosidl_typesupport_introspection_c.cpython-310-x86_64-linux-gnu.so
[1.066s] -- Up-to-date: /home/sergio/proyecto_final_ws/install/proyecto_interfaces/local/lib/python3.10/dist-packages/proyecto_interfaces/proyecto_interfaces_s__rosidl_typesupport_fastrtps_c.cpython-310-x86_64-linux-gnu.so
[1.066s] -- Up-to-date: /home/sergio/proyecto_final_ws/install/proyecto_interfaces/local/lib/python3.10/dist-packages/proyecto_interfaces/_proyecto_interfaces_s.ep.rosidl_typesupport_introspection_c.c
[1.066s] -- Up-to-date: /home/sergio/proyecto_final_ws/install/proyecto_interfaces/local/lib/python3.10/dist-packages/proyecto_interfaces/_proyecto_interfaces_s.ep.rosidl_typesupport_fastrtps_c.c
[1.066s] -- Up-to-date: /home/sergio/proyecto_final_ws/install/proyecto_interfaces/local/lib/python3.10/dist-packages/proyecto_interfaces/__init__.py
[1.066s] -- Up-to-date: /home/sergio/proyecto_final_ws/install/proyecto_interfaces/local/lib/python3.10/dist-packages/proyecto_interfaces/srv
[1.066s] -- Up-to-date: /home/sergio/proyecto_final_ws/install/proyecto_interfaces/local/lib/python3.10/dist-packages/proyecto_interfaces/srv/_start_manipulation_test_s.c
[1.066s] -- Up-to-date: /home/sergio/proyecto_final_ws/install/proyecto_interfaces/local/lib/python3.10/dist-packages/proyecto_interfaces/srv/__init__.py
[1.066s] -- Up-to-date: /home/sergio/proyecto_final_ws/install/proyecto_interfaces/local/lib/python3.10/dist-packages/proyecto_interfaces/srv/_start_manipulation_test.py
[1.066s] -- Up-to-date: /home/sergio/proyecto_final_ws/install/proyecto_interfaces/local/lib/python3.10/dist-packages/proyecto_interfaces/srv/_start_perception_test_s.c
[1.066s] -- Up-to-date: /home/sergio/proyecto_final_ws/install/proyecto_interfaces/local/lib/python3.10/dist-packages/proyecto_interfaces/srv/_start_perception_test.py
[1.066s] -- Up-to-date: /home/sergio/proyecto_final_ws/install/proyecto_interfaces/local/lib/python3.10/dist-packages/proyecto_interfaces/srv/_start_navigation_test.py
[1.066s] -- Up-to-date: /home/sergio/proyecto_final_ws/install/proyecto_interfaces/local/lib/python3.10/dist-packages/proyecto_interfaces/srv/_start_navigation_test_s.c
[1.067s] -- Up-to-date: /home/sergio/proyecto_final_ws/install/proyecto_interfaces/local/lib/python3.10/dist-packages/proyecto_interfaces/libproyecto_interfaces__rosidl_generator_py.so
[1.095s] Listing '/home/sergio/proyecto_final_ws/install/proyecto_interfaces/local/lib/python3.10/dist-packages/proyecto_interfaces'...
[1.095s] Listing '/home/sergio/proyecto_final_ws/install/proyecto_interfaces/local/lib/python3.10/dist-packages/proyecto_interfaces/msg'...
[1.095s] Listing '/home/sergio/proyecto_final_ws/install/proyecto_interfaces/local/lib/python3.10/dist-packages/proyecto_interfaces/srv'...
[1.100s] -- Up-to-date: /home/sergio/proyecto_final_ws/install/proyecto_interfaces/local/lib/python3.10/dist-packages/proyecto_interfaces/proyecto_interfaces_s__rosidl_typesupport_fastrtps_c.cpython-310-x86_64-linux-gnu.so
[1.100s] -- Up-to-date: /home/sergio/proyecto_final_ws/install/proyecto_interfaces/local/lib/python3.10/dist-packages/proyecto_interfaces/proyecto_interfaces_s__rosidl_typesupport_introspection_c.cpython-310-x86_64-linux-gnu.so
[1.101s] -- Up-to-date: /home/sergio/proyecto_final_ws/install/proyecto_interfaces/local/lib/python3.10/dist-packages/proyecto_interfaces/proyecto_interfaces_s__rosidl_typesupport_c.cpython-310-x86_64-linux-gnu.so
[1.102s] -- Up-to-date: /home/sergio/proyecto_final_ws/install/proyecto_interfaces/lib/libproyecto_interfaces__rosidl_generator_py.so
[1.102s] -- Up-to-date: /home/sergio/proyecto_final_ws/install/proyecto_interfaces/share/proyecto_interfaces/msg/Banner.idl
[1.102s] -- Up-to-date: /home/sergio/proyecto_final_ws/install/proyecto_interfaces/share/proyecto_interfaces/srv/StartNavigationTest.idl
[1.102s] -- Up-to-date: /home/sergio/proyecto_final_ws/install/proyecto_interfaces/share/proyecto_interfaces/srv/StartPerceptionTest.idl
[1.102s] -- Up-to-date: /home/sergio/proyecto_final_ws/install/proyecto_interfaces/share/proyecto_interfaces/srv/StartManipulationTest.idl
[1.102s] -- Up-to-date: /home/sergio/proyecto_final_ws/install/proyecto_interfaces/share/proyecto_interfaces/msg/Banner.msg
[1.103s] -- Up-to-date: /home/sergio/proyecto_final_ws/install/proyecto_interfaces/share/proyecto_interfaces/srv/StartNavigationTest.srv
[1.103s] -- Up-to-date: /home/sergio/proyecto_final_ws/install/proyecto_interfaces/share/proyecto_interfaces/srv/StartNavigationTest_Request.msg
[1.103s] -- Up-to-date: /home/sergio/proyecto_final_ws/install/proyecto_interfaces/share/proyecto_interfaces/srv/StartNavigationTest_Response.msg
[1.103s] -- Up-to-date: /home/sergio/proyecto_final_ws/install/proyecto_interfaces/share/proyecto_interfaces/srv/StartPerceptionTest.srv
[1.103s] -- Up-to-date: /home/sergio/proyecto_final_ws/install/proyecto_interfaces/share/proyecto_interfaces/srv/StartPerceptionTest_Request.msg
[1.103s] -- Up-to-date: /home/sergio/proyecto_final_ws/install/proyecto_interfaces/share/proyecto_interfaces/srv/StartPerceptionTest_Response.msg
[1.103s] -- Up-to-date: /home/sergio/proyecto_final_ws/install/proyecto_interfaces/share/proyecto_interfaces/srv/StartManipulationTest.srv
[1.104s] -- Up-to-date: /home/sergio/proyecto_final_ws/install/proyecto_interfaces/share/proyecto_interfaces/srv/StartManipulationTest_Request.msg
[1.104s] -- Up-to-date: /home/sergio/proyecto_final_ws/install/proyecto_interfaces/share/proyecto_interfaces/srv/StartManipulationTest_Response.msg
[1.104s] -- Up-to-date: /home/sergio/proyecto_final_ws/install/proyecto_interfaces/share/ament_index/resource_index/package_run_dependencies/proyecto_interfaces
[1.104s] -- Up-to-date: /home/sergio/proyecto_final_ws/install/proyecto_interfaces/share/ament_index/resource_index/parent_prefix_path/proyecto_interfaces
[1.104s] -- Up-to-date: /home/sergio/proyecto_final_ws/install/proyecto_interfaces/share/proyecto_interfaces/environment/ament_prefix_path.sh
[1.104s] -- Up-to-date: /home/sergio/proyecto_final_ws/install/proyecto_interfaces/share/proyecto_interfaces/environment/ament_prefix_path.dsv
[1.104s] -- Up-to-date: /home/sergio/proyecto_final_ws/install/proyecto_interfaces/share/proyecto_interfaces/environment/path.sh
[1.104s] -- Up-to-date: /home/sergio/proyecto_final_ws/install/proyecto_interfaces/share/proyecto_interfaces/environment/path.dsv
[1.104s] -- Up-to-date: /home/sergio/proyecto_final_ws/install/proyecto_interfaces/share/proyecto_interfaces/local_setup.bash
[1.105s] -- Up-to-date: /home/sergio/proyecto_final_ws/install/proyecto_interfaces/share/proyecto_interfaces/local_setup.sh
[1.105s] -- Up-to-date: /home/sergio/proyecto_final_ws/install/proyecto_interfaces/share/proyecto_interfaces/local_setup.zsh
[1.105s] -- Up-to-date: /home/sergio/proyecto_final_ws/install/proyecto_interfaces/share/proyecto_interfaces/local_setup.dsv
[1.105s] -- Installing: /home/sergio/proyecto_final_ws/install/proyecto_interfaces/share/proyecto_interfaces/package.dsv
[1.105s] -- Up-to-date: /home/sergio/proyecto_final_ws/install/proyecto_interfaces/share/ament_index/resource_index/packages/proyecto_interfaces
[1.105s] -- Up-to-date: /home/sergio/proyecto_final_ws/install/proyecto_interfaces/share/proyecto_interfaces/cmake/export_proyecto_interfaces__rosidl_generator_cExport.cmake
[1.105s] -- Up-to-date: /home/sergio/proyecto_final_ws/install/proyecto_interfaces/share/proyecto_interfaces/cmake/export_proyecto_interfaces__rosidl_generator_cExport-noconfig.cmake
[1.105s] -- Up-to-date: /home/sergio/proyecto_final_ws/install/proyecto_interfaces/share/proyecto_interfaces/cmake/export_proyecto_interfaces__rosidl_typesupport_fastrtps_cExport.cmake
[1.106s] -- Up-to-date: /home/sergio/proyecto_final_ws/install/proyecto_interfaces/share/proyecto_interfaces/cmake/export_proyecto_interfaces__rosidl_typesupport_fastrtps_cExport-noconfig.cmake
[1.106s] -- Up-to-date: /home/sergio/proyecto_final_ws/install/proyecto_interfaces/share/proyecto_interfaces/cmake/proyecto_interfaces__rosidl_typesupport_introspection_cExport.cmake
[1.106s] -- Up-to-date: /home/sergio/proyecto_final_ws/install/proyecto_interfaces/share/proyecto_interfaces/cmake/proyecto_interfaces__rosidl_typesupport_introspection_cExport-noconfig.cmake
[1.106s] -- Up-to-date: /home/sergio/proyecto_final_ws/install/proyecto_interfaces/share/proyecto_interfaces/cmake/proyecto_interfaces__rosidl_typesupport_cExport.cmake
[1.106s] -- Up-to-date: /home/sergio/proyecto_final_ws/install/proyecto_interfaces/share/proyecto_interfaces/cmake/proyecto_interfaces__rosidl_typesupport_cExport-noconfig.cmake
[1.106s] -- Up-to-date: /home/sergio/proyecto_final_ws/install/proyecto_interfaces/share/proyecto_interfaces/cmake/export_proyecto_interfaces__rosidl_generator_cppExport.cmake
[1.106s] -- Up-to-date: /home/sergio/proyecto_final_ws/install/proyecto_interfaces/share/proyecto_interfaces/cmake/export_proyecto_interfaces__rosidl_typesupport_fastrtps_cppExport.cmake
[1.106s] -- Up-to-date: /home/sergio/proyecto_final_ws/install/proyecto_interfaces/share/proyecto_interfaces/cmake/export_proyecto_interfaces__rosidl_typesupport_fastrtps_cppExport-noconfig.cmake
[1.107s] -- Up-to-date: /home/sergio/proyecto_final_ws/install/proyecto_interfaces/share/proyecto_interfaces/cmake/proyecto_interfaces__rosidl_typesupport_introspection_cppExport.cmake
[1.107s] -- Up-to-date: /home/sergio/proyecto_final_ws/install/proyecto_interfaces/share/proyecto_interfaces/cmake/proyecto_interfaces__rosidl_typesupport_introspection_cppExport-noconfig.cmake
[1.107s] -- Up-to-date: /home/sergio/proyecto_final_ws/install/proyecto_interfaces/share/proyecto_interfaces/cmake/proyecto_interfaces__rosidl_typesupport_cppExport.cmake
[1.107s] -- Up-to-date: /home/sergio/proyecto_final_ws/install/proyecto_interfaces/share/proyecto_interfaces/cmake/proyecto_interfaces__rosidl_typesupport_cppExport-noconfig.cmake
[1.107s] -- Up-to-date: /home/sergio/proyecto_final_ws/install/proyecto_interfaces/share/proyecto_interfaces/cmake/export_proyecto_interfaces__rosidl_generator_pyExport.cmake
[1.107s] -- Up-to-date: /home/sergio/proyecto_final_ws/install/proyecto_interfaces/share/proyecto_interfaces/cmake/export_proyecto_interfaces__rosidl_generator_pyExport-noconfig.cmake
[1.107s] -- Up-to-date: /home/sergio/proyecto_final_ws/install/proyecto_interfaces/share/proyecto_interfaces/cmake/rosidl_cmake-extras.cmake
[1.107s] -- Up-to-date: /home/sergio/proyecto_final_ws/install/proyecto_interfaces/share/proyecto_interfaces/cmake/ament_cmake_export_include_directories-extras.cmake
[1.108s] -- Up-to-date: /home/sergio/proyecto_final_ws/install/proyecto_interfaces/share/proyecto_interfaces/cmake/ament_cmake_export_libraries-extras.cmake
[1.108s] -- Up-to-date: /home/sergio/proyecto_final_ws/install/proyecto_interfaces/share/proyecto_interfaces/cmake/ament_cmake_export_targets-extras.cmake
[1.108s] -- Up-to-date: /home/sergio/proyecto_final_ws/install/proyecto_interfaces/share/proyecto_interfaces/cmake/rosidl_cmake_export_typesupport_targets-extras.cmake
[1.108s] -- Up-to-date: /home/sergio/proyecto_final_ws/install/proyecto_interfaces/share/proyecto_interfaces/cmake/ament_cmake_export_dependencies-extras.cmake
[1.108s] -- Up-to-date: /home/sergio/proyecto_final_ws/install/proyecto_interfaces/share/proyecto_interfaces/cmake/rosidl_cmake_export_typesupport_libraries-extras.cmake
[1.108s] -- Up-to-date: /home/sergio/proyecto_final_ws/install/proyecto_interfaces/share/proyecto_interfaces/cmake/proyecto_interfacesConfig.cmake
[1.108s] -- Up-to-date: /home/sergio/proyecto_final_ws/install/proyecto_interfaces/share/proyecto_interfaces/cmake/proyecto_interfacesConfig-version.cmake
[1.108s] -- Up-to-date: /home/sergio/proyecto_final_ws/install/proyecto_interfaces/share/proyecto_interfaces/package.xml
[1.111s] Invoked command in '/home/sergio/proyecto_final_ws/build/proyecto_interfaces' returned '0': CMAKE_PREFIX_PATH=${CMAKE_PREFIX_PATH}:/home/sergio/proyecto_final_ws/install/turtle_bot_nodos:/home/sergio/proyecto_final_ws/install/proyecto_master_pkg:/opt/ros/humble COMP_WORDBREAKS=
"'><=;|&( /usr/bin/cmake --install /home/sergio/proyecto_final_ws/build/proyecto_interfaces
