[0.727s] Invoking command in '/home/sergio/proyecto_final_ws/src/proyecto_nodos': COMP_WORDBREAKS=
"'><=;|&( PYTHONPATH=/home/sergio/proyecto_final_ws/src/proyecto_nodos/build/turtle_bot_nodos/prefix_override:/home/sergio/proyecto_final_ws/src/proyecto_nodos/install/turtle_bot_nodos/lib/python3.10/site-packages:${PYTHONPATH} /usr/bin/python3 setup.py egg_info --egg-base build/turtle_bot_nodos build --build-base /home/sergio/proyecto_final_ws/src/proyecto_nodos/build/turtle_bot_nodos/build install --record /home/sergio/proyecto_final_ws/src/proyecto_nodos/build/turtle_bot_nodos/install.log --single-version-externally-managed
[0.931s] running egg_info
[0.932s] creating build/turtle_bot_nodos/proyecto_nodos.egg-info
[0.947s] writing build/turtle_bot_nodos/proyecto_nodos.egg-info/PKG-INFO
[0.947s] writing dependency_links to build/turtle_bot_nodos/proyecto_nodos.egg-info/dependency_links.txt
[0.948s] writing entry points to build/turtle_bot_nodos/proyecto_nodos.egg-info/entry_points.txt
[0.948s] writing requirements to build/turtle_bot_nodos/proyecto_nodos.egg-info/requires.txt
[0.948s] writing top-level names to build/turtle_bot_nodos/proyecto_nodos.egg-info/top_level.txt
[0.948s] writing manifest file 'build/turtle_bot_nodos/proyecto_nodos.egg-info/SOURCES.txt'
[0.979s] reading manifest file 'build/turtle_bot_nodos/proyecto_nodos.egg-info/SOURCES.txt'
[0.979s] writing manifest file 'build/turtle_bot_nodos/proyecto_nodos.egg-info/SOURCES.txt'
[0.979s] running build
[0.980s] running build_py
[0.980s] creating /home/sergio/proyecto_final_ws/src/proyecto_nodos/build/turtle_bot_nodos/build
[0.980s] creating /home/sergio/proyecto_final_ws/src/proyecto_nodos/build/turtle_bot_nodos/build/lib
[0.980s] creating /home/sergio/proyecto_final_ws/src/proyecto_nodos/build/turtle_bot_nodos/build/lib/proyecto_nodos
[0.980s] copying proyecto_nodos/robot_teleop.py -> /home/sergio/proyecto_final_ws/src/proyecto_nodos/build/turtle_bot_nodos/build/lib/proyecto_nodos
[0.980s] copying proyecto_nodos/__init__.py -> /home/sergio/proyecto_final_ws/src/proyecto_nodos/build/turtle_bot_nodos/build/lib/proyecto_nodos
[0.980s] running install
[0.981s] /home/sergio/.local/lib/python3.10/site-packages/setuptools/command/install.py:34: SetuptoolsDeprecationWarning: setup.py install is deprecated. Use build and pip and other standards-based tools.
[0.981s]   warnings.warn(
[0.985s] running install_lib
[1.002s] creating /home/sergio/proyecto_final_ws/src/proyecto_nodos/install/turtle_bot_nodos/lib/python3.10/site-packages/proyecto_nodos
[1.003s] copying /home/sergio/proyecto_final_ws/src/proyecto_nodos/build/turtle_bot_nodos/build/lib/proyecto_nodos/robot_teleop.py -> /home/sergio/proyecto_final_ws/src/proyecto_nodos/install/turtle_bot_nodos/lib/python3.10/site-packages/proyecto_nodos
[1.003s] copying /home/sergio/proyecto_final_ws/src/proyecto_nodos/build/turtle_bot_nodos/build/lib/proyecto_nodos/__init__.py -> /home/sergio/proyecto_final_ws/src/proyecto_nodos/install/turtle_bot_nodos/lib/python3.10/site-packages/proyecto_nodos
[1.003s] byte-compiling /home/sergio/proyecto_final_ws/src/proyecto_nodos/install/turtle_bot_nodos/lib/python3.10/site-packages/proyecto_nodos/robot_teleop.py to robot_teleop.cpython-310.pyc
[1.004s] byte-compiling /home/sergio/proyecto_final_ws/src/proyecto_nodos/install/turtle_bot_nodos/lib/python3.10/site-packages/proyecto_nodos/__init__.py to __init__.cpython-310.pyc
[1.004s] running install_data
[1.020s] copying resource/proyecto_nodos -> /home/sergio/proyecto_final_ws/src/proyecto_nodos/install/turtle_bot_nodos/share/ament_index/resource_index/packages
[1.020s] creating /home/sergio/proyecto_final_ws/src/proyecto_nodos/install/turtle_bot_nodos/share/proyecto_nodos
[1.020s] copying package.xml -> /home/sergio/proyecto_final_ws/src/proyecto_nodos/install/turtle_bot_nodos/share/proyecto_nodos
[1.021s] running install_egg_info
[1.038s] Copying build/turtle_bot_nodos/proyecto_nodos.egg-info to /home/sergio/proyecto_final_ws/src/proyecto_nodos/install/turtle_bot_nodos/lib/python3.10/site-packages/proyecto_nodos-0.0.0-py3.10.egg-info
[1.039s] running install_scripts
[1.224s] Installing robot_teleop script to /home/sergio/proyecto_final_ws/src/proyecto_nodos/install/turtle_bot_nodos/lib/proyecto_nodos
[1.224s] writing list of installed files to '/home/sergio/proyecto_final_ws/src/proyecto_nodos/build/turtle_bot_nodos/install.log'
[1.260s] Invoked command in '/home/sergio/proyecto_final_ws/src/proyecto_nodos' returned '0': COMP_WORDBREAKS=
"'><=;|&( PYTHONPATH=/home/sergio/proyecto_final_ws/src/proyecto_nodos/build/turtle_bot_nodos/prefix_override:/home/sergio/proyecto_final_ws/src/proyecto_nodos/install/turtle_bot_nodos/lib/python3.10/site-packages:${PYTHONPATH} /usr/bin/python3 setup.py egg_info --egg-base build/turtle_bot_nodos build --build-base /home/sergio/proyecto_final_ws/src/proyecto_nodos/build/turtle_bot_nodos/build install --record /home/sergio/proyecto_final_ws/src/proyecto_nodos/build/turtle_bot_nodos/install.log --single-version-externally-managed
