[1.202s] Invoking command in '/home/sergio/proyecto_final_ws/src/proyecto_nodos': COMP_WORDBREAKS=
"'><=;|&( PYTHONPATH=/home/sergio/proyecto_final_ws/build/turtle_bot_nodos/prefix_override:/home/sergio/proyecto_final_ws/install/turtle_bot_nodos/lib/python3.10/site-packages:${PYTHONPATH} /usr/bin/python3 setup.py egg_info --egg-base ../../build/turtle_bot_nodos build --build-base /home/sergio/proyecto_final_ws/build/turtle_bot_nodos/build install --record /home/sergio/proyecto_final_ws/build/turtle_bot_nodos/install.log --single-version-externally-managed
[1.498s] running egg_info
[1.499s] writing ../../build/turtle_bot_nodos/proyecto_nodos.egg-info/PKG-INFO
[1.499s] writing dependency_links to ../../build/turtle_bot_nodos/proyecto_nodos.egg-info/dependency_links.txt
[1.500s] writing entry points to ../../build/turtle_bot_nodos/proyecto_nodos.egg-info/entry_points.txt
[1.500s] writing requirements to ../../build/turtle_bot_nodos/proyecto_nodos.egg-info/requires.txt
[1.500s] writing top-level names to ../../build/turtle_bot_nodos/proyecto_nodos.egg-info/top_level.txt
[1.502s] reading manifest file '../../build/turtle_bot_nodos/proyecto_nodos.egg-info/SOURCES.txt'
[1.503s] writing manifest file '../../build/turtle_bot_nodos/proyecto_nodos.egg-info/SOURCES.txt'
[1.503s] running build
[1.503s] running build_py
[1.504s] running install
[1.504s] running install_lib
[1.505s] running install_data
[1.506s] running install_egg_info
[1.508s] removing '/home/sergio/proyecto_final_ws/install/turtle_bot_nodos/lib/python3.10/site-packages/proyecto_nodos-0.0.0-py3.10.egg-info' (and everything under it)
[1.508s] Copying ../../build/turtle_bot_nodos/proyecto_nodos.egg-info to /home/sergio/proyecto_final_ws/install/turtle_bot_nodos/lib/python3.10/site-packages/proyecto_nodos-0.0.0-py3.10.egg-info
[1.510s] running install_scripts
[1.534s] Installing robot_teleop script to /home/sergio/proyecto_final_ws/install/turtle_bot_nodos/lib/proyecto_nodos
[1.534s] writing list of installed files to '/home/sergio/proyecto_final_ws/build/turtle_bot_nodos/install.log'
[1.567s] Invoked command in '/home/sergio/proyecto_final_ws/src/proyecto_nodos' returned '0': COMP_WORDBREAKS=
"'><=;|&( PYTHONPATH=/home/sergio/proyecto_final_ws/build/turtle_bot_nodos/prefix_override:/home/sergio/proyecto_final_ws/install/turtle_bot_nodos/lib/python3.10/site-packages:${PYTHONPATH} /usr/bin/python3 setup.py egg_info --egg-base ../../build/turtle_bot_nodos build --build-base /home/sergio/proyecto_final_ws/build/turtle_bot_nodos/build install --record /home/sergio/proyecto_final_ws/build/turtle_bot_nodos/install.log --single-version-externally-managed
