[0.743s] Invoking command in '/home/sergio/proyecto_final_ws/src/proyecto_master_pkg': COMP_WORDBREAKS=
"'><=;|&( PYTHONPATH=/home/sergio/proyecto_final_ws/build/proyecto_master_pkg/prefix_override:/home/sergio/proyecto_final_ws/install/proyecto_master_pkg/lib/python3.10/site-packages:${PYTHONPATH} /usr/bin/python3 setup.py egg_info --egg-base ../../build/proyecto_master_pkg build --build-base /home/sergio/proyecto_final_ws/build/proyecto_master_pkg/build install --record /home/sergio/proyecto_final_ws/build/proyecto_master_pkg/install.log --install-scripts $base/lib/proyecto_master_pkg --single-version-externally-managed
[0.861s] /home/sergio/.local/lib/python3.10/site-packages/setuptools/dist.py:788: UserWarning: Usage of dash-separated 'script-dir' will not be supported in future versions. Please use the underscore name 'script_dir' instead
[0.861s]   warnings.warn(
[0.955s] running egg_info
[0.956s] creating ../../build/proyecto_master_pkg/proyecto_master_pkg.egg-info
[0.971s] writing ../../build/proyecto_master_pkg/proyecto_master_pkg.egg-info/PKG-INFO
[0.971s] writing dependency_links to ../../build/proyecto_master_pkg/proyecto_master_pkg.egg-info/dependency_links.txt
[0.971s] writing entry points to ../../build/proyecto_master_pkg/proyecto_master_pkg.egg-info/entry_points.txt
[0.971s] writing requirements to ../../build/proyecto_master_pkg/proyecto_master_pkg.egg-info/requires.txt
[0.971s] writing top-level names to ../../build/proyecto_master_pkg/proyecto_master_pkg.egg-info/top_level.txt
[0.972s] writing manifest file '../../build/proyecto_master_pkg/proyecto_master_pkg.egg-info/SOURCES.txt'
[1.003s] reading manifest file '../../build/proyecto_master_pkg/proyecto_master_pkg.egg-info/SOURCES.txt'
[1.003s] writing manifest file '../../build/proyecto_master_pkg/proyecto_master_pkg.egg-info/SOURCES.txt'
[1.003s] running build
[1.004s] running build_py
[1.004s] creating /home/sergio/proyecto_final_ws/build/proyecto_master_pkg/build
[1.004s] creating /home/sergio/proyecto_final_ws/build/proyecto_master_pkg/build/lib
[1.004s] creating /home/sergio/proyecto_final_ws/build/proyecto_master_pkg/build/lib/proyecto_master_pkg
[1.004s] copying proyecto_master_pkg/master.py -> /home/sergio/proyecto_final_ws/build/proyecto_master_pkg/build/lib/proyecto_master_pkg
[1.004s] copying proyecto_master_pkg/__init__.py -> /home/sergio/proyecto_final_ws/build/proyecto_master_pkg/build/lib/proyecto_master_pkg
[1.004s] running install
[1.005s] /home/sergio/.local/lib/python3.10/site-packages/setuptools/command/install.py:34: SetuptoolsDeprecationWarning: setup.py install is deprecated. Use build and pip and other standards-based tools.
[1.005s]   warnings.warn(
[1.009s] running install_lib
[1.025s] creating /home/sergio/proyecto_final_ws/install/proyecto_master_pkg/lib/python3.10/site-packages/proyecto_master_pkg
[1.025s] copying /home/sergio/proyecto_final_ws/build/proyecto_master_pkg/build/lib/proyecto_master_pkg/master.py -> /home/sergio/proyecto_final_ws/install/proyecto_master_pkg/lib/python3.10/site-packages/proyecto_master_pkg
[1.026s] copying /home/sergio/proyecto_final_ws/build/proyecto_master_pkg/build/lib/proyecto_master_pkg/__init__.py -> /home/sergio/proyecto_final_ws/install/proyecto_master_pkg/lib/python3.10/site-packages/proyecto_master_pkg
[1.026s] byte-compiling /home/sergio/proyecto_final_ws/install/proyecto_master_pkg/lib/python3.10/site-packages/proyecto_master_pkg/master.py to master.cpython-310.pyc
[1.027s] byte-compiling /home/sergio/proyecto_final_ws/install/proyecto_master_pkg/lib/python3.10/site-packages/proyecto_master_pkg/__init__.py to __init__.cpython-310.pyc
[1.027s] running install_data
[1.043s] creating /home/sergio/proyecto_final_ws/install/proyecto_master_pkg/share/ament_index
[1.043s] creating /home/sergio/proyecto_final_ws/install/proyecto_master_pkg/share/ament_index/resource_index
[1.043s] creating /home/sergio/proyecto_final_ws/install/proyecto_master_pkg/share/ament_index/resource_index/packages
[1.043s] copying resource/proyecto_master_pkg -> /home/sergio/proyecto_final_ws/install/proyecto_master_pkg/share/ament_index/resource_index/packages
[1.044s] copying package.xml -> /home/sergio/proyecto_final_ws/install/proyecto_master_pkg/share/proyecto_master_pkg
[1.044s] running install_egg_info
[1.060s] Copying ../../build/proyecto_master_pkg/proyecto_master_pkg.egg-info to /home/sergio/proyecto_final_ws/install/proyecto_master_pkg/lib/python3.10/site-packages/proyecto_master_pkg-0.0.0-py3.10.egg-info
[1.061s] running install_scripts
[1.238s] Installing master script to /home/sergio/proyecto_final_ws/install/proyecto_master_pkg/lib/proyecto_master_pkg
[1.238s] writing list of installed files to '/home/sergio/proyecto_final_ws/build/proyecto_master_pkg/install.log'
[1.267s] Invoked command in '/home/sergio/proyecto_final_ws/src/proyecto_master_pkg' returned '0': COMP_WORDBREAKS=
"'><=;|&( PYTHONPATH=/home/sergio/proyecto_final_ws/build/proyecto_master_pkg/prefix_override:/home/sergio/proyecto_final_ws/install/proyecto_master_pkg/lib/python3.10/site-packages:${PYTHONPATH} /usr/bin/python3 setup.py egg_info --egg-base ../../build/proyecto_master_pkg build --build-base /home/sergio/proyecto_final_ws/build/proyecto_master_pkg/build install --record /home/sergio/proyecto_final_ws/build/proyecto_master_pkg/install.log --install-scripts $base/lib/proyecto_master_pkg --single-version-externally-managed
